            --------------------------------------------------------
                             AMBER SQM VERSION 14
 
                                     By
              Ross C. Walker, Michael F. Crowley, Scott Brozell,
                         Tim Giese, Andreas W. Goetz,
                        Tai-Sung Lee and David A. Case
 
            --------------------------------------------------------
 

--------------------------------------------------------------------------------
  QM CALCULATION INFO
--------------------------------------------------------------------------------

| QMMM: Citation for AMBER QMMM Run:
| QMMM: R.C. Walker, M.F. Crowley and D.A. Case, J. COMP. CHEM. 29:1019, 2008

QMMM: SINGLET STATE CALCULATION
QMMM: RHF CALCULATION, NO. OF DOUBLY OCCUPIED LEVELS = 71

| QMMM: *** Selected Hamiltonian *** 
| QMMM: AM1         

| QMMM: *** Parameter sets in use ***
| QMMM: F : M.J.S.DEWAR et al. THEOCHEM, 180, 1, (1988)
| QMMM: C : M.J.S.DEWAR et al. JACS, 107, 3902, (1985)
| QMMM: N : M.J.S.DEWAR et al. JACS, 107, 3902, (1985)
| QMMM: Br: M.J.S.DEWAR et al. THEOCHEM, 180, 1, (1988)
| QMMM: O : M.J.S.DEWAR et al. JACS, 107, 3902, (1985)
| QMMM: H : M.J.S.DEWAR et al. JACS, 107, 3902, (1985)

| QMMM: *** SCF convergence criteria ***
| QMMM: Energy change                :  0.1D-09 kcal/mol
| QMMM: Error matrix |FP-PF|         :  0.1D+00 au
| QMMM: Density matrix change        :  0.5D-06
| QMMM: Maximum number of SCF cycles :     1000

| QMMM: *** Diagonalization Routine Information ***
| QMMM: Pseudo diagonalizations are allowed.
| QMMM: Auto diagonalization routine selection is in use.
| QMMM:
| QMMM: Timing diagonalization routines:
| QMMM:                              norbs =      123
| QMMM:    diag iterations used for timing =       10
| QMMM:
| QMMM:              Internal diag routine = 0.034005 seconds
| QMMM:                 Dspev diag routine = 0.044572 seconds
| QMMM:                Dspevd diag routine = 0.032098 seconds
| QMMM:                Dspevx diag routine = 0.124388 seconds
| QMMM:                 Dsyev diag routine = 0.046530 seconds
| QMMM:                Dsyevd diag routine = 0.044794 seconds
| QMMM:                Dsyevr diag routine = 0.037769 seconds
| QMMM:
| QMMM:                Pseudo diag routine = 0.011204 seconds
| QMMM:
| QMMM: Using dspevd routine (diag_routine=3).

  QMMM: QM Region Cartesian Coordinates (*=link atom) 
  QMMM: QM_NO.   MM_NO.  ATOM         X         Y         Z
  QMMM:     1        1      F       -0.9650   -1.1890    1.1380
  QMMM:     2        2      C        0.0810   -1.7060   -1.6830
  QMMM:     3        3      C        1.0810   -1.2240   -0.8980
  QMMM:     4        4      C        0.3670   -2.6030   -2.6590
  QMMM:     5        5      C        2.3250   -1.7410   -1.0040
  QMMM:     6        6      C        1.6090   -3.0940   -2.7670
  QMMM:     7        7      C        2.5640   -2.6730   -1.9290
  QMMM:     8        8      N        2.0770   -3.9550   -3.5720
  QMMM:     9        9      C        3.3000   -4.0850   -3.2680
  QMMM:    10       10      N        3.5840   -3.3230   -2.2990
  QMMM:    11       11      N       -1.1720   -1.4640   -1.6720
  QMMM:    12       12      C       -2.0780   -0.9890   -0.9120
  QMMM:    13       13      C       -3.2580   -0.7330   -1.5140
  QMMM:    14       14      C       -2.0050   -0.7900    0.4210
  QMMM:    15       15      C       -4.2970   -0.2070   -0.8470
  QMMM:    16       16      C       -3.0460   -0.2740    1.0960
  QMMM:    17       17      C       -4.1850    0.0450    0.4650
  QMMM:    18       18      F       -0.5670   -3.0600   -3.4850
  QMMM:    19       19      Br      -5.6450    0.7710    1.4260
  QMMM:    20       20      C        4.9140   -3.2070   -1.6930
  QMMM:    21       21      C        0.9320   -0.1440   -0.0730
  QMMM:    22       22      N        1.7700   -0.1110    1.0180
  QMMM:    23       23      O        0.0860    0.7090   -0.2210
  QMMM:    24       24      O        1.7420    0.8040    1.9680
  QMMM:    25       25      C        2.5340    1.9230    1.6680
  QMMM:    26       26      C        2.3650    2.9570    2.7660
  QMMM:    27       27      O        3.2000    4.0640    2.4960
  QMMM:    28       28      H        3.1890   -1.3850   -0.4220
  QMMM:    29       29      H        4.0200   -4.7480   -3.7600
  QMMM:    30       30      H       -1.6090   -1.7850   -2.5760
  QMMM:    31       31      H       -3.3950   -0.9180   -2.5950
  QMMM:    32       32      H       -5.2330    0.0110   -1.3890
  QMMM:    33       33      H       -2.9590   -0.1400    2.1880
  QMMM:    34       34      H        5.6450   -3.9080   -2.1560
  QMMM:    35       35      H        5.3080   -2.1730   -1.8210
  QMMM:    36       36      H        4.8670   -3.4410   -0.6050
  QMMM:    37       37      H        2.4100   -0.8840    1.1210
  QMMM:    38       38      H        3.5990    1.6010    1.5970
  QMMM:    39       39      H        2.2180    2.3520    0.6890
  QMMM:    40       40      H        1.3170    3.3300    2.8170
  QMMM:    41       41      H        2.6590    2.5510    3.7600
  QMMM:    42       42      H        3.0470    4.7480    3.1520

--------------------------------------------------------------------------------
  RESULTS
--------------------------------------------------------------------------------

      iter         sqm energy              rms gradient
      ----    -------------------    -----------------------
xmin    10      -42.7881 kcal/mol        2.7958 kcal/(mol*A)
xmin    20      -49.7247 kcal/mol        1.4699 kcal/(mol*A)
xmin    30      -50.9475 kcal/mol        0.5927 kcal/(mol*A)
xmin    40      -51.7803 kcal/mol        0.7949 kcal/(mol*A)
xmin    50      -52.9039 kcal/mol        1.2215 kcal/(mol*A)
xmin    60      -53.4705 kcal/mol        0.8283 kcal/(mol*A)
xmin    70      -53.7874 kcal/mol        0.2589 kcal/(mol*A)
xmin    80      -53.9103 kcal/mol        0.2864 kcal/(mol*A)
xmin    90      -54.0809 kcal/mol        0.1661 kcal/(mol*A)
xmin   100      -54.1503 kcal/mol        0.1095 kcal/(mol*A)
xmin   110      -54.1836 kcal/mol        0.1167 kcal/(mol*A)
xmin   120      -54.2042 kcal/mol        0.1492 kcal/(mol*A)
xmin   130      -54.2160 kcal/mol        0.1647 kcal/(mol*A)
xmin   140      -54.2199 kcal/mol        0.0421 kcal/(mol*A)
xmin   150      -54.2343 kcal/mol        0.1424 kcal/(mol*A)
xmin   160      -54.2472 kcal/mol        0.1998 kcal/(mol*A)
xmin   170      -54.2635 kcal/mol        0.1090 kcal/(mol*A)
xmin   180      -54.3126 kcal/mol        0.5426 kcal/(mol*A)
xmin   190      -54.4386 kcal/mol        0.2596 kcal/(mol*A)
xmin   200      -54.5052 kcal/mol        0.1734 kcal/(mol*A)
xmin   210      -54.5684 kcal/mol        0.5396 kcal/(mol*A)
xmin   220      -56.2952 kcal/mol        0.8800 kcal/(mol*A)
xmin   230      -56.9594 kcal/mol        0.6199 kcal/(mol*A)
xmin   240      -56.8370 kcal/mol        2.1288 kcal/(mol*A)
xmin   250      -57.2415 kcal/mol        0.1427 kcal/(mol*A)
xmin   260      -57.2793 kcal/mol        0.0760 kcal/(mol*A)
xmin   270      -57.2910 kcal/mol        0.0732 kcal/(mol*A)
xmin   280      -57.3248 kcal/mol        0.0508 kcal/(mol*A)
xmin   290      -57.3312 kcal/mol        0.0620 kcal/(mol*A)
xmin   300      -57.3334 kcal/mol        0.0088 kcal/(mol*A)
xmin   310      -57.3335 kcal/mol        0.0059 kcal/(mol*A)
xmin   320      -57.3337 kcal/mol        0.0031 kcal/(mol*A)
xmin   330      -57.3337 kcal/mol        0.0057 kcal/(mol*A)
xmin   340      -57.3337 kcal/mol        0.0008 kcal/(mol*A)
  ... geometry converged !
 
 Final MO eigenvalues (eV):
 -50.0316  -49.7991  -42.2760  -40.8515  -39.9919  -39.0282  -38.0631  -37.4875
 -35.9619  -35.4075  -32.9165  -32.7127  -31.5447  -31.0423  -30.6542  -29.4471
 -28.8107  -27.6580  -25.1302  -24.3185  -23.9945  -23.6513  -22.6826  -22.2292
 -21.8036  -19.7035  -19.3060  -19.0011  -18.7815  -18.4727  -18.1390  -18.1193
 -17.8193  -17.1568  -16.9663  -16.8780  -16.6694  -16.4964  -16.4069  -16.3375
 -15.9790  -15.7048  -15.5294  -15.1717  -15.0796  -14.7982  -14.4888  -14.4274
 -14.2878  -14.2481  -14.0338  -14.0218  -13.8611  -13.8035  -13.2404  -12.6745
 -12.5337  -12.4375  -12.3922  -12.0041  -11.8575  -11.5016  -11.2911  -11.1639
 -11.0343  -10.8727  -10.3447  -10.0302   -9.7348   -9.3749   -8.9334   -0.8508
  -0.5015   -0.2395   -0.0762    0.6360    0.7102    0.9247    1.1073    1.6477
   1.8057    2.0010    2.1895    2.4806    2.7520    2.7733    2.8619    2.8843
   3.0717    3.3151    3.3578    3.3798    3.4452    3.5544    3.5692    3.6138
   3.6466    3.7879    3.8204    3.8467    3.8782    4.0967    4.1109    4.1909
   4.3711    4.4166    4.4435    4.5931    4.6161    4.6538    4.6610    4.6896
   4.9002    5.0279    5.2768    5.5074    5.5885    5.6761    5.8439    5.8898
   6.0154    6.3517    7.1236

 Heat of formation   =        -57.33374834 kcal/mol  (       -2.48617789 eV)

 Total SCF energy    =    -126654.18440675 kcal/mol  (    -5492.13756588 eV)
 Electronic energy   =    -873938.41704546 kcal/mol  (   -37896.81353998 eV)
 Core-core repulsion =     747284.23263871 kcal/mol  (    32404.67597410 eV)
 
    Atomic Charges for Step       1 :
  Atom    Element       Mulliken Charge
     1      F                 -0.111
     2      C                 -0.016
     3      C                 -0.066
     4      C                  0.135
     5      C                 -0.103
     6      C                 -0.093
     7      C                 -0.008
     8      N                 -0.116
     9      C                 -0.024
    10      N                 -0.192
    11      N                 -0.233
    12      C                  0.053
    13      C                 -0.161
    14      C                  0.048
    15      C                 -0.081
    16      C                 -0.107
    17      C                 -0.178
    18      F                 -0.078
    19      Br                 0.064
    20      C                 -0.070
    21      C                  0.313
    22      N                 -0.186
    23      O                 -0.324
    24      O                 -0.157
    25      C                 -0.123
    26      C                 -0.015
    27      O                 -0.327
    28      H                  0.159
    29      H                  0.206
    30      H                  0.215
    31      H                  0.145
    32      H                  0.152
    33      H                  0.162
    34      H                  0.100
    35      H                  0.103
    36      H                  0.089
    37      H                  0.225
    38      H                  0.086
    39      H                  0.104
    40      H                  0.111
    41      H                  0.088
    42      H                  0.212
 Total Mulliken Charge =       0.000
 
                  X        Y        Z     TOTAL  
  QM DIPOLE     4.500   -3.347   -1.155    5.726
 
 Final Structure

  QMMM: QM Region Cartesian Coordinates (*=link atom) 
  QMMM: QM_NO.   MM_NO.  ATOM         X         Y         Z
  QMMM:     1        1      F       -0.4877   -1.5053    1.1147
  QMMM:     2        2      C        0.3083   -1.1739   -1.6648
  QMMM:     3        3      C        1.6013   -0.6910   -1.3208
  QMMM:     4        4      C        0.1751   -2.4696   -2.2310
  QMMM:     5        5      C        2.7545   -1.4446   -1.5131
  QMMM:     6        6      C        1.3262   -3.2641   -2.4093
  QMMM:     7        7      C        2.6230   -2.7293   -2.0430
  QMMM:     8        8      N        1.4805   -4.5658   -2.9276
  QMMM:     9        9      C        2.7989   -4.8089   -2.8783
  QMMM:    10       10      N        3.5501   -3.7314   -2.3585
  QMMM:    11       11      N       -0.8090   -0.3116   -1.4977
  QMMM:    12       12      C       -1.8925   -0.6907   -0.6846
  QMMM:    13       13      C       -3.2162   -0.4212   -1.1066
  QMMM:    14       14      C       -1.7234   -1.2341    0.6221
  QMMM:    15       15      C       -4.3056   -0.6751   -0.2858
  QMMM:    16       16      C       -2.8350   -1.5012    1.4391
  QMMM:    17       17      C       -4.1218   -1.2209    0.9879
  QMMM:    18       18      F       -1.0328   -2.9413   -2.6050
  QMMM:    19       19      Br      -5.5951   -1.5733    2.0848
  QMMM:    20       20      C        4.9559   -3.6945   -2.1386
  QMMM:    21       21      C        1.8186    0.6814   -0.7616
  QMMM:    22       22      N        1.0035    1.0702    0.3235
  QMMM:    23       23      O        2.6681    1.4467   -1.2486
  QMMM:    24       24      O        1.2889    2.1957    0.9509
  QMMM:    25       25      C        2.5091    2.2417    1.7489
  QMMM:    26       26      C        2.4922    3.6204    2.3948
  QMMM:    27       27      O        1.4789    3.7229    3.3728
  QMMM:    28       28      H        3.7414   -1.0232   -1.2683
  QMMM:    29       29      H        3.2825   -5.7379   -3.2073
  QMMM:    30       30      H       -1.0958    0.0918   -2.3704
  QMMM:    31       31      H       -3.3940    0.0040   -2.1078
  QMMM:    32       32      H       -5.3196   -0.4472   -0.6528
  QMMM:    33       33      H       -2.6608   -1.9289    2.4396
  QMMM:    34       34      H        5.4650   -4.3980   -2.8499
  QMMM:    35       35      H        5.3392   -2.6524   -2.3091
  QMMM:    36       36      H        5.1973   -4.0020   -1.0841
  QMMM:    37       37      H        0.6952    0.3243    0.9313
  QMMM:    38       38      H        2.4860    1.4340    2.5236
  QMMM:    39       39      H        3.3965    2.1247    1.0769
  QMMM:    40       40      H        3.4531    3.7861    2.9511
  QMMM:    41       41      H        2.3606    4.4109    1.6089
  QMMM:    42       42      H        0.6355    3.5945    2.9198

           --------- Calculation Completed ----------

