log started: Wed Apr 20 11:07:44 2016

Log file: ./leap.log
>> #
>> # ----- leaprc for loading the general Amber Force field.
>> #       This file is mostly for use with Antechamber
>> #
>> #	load atom type hybridizations
>> #
>> addAtomTypes {
>> 	{ "h1"  "H" "sp3" }
>> 	{ "h2"  "H" "sp3" }
>> 	{ "h3"  "H" "sp3" }
>> 	{ "h4"  "H" "sp3" }
>> 	{ "h5"  "H" "sp3" }
>> 	{ "ha"  "H" "sp3" }
>> 	{ "hc"  "H" "sp3" }
>> 	{ "hn"  "H" "sp3" }
>> 	{ "ho"  "H" "sp3" }
>> 	{ "hp"  "H" "sp3" }
>> 	{ "hs"  "H" "sp3" }
>> 	{ "hw"  "H" "sp3" }
>> 	{ "hx"  "H" "sp3" }
>> 	{ "o"  "O" "sp2" }
>> 	{ "o2"  "O" "sp2" }
>> 	{ "oh"  "O" "sp3" }
>> 	{ "os"  "O" "sp3" }
>> 	{ "ow"  "O" "sp3" }
>> 	{ "c"  "C" "sp2" }
>> 	{ "c1"  "C" "sp2" }
>> 	{ "c2"  "C" "sp2" }
>> 	{ "c3"  "C" "sp3" }
>> 	{ "ca"  "C" "sp2" }
>> 	{ "cc"  "C" "sp2" }
>> 	{ "cd"  "C" "sp2" }
>> 	{ "ce"  "C" "sp2" }
>> 	{ "cf"  "C" "sp2" }
>> 	{ "cg"  "C" "sp2" }
>> 	{ "ch"  "C" "sp2" }
>> 	{ "cp"  "C" "sp2" }
>> 	{ "cq"  "C" "sp2" }
>> 	{ "cu"  "C" "sp2" }
>> 	{ "cv"  "C" "sp2" }
>> 	{ "cx"  "C" "sp2" }
>> 	{ "cy"  "C" "sp2" }
>> 	{ "cz"  "C" "sp2" }
>> 	{ "n"   "N" "sp2" }
>> 	{ "n1"  "N" "sp2" }
>> 	{ "n2"  "N" "sp2" }
>> 	{ "n3"  "N" "sp3" }
>> 	{ "n4"  "N" "sp3" }
>> 	{ "na"  "N" "sp2" }
>> 	{ "nb"  "N" "sp2" }
>> 	{ "nc"  "N" "sp2" }
>> 	{ "nd"  "N" "sp2" }
>> 	{ "ne"  "N" "sp2" }
>> 	{ "nf"  "N" "sp2" }
>> 	{ "nh"  "N" "sp2" }
>> 	{ "no"  "N" "sp2" }
>> 	{ "s"   "S" "sp2" }
>> 	{ "s2"   "S" "sp2" }
>> 	{ "s3"   "S" "sp3" }
>> 	{ "s4"   "S" "sp3" }
>> 	{ "s6"   "S" "sp3" }
>> 	{ "sh"   "S" "sp3" }
>> 	{ "ss"   "S" "sp3" }
>> 	{ "sx"   "S" "sp3" }
>> 	{ "sy"   "S" "sp3" }
>> 	{ "p2"   "P" "sp2" }
>> 	{ "p3"   "P" "sp3" }
>> 	{ "p4"   "P" "sp3" }
>> 	{ "p5"   "P" "sp3" }
>> 	{ "pb"   "P" "sp3" }
>> 	{ "pc"   "P" "sp3" }
>> 	{ "pd"   "P" "sp3" }
>> 	{ "pe"   "P" "sp3" }
>> 	{ "pf"   "P" "sp3" }
>> 	{ "px"   "P" "sp3" }
>> 	{ "py"   "P" "sp3" }
>> 	{ "f"   "F" "sp3" }
>> 	{ "cl"  "Cl" "sp3" }
>> 	{ "br"  "Br" "sp3" }
>> 	{ "i"   "I"  "sp3" }
>> }
>> #
>> #	Load the general force field parameter set.
>> #
>> gaff = loadamberparams gaff.dat
Loading parameters: /Users/rossg/miniconda2/bin/../dat/leap/parm/gaff.dat
Reading title:
AMBER General Force Field for organic molecules (Version 1.7, Nov 2013)
> 
> 10V = loadmol2 ../../ParamFiles/10V.mol2
Loading Mol2 file: ../../ParamFiles/10V.mol2
Reading MOLECULE named 10V
> DYE = loadmol2 ../../ParamFiles/IR783.mol2
Loading Mol2 file: ../../ParamFiles/IR783.mol2
Reading MOLECULE named DYE
> loadamberparams ../../ParamFiles/10V.frcmod
Loading parameters: ../../ParamFiles/10V.frcmod
Reading force field modification type file (frcmod)
Reading title:
remark goes here
> loadamberparams ../../ParamFiles/IR783.frcmod 
Loading parameters: ../../ParamFiles/IR783.frcmod
Reading force field modification type file (frcmod)
Reading title:
remark goes here
> box = loadpdb system.pdb
Loading PDB file: ./system.pdb
Enter zPdbReadScan from call depth  0.
 (starting new molecule for chain B)
Exit  zPdbReadScan from call depth  0.
Matching PDB residue names to LEaP variables.
(Residue 0: 10V, Terminal/beginning, was not found in name map.)
(Residue 1: 10V, Nonterminal, was not found in name map.)
(Residue 2: 10V, Nonterminal, was not found in name map.)
(Residue 3: 10V, Nonterminal, was not found in name map.)
(Residue 4: 10V, Nonterminal, was not found in name map.)
(Residue 5: 10V, Nonterminal, was not found in name map.)
(Residue 6: 10V, Nonterminal, was not found in name map.)
(Residue 7: 10V, Nonterminal, was not found in name map.)
(Residue 8: 10V, Nonterminal, was not found in name map.)
(Residue 9: 10V, Nonterminal, was not found in name map.)
(Residue 10: 10V, Nonterminal, was not found in name map.)
(Residue 11: 10V, Nonterminal, was not found in name map.)
(Residue 12: 10V, Nonterminal, was not found in name map.)
(Residue 13: 10V, Nonterminal, was not found in name map.)
(Residue 14: 10V, Nonterminal, was not found in name map.)
(Residue 15: 10V, Nonterminal, was not found in name map.)
(Residue 16: 10V, Nonterminal, was not found in name map.)
(Residue 17: 10V, Nonterminal, was not found in name map.)
(Residue 18: 10V, Nonterminal, was not found in name map.)
(Residue 19: 10V, Nonterminal, was not found in name map.)
(Residue 20: 10V, Nonterminal, was not found in name map.)
(Residue 21: 10V, Nonterminal, was not found in name map.)
(Residue 22: 10V, Nonterminal, was not found in name map.)
(Residue 23: 10V, Nonterminal, was not found in name map.)
(Residue 24: 10V, Nonterminal, was not found in name map.)
(Residue 25: 10V, Nonterminal, was not found in name map.)
(Residue 26: 10V, Nonterminal, was not found in name map.)
(Residue 27: 10V, Nonterminal, was not found in name map.)
(Residue 28: 10V, Nonterminal, was not found in name map.)
(Residue 29: 10V, Nonterminal, was not found in name map.)
(Residue 30: 10V, Nonterminal, was not found in name map.)
(Residue 31: 10V, Nonterminal, was not found in name map.)
(Residue 32: 10V, Nonterminal, was not found in name map.)
(Residue 33: 10V, Nonterminal, was not found in name map.)
(Residue 34: 10V, Nonterminal, was not found in name map.)
(Residue 35: 10V, Nonterminal, was not found in name map.)
(Residue 36: 10V, Nonterminal, was not found in name map.)
(Residue 37: 10V, Nonterminal, was not found in name map.)
(Residue 38: 10V, Nonterminal, was not found in name map.)
(Residue 39: 10V, Nonterminal, was not found in name map.)
(Residue 40: 10V, Nonterminal, was not found in name map.)
(Residue 41: 10V, Nonterminal, was not found in name map.)
(Residue 42: 10V, Nonterminal, was not found in name map.)
(Residue 43: 10V, Nonterminal, was not found in name map.)
(Residue 44: 10V, Nonterminal, was not found in name map.)
(Residue 45: 10V, Nonterminal, was not found in name map.)
(Residue 46: 10V, Nonterminal, was not found in name map.)
(Residue 47: 10V, Nonterminal, was not found in name map.)
(Residue 48: 10V, Nonterminal, was not found in name map.)
(Residue 49: 10V, Terminal/last, was not found in name map.)
(Residue 50: DYE, Terminal/beginning, was not found in name map.)
(Residue 51: DYE, Nonterminal, was not found in name map.)
(Residue 52: DYE, Nonterminal, was not found in name map.)
(Residue 53: DYE, Nonterminal, was not found in name map.)
(Residue 54: DYE, Nonterminal, was not found in name map.)
(Residue 55: DYE, Nonterminal, was not found in name map.)
(Residue 56: DYE, Nonterminal, was not found in name map.)
(Residue 57: DYE, Nonterminal, was not found in name map.)
(Residue 58: DYE, Nonterminal, was not found in name map.)
(Residue 59: DYE, Terminal/last, was not found in name map.)
Starting new chain with 10V
Starting new chain with 10V
Starting new chain with 10V
Starting new chain with 10V
Starting new chain with 10V
Starting new chain with 10V
Starting new chain with 10V
Starting new chain with 10V
Starting new chain with 10V
Starting new chain with 10V
Starting new chain with 10V
Starting new chain with 10V
Starting new chain with 10V
Starting new chain with 10V
Starting new chain with 10V
Starting new chain with 10V
Starting new chain with 10V
Starting new chain with 10V
Starting new chain with 10V
Starting new chain with 10V
Starting new chain with 10V
Starting new chain with 10V
Starting new chain with 10V
Starting new chain with 10V
Starting new chain with 10V
Starting new chain with 10V
Starting new chain with 10V
Starting new chain with 10V
Starting new chain with 10V
Starting new chain with 10V
Starting new chain with 10V
Starting new chain with 10V
Starting new chain with 10V
Starting new chain with 10V
Starting new chain with 10V
Starting new chain with 10V
Starting new chain with 10V
Starting new chain with 10V
Starting new chain with 10V
Starting new chain with 10V
Starting new chain with 10V
Starting new chain with 10V
Starting new chain with 10V
Starting new chain with 10V
Starting new chain with 10V
Starting new chain with 10V
Starting new chain with 10V
Starting new chain with 10V
Starting new chain with 10V
Starting new chain with DYE
Starting new chain with DYE
Starting new chain with DYE
Starting new chain with DYE
Starting new chain with DYE
Starting new chain with DYE
Starting new chain with DYE
Starting new chain with DYE
Starting new chain with DYE
  total atoms in file: 5300
> setbox box centers
Box dimensions:  155.239000 151.874000 152.916000
> # GB radii that are recommended for OBC
> set default PBRadii mbondi2
Using H(N)-modified Bondi radii
> #igb=5
> saveAmberParm box out.prmtop out.inpcrd
Checking Unit.
ERROR: The unperturbed charge of the unit: -10.030010 is not integral.
WARNING: The unperturbed charge of the unit: -10.030010 is not zero.

 -- ignoring the error and warning.

Building topology.
Building atom parameters.
Building bond parameters.
Building angle parameters.
Building proper torsion parameters.
Building improper torsion parameters.
 total 1130 improper torsions applied
Building H-Bond parameters.
Incorporating Non-Bonded adjustments.
Not Marking per-residue atom chain types.
Marking per-residue atom chain types.
  (Residues lacking connect0/connect1 - 
   these don't have chain types marked:

	res	total affected

	10V	50
	DYE	10
  )
 (no restraints)
> quit
	Quit
