            --------------------------------------------------------
                             AMBER SQM VERSION 14
 
                                     By
              Ross C. Walker, Michael F. Crowley, Scott Brozell,
                         Tim Giese, Andreas W. Goetz,
                        Tai-Sung Lee and David A. Case
 
            --------------------------------------------------------
 

--------------------------------------------------------------------------------
  QM CALCULATION INFO
--------------------------------------------------------------------------------

| QMMM: Citation for AMBER QMMM Run:
| QMMM: R.C. Walker, M.F. Crowley and D.A. Case, J. COMP. CHEM. 29:1019, 2008

QMMM: SINGLET STATE CALCULATION
QMMM: RHF CALCULATION, NO. OF DOUBLY OCCUPIED LEVELS = 95

| QMMM: *** Selected Hamiltonian *** 
| QMMM: AM1         

| QMMM: *** Parameter sets in use ***
| QMMM: I : M.J.S.DEWAR et al. THEOCHEM, 180, 1, (1988)
| QMMM: F : M.J.S.DEWAR et al. THEOCHEM, 180, 1, (1988)
| QMMM: O : M.J.S.DEWAR et al. JACS, 107, 3902, (1985)
| QMMM: N : M.J.S.DEWAR et al. JACS, 107, 3902, (1985)
| QMMM: C : M.J.S.DEWAR et al. JACS, 107, 3902, (1985)
| QMMM: H : M.J.S.DEWAR et al. JACS, 107, 3902, (1985)

| QMMM: *** SCF convergence criteria ***
| QMMM: Energy change                :  0.1D-09 kcal/mol
| QMMM: Error matrix |FP-PF|         :  0.1D+00 au
| QMMM: Density matrix change        :  0.5D-06
| QMMM: Maximum number of SCF cycles :     1000

| QMMM: *** Diagonalization Routine Information ***
| QMMM: Pseudo diagonalizations are allowed.
| QMMM: Auto diagonalization routine selection is in use.
| QMMM:
| QMMM: Timing diagonalization routines:
| QMMM:                              norbs =      171
| QMMM:    diag iterations used for timing =        5
| QMMM:
| QMMM:              Internal diag routine = 0.041588 seconds
| QMMM:                 Dspev diag routine = 0.052208 seconds
| QMMM:                Dspevd diag routine = 0.036869 seconds
| QMMM:                Dspevx diag routine = 0.141475 seconds
| QMMM:                 Dsyev diag routine = 0.056558 seconds
| QMMM:                Dsyevd diag routine = 0.042170 seconds
| QMMM:                Dsyevr diag routine = 0.041725 seconds
| QMMM:
| QMMM:                Pseudo diag routine = 0.020609 seconds
| QMMM:
| QMMM: Using dspevd routine (diag_routine=3).

  QMMM: QM Region Cartesian Coordinates (*=link atom) 
  QMMM: QM_NO.   MM_NO.  ATOM         X         Y         Z
  QMMM:     1        1      I        1.9170   -6.6890    6.2870
  QMMM:     2        2      F       -0.6110   -2.1450    5.0640
  QMMM:     3        3      O       -0.8060    0.2990    3.1320
  QMMM:     4        4      O        0.5780    3.5550    0.4790
  QMMM:     5        5      O        1.1790   -2.8360   -1.7430
  QMMM:     6        6      O       -0.2650    4.7770   -6.0150
  QMMM:     7        7      N        0.3370    1.4610   -0.3540
  QMMM:     8        8      N        0.2560    1.8550    1.9260
  QMMM:     9        9      N        0.4240   -2.5020    0.3420
  QMMM:    10       10      N        0.1550   -2.0910    2.5990
  QMMM:    11       11      N        0.7670    4.2520   -4.0560
  QMMM:    12       12      C        0.4390    0.1270   -0.1020
  QMMM:    13       13      C        0.1260   -0.3420    1.1320
  QMMM:    14       14      C       -0.2150    0.5630    2.1060
  QMMM:    15       15      C        0.4410    2.3700    0.6630
  QMMM:    16       16      C        0.2330   -1.6720    1.3980
  QMMM:    17       17      C        0.8910   -0.7100   -1.0650
  QMMM:    18       18      C        0.4180    2.7230    3.0820
  QMMM:    19       19      C        0.8650   -2.0560   -0.8720
  QMMM:    20       20      C       -0.1350    1.9150   -1.5440
  QMMM:    21       21      C        1.3390    2.1530    4.1300
  QMMM:    22       22      C        1.8190    3.2590    3.2260
  QMMM:    23       23      C        0.4960    2.8560   -2.2730
  QMMM:    24       24      C       -1.2900    1.4170   -2.0230
  QMMM:    25       25      C        0.5520   -3.0910    3.2850
  QMMM:    26       26      C        1.4460   -0.2510   -2.4050
  QMMM:    27       27      C       -0.1010   -3.8790    0.3520
  QMMM:    28       28      C        0.0160    3.3090   -3.4470
  QMMM:    29       29      C        0.1710   -3.1020    4.5810
  QMMM:    30       30      C       -1.7850    1.8500   -3.1910
  QMMM:    31       31      C        1.3710   -4.0760    2.8740
  QMMM:    32       32      C       -1.1380    2.7890   -3.8970
  QMMM:    33       33      C        0.5370   -4.0980    5.4040
  QMMM:    34       34      C        1.7440   -5.0740    3.6900
  QMMM:    35       35      C        1.3170   -5.0940    4.9600
  QMMM:    36       36      C        0.6360    4.9320   -5.2310
  QMMM:    37       37      C        1.7530    5.9290   -5.4840
  QMMM:    38       38      H       -0.2140   -1.4020    3.2940
  QMMM:    39       39      H        1.5760    4.4630   -3.4890
  QMMM:    40       40      H       -0.4950    3.2800    3.2800
  QMMM:    41       41      H        1.1180    2.4050    5.1660
  QMMM:    42       42      H        1.7750    1.1660    3.9810
  QMMM:    43       43      H        2.5680    3.0000    2.4800
  QMMM:    44       44      H        1.9220    4.2550    3.6550
  QMMM:    45       45      H        1.4560    3.2600   -1.9070
  QMMM:    46       46      H       -1.8490    0.6510   -1.4590
  QMMM:    47       47      H        0.6700   -0.2940   -3.2020
  QMMM:    48       48      H        1.9000    0.7600   -2.3640
  QMMM:    49       49      H        2.3110   -0.8690   -2.7350
  QMMM:    50       50      H       -0.8660   -3.9840   -0.4530
  QMMM:    51       51      H        0.6840   -4.6410    0.1480
  QMMM:    52       52      H       -0.6620   -4.1410    1.2740
  QMMM:    53       53      H       -2.7340    1.4330   -3.5690
  QMMM:    54       54      H        1.8170   -4.0680    1.8700
  QMMM:    55       55      H       -1.5970    3.1040   -4.8450
  QMMM:    56       56      H        0.1900   -4.0890    6.4500
  QMMM:    57       57      H        2.4230   -5.8590    3.3160
  QMMM:    58       58      H        1.7800    6.6890   -4.6690
  QMMM:    59       59      H        2.7340    5.4040   -5.5210
  QMMM:    60       60      H        1.6090    6.4630   -6.4500

--------------------------------------------------------------------------------
  RESULTS
--------------------------------------------------------------------------------

      iter         sqm energy              rms gradient
      ----    -------------------    -----------------------
xmin    10      -10.7942 kcal/mol        1.4089 kcal/(mol*A)
xmin    20      -12.7989 kcal/mol        1.2132 kcal/(mol*A)
xmin    30      -13.5824 kcal/mol        1.5386 kcal/(mol*A)
xmin    40      -14.0845 kcal/mol        0.2422 kcal/(mol*A)
xmin    50      -14.1395 kcal/mol        0.1397 kcal/(mol*A)
xmin    60      -14.1914 kcal/mol        0.2173 kcal/(mol*A)
xmin    70      -14.2318 kcal/mol        0.1022 kcal/(mol*A)
xmin    80      -14.2687 kcal/mol        0.1945 kcal/(mol*A)
xmin    90      -14.2739 kcal/mol        0.0666 kcal/(mol*A)
xmin   100      -14.2789 kcal/mol        0.0476 kcal/(mol*A)
xmin   110      -14.2831 kcal/mol        0.0466 kcal/(mol*A)
xmin   120      -14.2847 kcal/mol        0.0262 kcal/(mol*A)
xmin   130      -14.2856 kcal/mol        0.0304 kcal/(mol*A)
xmin   140      -14.2861 kcal/mol        0.0133 kcal/(mol*A)
xmin   150      -14.2866 kcal/mol        0.0096 kcal/(mol*A)
xmin   160      -14.2871 kcal/mol        0.0064 kcal/(mol*A)
xmin   170      -14.2872 kcal/mol        0.0032 kcal/(mol*A)
xmin   180      -14.2873 kcal/mol        0.0056 kcal/(mol*A)
xmin   190      -14.2873 kcal/mol        0.0053 kcal/(mol*A)
xmin   200      -14.2874 kcal/mol        0.0011 kcal/(mol*A)
xmin   210      -14.2874 kcal/mol        0.0021 kcal/(mol*A)
  ... geometry converged !
 
 Final MO eigenvalues (eV):
 -50.0267  -42.4876  -41.3026  -40.6405  -40.2690  -39.7026  -38.8740  -38.3578
 -37.9837  -37.3758  -35.9451  -35.5400  -34.6497  -34.2273  -33.1553  -32.0017
 -31.7769  -31.7059  -30.7004  -29.2704  -28.6898  -28.3849  -27.0217  -25.8889
 -25.0168  -24.4098  -24.2719  -23.5730  -23.4689  -23.1668  -23.0315  -22.4770
 -21.1790  -20.3104  -19.8342  -19.5781  -19.0947  -18.7844  -18.4156  -18.1696
 -18.0371  -17.8501  -17.5359  -17.3083  -17.1588  -17.0306  -16.8943  -16.7506
 -16.5258  -16.3044  -16.1852  -16.0481  -15.8867  -15.7665  -15.5216  -15.4251
 -15.2529  -15.0099  -14.8439  -14.7269  -14.5871  -14.5582  -14.3298  -14.2709
 -14.1080  -13.9536  -13.8308  -13.7139  -13.4858  -13.4303  -13.3086  -13.1895
 -13.0405  -12.8756  -12.7290  -12.5796  -12.5160  -12.4528  -12.2954  -11.9312
 -11.8279  -11.7458  -11.5541  -11.5018  -11.3636  -11.1971  -11.1328  -11.0042
 -10.5087  -10.4733  -10.3266   -9.7216   -9.4705   -8.9983   -8.8744   -1.0681
  -0.5057   -0.4177   -0.3567   -0.0266    0.0204    0.1263    0.3035    0.6691
   0.7326    1.2228    1.2710    1.3831    1.5804    1.6485    1.8291    2.0204
   2.4544    2.5615    2.6625    2.7718    2.9808    3.0421    3.2407    3.2686
   3.3749    3.4125    3.5045    3.5763    3.6199    3.6477    3.6829    3.7513
   3.7871    3.8134    3.8216    3.8288    3.8452    3.9031    3.9626    4.0286
   4.1546    4.1792    4.2513    4.2926    4.3100    4.3409    4.3646    4.3796
   4.4515    4.4748    4.5375    4.5826    4.5983    4.7278    4.7657    4.8267
   4.8935    4.9301    4.9701    4.9788    5.0343    5.0701    5.1439    5.2297
   5.2749    5.3979    5.4260    5.5622    5.8227    5.9113    5.9881    6.0849
   6.4422    6.6127    6.7649

 Heat of formation   =        -14.28739567 kcal/mol  (       -0.61954797 eV)

 Total SCF energy    =    -156605.62347670 kcal/mol  (    -6790.92942529 eV)
 Electronic energy   =   -1344655.91734522 kcal/mol  (   -58308.65605764 eV)
 Core-core repulsion =    1188050.29386852 kcal/mol  (    51517.72663235 eV)
 
    Atomic Charges for Step       1 :
  Atom    Element       Mulliken Charge
     1      I                  0.165
     2      F                 -0.093
     3      O                 -0.364
     4      O                 -0.336
     5      O                 -0.342
     6      O                 -0.348
     7      N                 -0.238
     8      N                 -0.294
     9      N                 -0.244
    10      N                 -0.274
    11      N                 -0.329
    12      C                  0.182
    13      C                 -0.321
    14      C                  0.388
    15      C                  0.417
    16      C                  0.283
    17      C                 -0.219
    18      C                 -0.034
    19      C                  0.347
    20      C                  0.077
    21      C                 -0.183
    22      C                 -0.214
    23      C                 -0.167
    24      C                 -0.166
    25      C                  0.044
    26      C                 -0.166
    27      C                 -0.104
    28      C                  0.089
    29      C                  0.062
    30      C                 -0.098
    31      C                 -0.161
    32      C                 -0.154
    33      C                 -0.107
    34      C                 -0.081
    35      C                 -0.266
    36      C                  0.311
    37      C                 -0.247
    38      H                  0.277
    39      H                  0.233
    40      H                  0.140
    41      H                  0.119
    42      H                  0.132
    43      H                  0.118
    44      H                  0.120
    45      H                  0.159
    46      H                  0.143
    47      H                  0.093
    48      H                  0.089
    49      H                  0.109
    50      H                  0.135
    51      H                  0.094
    52      H                  0.102
    53      H                  0.141
    54      H                  0.152
    55      H                  0.179
    56      H                  0.166
    57      H                  0.155
    58      H                  0.104
    59      H                  0.103
    60      H                  0.122
 Total Mulliken Charge =      -0.000
 
                  X        Y        Z     TOTAL  
  QM DIPOLE     2.410    0.585    1.741    3.030
 
 Final Structure

  QMMM: QM Region Cartesian Coordinates (*=link atom) 
  QMMM: QM_NO.   MM_NO.  ATOM         X         Y         Z
  QMMM:     1        1      I        2.7565   -6.3454    6.1289
  QMMM:     2        2      F       -1.5981   -3.4979    4.9368
  QMMM:     3        3      O       -0.3896    0.3294    3.3855
  QMMM:     4        4      O        1.0318    3.4838    0.4001
  QMMM:     5        5      O        0.8384   -3.2297   -1.7227
  QMMM:     6        6      O       -0.2536    4.8166   -6.1124
  QMMM:     7        7      N        0.4354    1.4006   -0.4352
  QMMM:     8        8      N        0.5616    1.8403    1.9603
  QMMM:     9        9      N        0.0889   -2.7401    0.3805
  QMMM:    10       10      N       -0.5033   -2.2860    2.6634
  QMMM:    11       11      N        0.9180    4.5222   -4.1351
  QMMM:    12       12      C        0.3920    0.0150   -0.1926
  QMMM:    13       13      C        0.1027   -0.4372    1.1560
  QMMM:    14       14      C        0.0533    0.5580    2.2421
  QMMM:    15       15      C        0.6920    2.3070    0.6305
  QMMM:    16       16      C       -0.0739   -1.8145    1.4050
  QMMM:    17       17      C        0.6826   -0.9071   -1.1764
  QMMM:    18       18      C        0.8013    2.8065    2.9966
  QMMM:    19       19      C        0.5637   -2.3348   -0.9015
  QMMM:    20       20      C       -0.0623    1.9424   -1.6597
  QMMM:    21       21      C        1.1698    2.4295    4.4155
  QMMM:    22       22      C        2.1987    3.0683    3.5351
  QMMM:    23       23      C        0.6625    2.9416   -2.3292
  QMMM:    24       24      C       -1.2923    1.4957   -2.1865
  QMMM:    25       25      C        0.2670   -3.1803    3.4296
  QMMM:    26       26      C        1.1103   -0.5617   -2.5504
  QMMM:    27       27      C       -0.2486   -4.1349    0.5686
  QMMM:    28       28      C        0.1615    3.5092   -3.5260
  QMMM:    29       29      C       -0.3265   -3.7952    4.5756
  QMMM:    30       30      C       -1.7658    2.0479   -3.3707
  QMMM:    31       31      C        1.6053   -3.5053    3.1304
  QMMM:    32       32      C       -1.0645    3.0434   -4.0437
  QMMM:    33       33      C        0.4064   -4.7075    5.3515
  QMMM:    34       34      C        2.3127   -4.4179    3.9062
  QMMM:    35       35      C        1.7185   -5.0224    5.0127
  QMMM:    36       36      C        0.6914    5.1271   -5.3660
  QMMM:    37       37      C        1.6764    6.2044   -5.7611
  QMMM:    38       38      H       -1.0245   -1.6184    3.2099
  QMMM:    39       39      H        1.7083    4.8367   -3.6161
  QMMM:    40       40      H        0.1424    3.6949    2.8501
  QMMM:    41       41      H        0.7027    3.0152    5.2278
  QMMM:    42       42      H        1.2790    1.3644    4.6899
  QMMM:    43       43      H        3.0469    2.4590    3.1771
  QMMM:    44       44      H        2.4902    4.1201    3.7039
  QMMM:    45       45      H        1.6103    3.3031   -1.8953
  QMMM:    46       46      H       -1.8707    0.7122   -1.6749
  QMMM:    47       47      H        0.2233   -0.2768   -3.1732
  QMMM:    48       48      H        1.8254    0.2983   -2.5422
  QMMM:    49       49      H        1.6129   -1.4357   -3.0374
  QMMM:    50       50      H       -0.2620   -4.6541   -0.4288
  QMMM:    51       51      H        0.5156   -4.6341    1.2231
  QMMM:    52       52      H       -1.2633   -4.2303    1.0388
  QMMM:    53       53      H       -2.7236    1.6947   -3.7847
  QMMM:    54       54      H        2.1122   -3.0282    2.2760
  QMMM:    55       55      H       -1.4781    3.4588   -4.9778
  QMMM:    56       56      H       -0.0849   -5.1623    6.2273
  QMMM:    57       57      H        3.3558   -4.6498    3.6349
  QMMM:    58       58      H        1.6630    7.0396   -5.0201
  QMMM:    59       59      H        2.7102    5.7877   -5.8263
  QMMM:    60       60      H        1.3821    6.6030   -6.7628

           --------- Calculation Completed ----------

