            --------------------------------------------------------
                             AMBER SQM VERSION 14
 
                                     By
              Ross C. Walker, Michael F. Crowley, Scott Brozell,
                         Tim Giese, Andreas W. Goetz,
                        Tai-Sung Lee and David A. Case
 
            --------------------------------------------------------
 

--------------------------------------------------------------------------------
  QM CALCULATION INFO
--------------------------------------------------------------------------------

| QMMM: Citation for AMBER QMMM Run:
| QMMM: R.C. Walker, M.F. Crowley and D.A. Case, J. COMP. CHEM. 29:1019, 2008

QMMM: SINGLET STATE CALCULATION
QMMM: RHF CALCULATION, NO. OF DOUBLY OCCUPIED LEVELS = 79

| QMMM: *** Selected Hamiltonian *** 
| QMMM: AM1         

| QMMM: *** Parameter sets in use ***
| QMMM: C : M.J.S.DEWAR et al. JACS, 107, 3902, (1985)
| QMMM: N : M.J.S.DEWAR et al. JACS, 107, 3902, (1985)
| QMMM: O : M.J.S.DEWAR et al. JACS, 107, 3902, (1985)
| QMMM: Cl: M.J.S.DEWAR et al. THEOCHEM, 180, 1, (1988)
| QMMM: F : M.J.S.DEWAR et al. THEOCHEM, 180, 1, (1988)
| QMMM: H : M.J.S.DEWAR et al. JACS, 107, 3902, (1985)

| QMMM: *** SCF convergence criteria ***
| QMMM: Energy change                :  0.1D-09 kcal/mol
| QMMM: Error matrix |FP-PF|         :  0.1D+00 au
| QMMM: Density matrix change        :  0.5D-06
| QMMM: Maximum number of SCF cycles :     1000

| QMMM: *** Diagonalization Routine Information ***
| QMMM: Pseudo diagonalizations are allowed.
| QMMM: Auto diagonalization routine selection is in use.
| QMMM:
| QMMM: Timing diagonalization routines:
| QMMM:                              norbs =      142
| QMMM:    diag iterations used for timing =       10
| QMMM:
| QMMM:              Internal diag routine = 0.049156 seconds
| QMMM:                 Dspev diag routine = 0.063298 seconds
| QMMM:                Dspevd diag routine = 0.044197 seconds
| QMMM:                Dspevx diag routine = 0.174616 seconds
| QMMM:                 Dsyev diag routine = 0.067988 seconds
| QMMM:                Dsyevd diag routine = 0.050950 seconds
| QMMM:                Dsyevr diag routine = 0.052879 seconds
| QMMM:
| QMMM:                Pseudo diag routine = 0.022852 seconds
| QMMM:
| QMMM: Using dspevd routine (diag_routine=3).

  QMMM: QM Region Cartesian Coordinates (*=link atom) 
  QMMM: QM_NO.   MM_NO.  ATOM         X         Y         Z
  QMMM:     1        1      C       -1.7090   -2.7420   -2.3370
  QMMM:     2        2      C       -1.1190   -1.9340   -1.4390
  QMMM:     3        3      C       -1.9470   -1.4370   -0.5040
  QMMM:     4        4      C       -3.2730   -1.6710   -0.5240
  QMMM:     5        5      C       -3.7100   -2.5350   -1.4650
  QMMM:     6        6      N       -2.9390   -3.0360   -2.3370
  QMMM:     7        7      N       -4.9430   -2.8330   -1.4600
  QMMM:     8        8      O       -4.0900   -1.1790    0.4640
  QMMM:     9        9      C       -4.4870    0.1710    0.3150
  QMMM:    10       10      C       -3.3030    1.1420    0.4640
  QMMM:    11       11      C        0.1950   -1.6420   -1.4630
  QMMM:    12       12      C       -2.8650    1.4550    1.7080
  QMMM:    13       13      C       -1.8260    2.2830    1.9100
  QMMM:    14       14      C       -1.1820    2.8220    0.8690
  QMMM:    15       15      C       -1.5770    2.5230   -0.3740
  QMMM:    16       16      C       -2.6240    1.6950   -0.5710
  QMMM:    17       17      Cl      -2.9920    1.3590   -2.2310
  QMMM:    18       18      Cl      -3.5790    0.8100    3.1530
  QMMM:    19       19      F       -0.9130    3.0640   -1.3870
  QMMM:    20       20      C        1.1480   -2.0730   -2.3080
  QMMM:    21       21      N        2.2790   -1.5780   -2.0280
  QMMM:    22       22      N        2.0900   -0.8480   -1.0500
  QMMM:    23       23      C        0.8850   -0.8280   -0.6470
  QMMM:    24       24      C        3.0950   -0.0280   -0.3340
  QMMM:    25       25      C        3.5750   -0.7380    0.9420
  QMMM:    26       26      C        4.6280    0.1080    1.6720
  QMMM:    27       27      N        5.7510    0.4380    0.7950
  QMMM:    28       28      C        5.3390    1.1320   -0.4240
  QMMM:    29       29      C        4.3110    0.3080   -1.2120
  QMMM:    30       30      C       -5.4890    0.3340   -0.8340
  QMMM:    31       31      H       -1.1390   -3.2230   -3.1480
  QMMM:    32       32      H       -1.5570   -0.8110    0.3130
  QMMM:    33       33      H       -5.5820   -2.4210   -0.7380
  QMMM:    34       34      H       -5.3280   -3.4980   -2.1750
  QMMM:    35       35      H       -5.1600    0.3680    1.1880
  QMMM:    36       36      H       -1.4760    2.5290    2.9270
  QMMM:    37       37      H       -0.3270    3.4980    1.0340
  QMMM:    38       38      H        1.0360   -2.7640   -3.1530
  QMMM:    39       39      H        0.5570   -0.2280    0.2080
  QMMM:    40       40      H        2.6130    0.9410   -0.0510
  QMMM:    41       41      H        2.7150   -0.9350    1.6240
  QMMM:    42       42      H        4.0160   -1.7260    0.6700
  QMMM:    43       43      H        5.0140   -0.4460    2.5610
  QMMM:    44       44      H        4.1660    1.0500    2.0500
  QMMM:    45       45      H        6.4270    1.0460    1.3210
  QMMM:    46       46      H        6.2390    1.3240   -1.0530
  QMMM:    47       47      H        4.9100    2.1270   -0.1570
  QMMM:    48       48      H        4.7980   -0.6340   -1.5600
  QMMM:    49       49      H        3.9850    0.8720   -2.1180
  QMMM:    50       50      H       -5.7810    1.4010   -0.9650
  QMMM:    51       51      H       -6.4270   -0.2330   -0.6270
  QMMM:    52       52      H       -5.1340   -0.0640   -1.8070

--------------------------------------------------------------------------------
  RESULTS
--------------------------------------------------------------------------------

      iter         sqm energy              rms gradient
      ----    -------------------    -----------------------
xmin    10       43.1543 kcal/mol        0.4547 kcal/(mol*A)
xmin    20       42.2863 kcal/mol        0.5818 kcal/(mol*A)
xmin    30       42.0026 kcal/mol        0.5121 kcal/(mol*A)
xmin    40       41.9270 kcal/mol        0.2340 kcal/(mol*A)
xmin    50       41.8715 kcal/mol        0.1841 kcal/(mol*A)
xmin    60       41.8351 kcal/mol        0.0615 kcal/(mol*A)
xmin    70       41.8297 kcal/mol        0.0351 kcal/(mol*A)
xmin    80       41.8276 kcal/mol        0.0493 kcal/(mol*A)
xmin    90       41.8264 kcal/mol        0.0736 kcal/(mol*A)
xmin   100       41.8247 kcal/mol        0.0971 kcal/(mol*A)
xmin   110       41.8236 kcal/mol        0.0109 kcal/(mol*A)
xmin   120       41.8232 kcal/mol        0.0256 kcal/(mol*A)
xmin   130       41.8229 kcal/mol        0.0063 kcal/(mol*A)
xmin   140       41.8221 kcal/mol        0.0288 kcal/(mol*A)
xmin   150       41.8216 kcal/mol        0.0092 kcal/(mol*A)
xmin   160       41.8215 kcal/mol        0.0122 kcal/(mol*A)
xmin   170       41.8213 kcal/mol        0.0187 kcal/(mol*A)
xmin   180       41.8212 kcal/mol        0.0015 kcal/(mol*A)
xmin   190       41.8212 kcal/mol        0.0008 kcal/(mol*A)
  ... geometry converged !
 
 Final MO eigenvalues (eV):
 -50.0745  -41.6514  -40.9501  -40.0469  -39.2235  -38.3650  -38.2230  -37.5301
 -35.8092  -34.3580  -33.9460  -32.8702  -31.8389  -31.4014  -30.9866  -30.6087
 -30.3855  -28.3682  -25.8356  -25.0240  -24.1945  -24.1176  -24.0678  -23.7945
 -22.5203  -21.5449  -21.1564  -20.0120  -19.2220  -18.4901  -18.3741  -18.3164
 -18.1028  -17.9127  -17.6175  -17.2929  -16.9429  -16.7027  -16.1575  -16.0068
 -15.8980  -15.7453  -15.7356  -15.5403  -15.2633  -15.0523  -14.8232  -14.6984
 -14.5897  -14.4456  -14.4194  -14.1607  -14.0853  -13.8127  -13.6749  -13.3621
 -13.3551  -13.3468  -13.1825  -13.0237  -12.6863  -12.4466  -12.2360  -12.2043
 -12.1670  -12.1151  -12.0348  -11.9155  -11.6866  -11.5171  -11.2056  -10.6504
 -10.4836  -10.2543   -9.7794   -9.7193   -9.6730   -9.5842   -8.1577   -0.6301
  -0.5910   -0.0690    0.3032    0.6791    1.0330    1.1245    1.5484    1.7072
   1.8302    2.4206    2.5326    2.6772    2.8882    2.9817    2.9956    3.1394
   3.1950    3.3707    3.4845    3.5811    3.6144    3.6511    3.6939    3.8033
   3.8379    3.8721    3.9245    3.9563    3.9679    3.9983    4.0420    4.0875
   4.1174    4.2085    4.2399    4.2837    4.4244    4.4493    4.4898    4.5198
   4.5496    4.5901    4.6068    4.6280    4.7503    4.7845    4.8204    4.9256
   4.9938    5.0172    5.0774    5.3162    5.4114    5.7378    5.8147    5.9484
   5.9520    6.0882    6.0892    6.4020    6.9454    6.9939

 Heat of formation   =         41.82122647 kcal/mol  (        1.81350447 eV)

 Total SCF energy    =    -128602.05638116 kcal/mol  (    -5576.60363302 eV)
 Electronic energy   =   -1002567.76465182 kcal/mol  (   -43474.60060933 eV)
 Core-core repulsion =     873965.70827066 kcal/mol  (    37897.99697631 eV)
 
    Atomic Charges for Step       1 :
  Atom    Element       Mulliken Charge
     1      C                 -0.028
     2      C                 -0.072
     3      C                 -0.068
     4      C                 -0.061
     5      C                  0.098
     6      N                 -0.187
     7      N                 -0.319
     8      O                 -0.215
     9      C                  0.065
    10      C                 -0.058
    11      C                 -0.135
    12      C                 -0.057
    13      C                 -0.107
    14      C                 -0.148
    15      C                  0.086
    16      C                 -0.083
    17      Cl                 0.031
    18      Cl                 0.007
    19      F                 -0.090
    20      C                 -0.162
    21      N                 -0.072
    22      N                 -0.122
    23      C                 -0.109
    24      C                  0.055
    25      C                 -0.169
    26      C                 -0.073
    27      N                 -0.301
    28      C                 -0.073
    29      C                 -0.170
    30      C                 -0.239
    31      H                  0.161
    32      H                  0.145
    33      H                  0.204
    34      H                  0.206
    35      H                  0.126
    36      H                  0.159
    37      H                  0.160
    38      H                  0.180
    39      H                  0.176
    40      H                  0.096
    41      H                  0.094
    42      H                  0.121
    43      H                  0.097
    44      H                  0.042
    45      H                  0.163
    46      H                  0.097
    47      H                  0.043
    48      H                  0.120
    49      H                  0.095
    50      H                  0.092
    51      H                  0.088
    52      H                  0.109
 Total Mulliken Charge =      -0.000
 
                  X        Y        Z     TOTAL  
  QM DIPOLE    -0.788    3.719    3.320    5.047
 
 Final Structure

  QMMM: QM Region Cartesian Coordinates (*=link atom) 
  QMMM: QM_NO.   MM_NO.  ATOM         X         Y         Z
  QMMM:     1        1      C       -1.6635   -3.0290   -2.1856
  QMMM:     2        2      C       -1.0927   -2.1073   -1.2754
  QMMM:     3        3      C       -1.9755   -1.3807   -0.4636
  QMMM:     4        4      C       -3.3498   -1.5804   -0.5952
  QMMM:     5        5      C       -3.8454   -2.5356   -1.5495
  QMMM:     6        6      N       -2.9728   -3.2580   -2.3256
  QMMM:     7        7      N       -5.2240   -2.6875   -1.7359
  QMMM:     8        8      O       -4.2314   -1.0123    0.3081
  QMMM:     9        9      C       -4.7232    0.3115    0.0441
  QMMM:    10       10      C       -3.7758    1.3634    0.5717
  QMMM:    11       11      C        0.3265   -1.9371   -1.1911
  QMMM:    12       12      C       -3.9192    1.7545    1.9190
  QMMM:    13       13      C       -3.1215    2.7530    2.4859
  QMMM:    14       14      C       -2.1502    3.3840    1.7247
  QMMM:    15       15      C       -1.9677    3.0040    0.3844
  QMMM:    16       16      C       -2.7741    1.9904   -0.1897
  QMMM:    17       17      Cl      -2.4683    1.5661   -1.8055
  QMMM:    18       18      Cl      -5.0722    1.0359    2.9471
  QMMM:    19       19      F       -1.0039    3.6261   -0.3358
  QMMM:    20       20      C        1.3557   -2.8084   -1.7303
  QMMM:    21       21      N        2.5861   -2.3140   -1.4514
  QMMM:    22       22      N        2.4028   -1.1755   -0.7639
  QMMM:    23       23      C        1.0455   -0.8939   -0.5747
  QMMM:    24       24      C        3.4901   -0.3245   -0.2829
  QMMM:    25       25      C        4.4138   -1.0449    0.7101
  QMMM:    26       26      C        5.4656   -0.0667    1.2312
  QMMM:    27       27      N        6.2220    0.5755    0.1756
  QMMM:    28       28      C        5.3995    1.1919   -0.8456
  QMMM:    29       29      C        4.3458    0.2478   -1.4226
  QMMM:    30       30      C       -5.2145    0.5141   -1.3719
  QMMM:    31       31      H       -1.0127   -3.6323   -2.8466
  QMMM:    32       32      H       -1.5985   -0.6607    0.2777
  QMMM:    33       33      H       -5.7581   -2.4464   -0.9296
  QMMM:    34       34      H       -5.5142   -3.5249   -2.1906
  QMMM:    35       35      H       -5.6422    0.3196    0.7171
  QMMM:    36       36      H       -3.2618    3.0412    3.5405
  QMMM:    37       37      H       -1.5187    4.1760    2.1544
  QMMM:    38       38      H        1.2187   -3.7392   -2.2808
  QMMM:    39       39      H        0.7001   -0.0083   -0.0440
  QMMM:    40       40      H        2.9876    0.5361    0.2545
  QMMM:    41       41      H        3.8274   -1.4365    1.5797
  QMMM:    42       42      H        4.9118   -1.9137    0.2064
  QMMM:    43       43      H        6.1998   -0.6361    1.8689
  QMMM:    44       44      H        4.9471    0.6850    1.8991
  QMMM:    45       45      H        6.8535    1.2503    0.5644
  QMMM:    46       46      H        6.0871    1.5135   -1.6786
  QMMM:    47       47      H        4.8722    2.1173   -0.4641
  QMMM:    48       48      H        4.8416   -0.5866   -1.9832
  QMMM:    49       49      H        3.7084    0.8207   -2.1431
  QMMM:    50       50      H       -5.3120    1.6021   -1.5988
  QMMM:    51       51      H       -6.2188    0.0348   -1.4828
  QMMM:    52       52      H       -4.5323    0.0404   -2.1188

           --------- Calculation Completed ----------

