            --------------------------------------------------------
                             AMBER SQM VERSION 14
 
                                     By
              Ross C. Walker, Michael F. Crowley, Scott Brozell,
                         Tim Giese, Andreas W. Goetz,
                        Tai-Sung Lee and David A. Case
 
            --------------------------------------------------------
 

--------------------------------------------------------------------------------
  QM CALCULATION INFO
--------------------------------------------------------------------------------

| QMMM: Citation for AMBER QMMM Run:
| QMMM: R.C. Walker, M.F. Crowley and D.A. Case, J. COMP. CHEM. 29:1019, 2008

QMMM: SINGLET STATE CALCULATION
QMMM: RHF CALCULATION, NO. OF DOUBLY OCCUPIED LEVELS = 88

| QMMM: *** Selected Hamiltonian *** 
| QMMM: AM1         

| QMMM: *** Parameter sets in use ***
| QMMM: C : M.J.S.DEWAR et al. JACS, 107, 3902, (1985)
| QMMM: O : M.J.S.DEWAR et al. JACS, 107, 3902, (1985)
| QMMM: N : M.J.S.DEWAR et al. JACS, 107, 3902, (1985)
| QMMM: H : M.J.S.DEWAR et al. JACS, 107, 3902, (1985)

| QMMM: *** SCF convergence criteria ***
| QMMM: Energy change                :  0.1D-09 kcal/mol
| QMMM: Error matrix |FP-PF|         :  0.1D+00 au
| QMMM: Density matrix change        :  0.5D-06
| QMMM: Maximum number of SCF cycles :     1000

| QMMM: *** Diagonalization Routine Information ***
| QMMM: Pseudo diagonalizations are allowed.
| QMMM: Auto diagonalization routine selection is in use.
| QMMM:
| QMMM: Timing diagonalization routines:
| QMMM:                              norbs =      164
| QMMM:    diag iterations used for timing =        5
| QMMM:
| QMMM:              Internal diag routine = 0.038196 seconds
| QMMM:                 Dspev diag routine = 0.046643 seconds
| QMMM:                Dspevd diag routine = 0.032862 seconds
| QMMM:                Dspevx diag routine = 0.125715 seconds
| QMMM:                 Dsyev diag routine = 0.057448 seconds
| QMMM:                Dsyevd diag routine = 0.037457 seconds
| QMMM:                Dsyevr diag routine = 0.037338 seconds
| QMMM:
| QMMM:                Pseudo diag routine = 0.013633 seconds
| QMMM:
| QMMM: Using dspevd routine (diag_routine=3).

  QMMM: QM Region Cartesian Coordinates (*=link atom) 
  QMMM: QM_NO.   MM_NO.  ATOM         X         Y         Z
  QMMM:     1        1      C        1.6050    3.0180    0.5210
  QMMM:     2        2      C        1.3670    1.6980    0.5180
  QMMM:     3        3      C        0.1130    1.2260    0.5120
  QMMM:     4        4      C       -0.9870    2.0120    0.5130
  QMMM:     5        5      C       -0.7680    3.3500    0.5210
  QMMM:     6        6      C        0.5080    3.7950    0.5160
  QMMM:     7        7      O       -1.7230    4.3340    0.4810
  QMMM:     8        8      C       -2.8910    4.0950   -0.2430
  QMMM:     9        9      C       -3.8180    3.2130    0.5690
  QMMM:    10       10      N       -3.3860    1.8150    0.5590
  QMMM:    11       11      C       -2.1900    1.3920    0.5300
  QMMM:    12       12      N       -2.3100    0.1240    0.5270
  QMMM:    13       13      C       -3.5260   -0.2430    0.5550
  QMMM:    14       14      C       -4.2460    0.8870    0.5760
  QMMM:    15       15      C       -3.8850   -1.5400    0.5570
  QMMM:    16       16      N       -5.0020   -2.1570    0.5880
  QMMM:    17       17      N       -4.8580   -3.3830    0.5630
  QMMM:    18       18      C       -3.6070   -3.5440    0.5220
  QMMM:    19       19      N       -2.9920   -2.4420    0.5180
  QMMM:    20       20      C       -2.9300   -4.8760    0.4810
  QMMM:    21       21      C       -6.3190   -1.4850    0.6460
  QMMM:    22       22      C       -6.7490   -1.0260   -0.7570
  QMMM:    23       23      C       -7.4030   -2.4050    1.2410
  QMMM:    24       24      C        2.8550    3.5200    0.5240
  QMMM:    25       25      C        3.2600    4.8030    0.5270
  QMMM:    26       26      N        4.5210    4.8960    0.5260
  QMMM:    27       27      N        4.9430    3.7360    0.5200
  QMMM:    28       28      C        4.0240    2.8600    0.5210
  QMMM:    29       29      C        6.3640    3.2990    0.4900
  QMMM:    30       30      C        6.5860    2.4240   -0.7480
  QMMM:    31       31      O        7.3570    1.5030   -0.8210
  QMMM:    32       32      N        5.8280    2.7730   -1.8220
  QMMM:    33       33      C        7.3110    4.5080    0.3330
  QMMM:    34       34      C        6.7450    2.5440    1.7780
  QMMM:    35       35      H        2.1890    0.9630    0.5200
  QMMM:    36       36      H        0.0480    0.1240    0.5120
  QMMM:    37       37      H        0.6310    4.8900    0.5040
  QMMM:    38       38      H       -3.3730    5.0910   -0.3980
  QMMM:    39       39      H       -2.6510    3.6780   -1.2470
  QMMM:    40       40      H       -3.8960    3.5730    1.6220
  QMMM:    41       41      H       -4.8390    3.3060    0.1230
  QMMM:    42       42      H       -5.3200    1.0810    0.6000
  QMMM:    43       43      H       -3.6680   -5.7090    0.4810
  QMMM:    44       44      H       -2.3090   -4.9650   -0.4400
  QMMM:    45       45      H       -2.2680   -5.0000    1.3680
  QMMM:    46       46      H       -6.2500   -0.6280    1.3550
  QMMM:    47       47      H       -7.7110   -0.4680   -0.7200
  QMMM:    48       48      H       -5.9940   -0.3620   -1.2320
  QMMM:    49       49      H       -6.8850   -1.9000   -1.4340
  QMMM:    50       50      H       -8.3760   -1.8690    1.3380
  QMMM:    51       51      H       -7.1160   -2.7590    2.2580
  QMMM:    52       52      H       -7.5810   -3.3000    0.6030
  QMMM:    53       53      H        2.6410    5.7090    0.5280
  QMMM:    54       54      H        4.2290    1.7840    0.5110
  QMMM:    55       55      H        5.9410    2.2440   -2.6740
  QMMM:    56       56      H        5.1460    3.5160   -1.7420
  QMMM:    57       57      H        8.3760    4.1880    0.2700
  QMMM:    58       58      H        7.2240    5.2020    1.2000
  QMMM:    59       59      H        7.0850    5.0910   -0.5890
  QMMM:    60       60      H        6.5400    3.1730    2.6740
  QMMM:    61       61      H        6.1710    1.5980    1.8960
  QMMM:    62       62      H        7.8270    2.2780    1.8000

--------------------------------------------------------------------------------
  RESULTS
--------------------------------------------------------------------------------

      iter         sqm energy              rms gradient
      ----    -------------------    -----------------------
xmin    10      156.3244 kcal/mol        1.3906 kcal/(mol*A)
xmin    20      155.3011 kcal/mol        0.3218 kcal/(mol*A)
xmin    30      155.0134 kcal/mol        0.4360 kcal/(mol*A)
xmin    40      154.6310 kcal/mol        0.3420 kcal/(mol*A)
xmin    50      153.8594 kcal/mol        0.7200 kcal/(mol*A)
xmin    60      153.0228 kcal/mol        0.6758 kcal/(mol*A)
xmin    70      152.3827 kcal/mol        0.1867 kcal/(mol*A)
xmin    80      152.1710 kcal/mol        0.3675 kcal/(mol*A)
xmin    90      152.0553 kcal/mol        0.2584 kcal/(mol*A)
xmin   100      151.9756 kcal/mol        0.2156 kcal/(mol*A)
xmin   110      151.9223 kcal/mol        0.1389 kcal/(mol*A)
xmin   120      151.9045 kcal/mol        0.0313 kcal/(mol*A)
xmin   130      151.8998 kcal/mol        0.0337 kcal/(mol*A)
xmin   140      151.8821 kcal/mol        0.0702 kcal/(mol*A)
xmin   150      151.8736 kcal/mol        0.0722 kcal/(mol*A)
xmin   160      151.8695 kcal/mol        0.0337 kcal/(mol*A)
xmin   170      151.8598 kcal/mol        0.0806 kcal/(mol*A)
xmin   180      151.8539 kcal/mol        0.0753 kcal/(mol*A)
xmin   190      151.8472 kcal/mol        0.0377 kcal/(mol*A)
xmin   200      151.8396 kcal/mol        0.0609 kcal/(mol*A)
xmin   210      151.8088 kcal/mol        0.1637 kcal/(mol*A)
xmin   220      151.7684 kcal/mol        0.0420 kcal/(mol*A)
xmin   230      151.6505 kcal/mol        0.1427 kcal/(mol*A)
xmin   240      151.4346 kcal/mol        0.2006 kcal/(mol*A)
xmin   250      151.0589 kcal/mol        1.0424 kcal/(mol*A)
xmin   260      150.5190 kcal/mol        0.5032 kcal/(mol*A)
xmin   270      150.2400 kcal/mol        0.4351 kcal/(mol*A)
xmin   280      150.0148 kcal/mol        0.4261 kcal/(mol*A)
xmin   290      149.8927 kcal/mol        0.1780 kcal/(mol*A)
xmin   300      149.8333 kcal/mol        0.3309 kcal/(mol*A)
xmin   310      149.7767 kcal/mol        0.1241 kcal/(mol*A)
xmin   320      149.7557 kcal/mol        0.0731 kcal/(mol*A)
xmin   330      149.7122 kcal/mol        0.1139 kcal/(mol*A)
xmin   340      149.6682 kcal/mol        0.1178 kcal/(mol*A)
xmin   350      149.6032 kcal/mol        0.2198 kcal/(mol*A)
xmin   360      149.3632 kcal/mol        0.4751 kcal/(mol*A)
xmin   370      149.2372 kcal/mol        0.0992 kcal/(mol*A)
xmin   380      149.1704 kcal/mol        0.1379 kcal/(mol*A)
xmin   390      149.1613 kcal/mol        0.1244 kcal/(mol*A)
xmin   400      149.1465 kcal/mol        0.0531 kcal/(mol*A)
xmin   410      149.1270 kcal/mol        0.0300 kcal/(mol*A)
xmin   420      149.1121 kcal/mol        0.0682 kcal/(mol*A)
xmin   430      149.1067 kcal/mol        0.0482 kcal/(mol*A)
xmin   440      149.1032 kcal/mol        0.0696 kcal/(mol*A)
xmin   450      149.0905 kcal/mol        0.0125 kcal/(mol*A)
xmin   460      149.0875 kcal/mol        0.0517 kcal/(mol*A)
xmin   470      149.0861 kcal/mol        0.0087 kcal/(mol*A)
xmin   480      149.0859 kcal/mol        0.0121 kcal/(mol*A)
xmin   490      149.0849 kcal/mol        0.0124 kcal/(mol*A)
xmin   500      149.0845 kcal/mol        0.0156 kcal/(mol*A)
xmin   510      149.0839 kcal/mol        0.0059 kcal/(mol*A)
xmin   520      149.0837 kcal/mol        0.0031 kcal/(mol*A)
xmin   530      149.0837 kcal/mol        0.0015 kcal/(mol*A)
xmin   540      149.0836 kcal/mol        0.0027 kcal/(mol*A)
xmin   550      149.0836 kcal/mol        0.0023 kcal/(mol*A)
xmin   560      149.0836 kcal/mol        0.0016 kcal/(mol*A)
xmin   570      149.0939 kcal/mol        0.3376 kcal/(mol*A)
xmin   580      149.0858 kcal/mol        0.0627 kcal/(mol*A)
xmin   590      149.1267 kcal/mol        0.6067 kcal/(mol*A)
xmin   600      149.0841 kcal/mol        0.0057 kcal/(mol*A)
xmin   610      149.0839 kcal/mol        0.0020 kcal/(mol*A)
xmin   620      149.0839 kcal/mol        0.0031 kcal/(mol*A)
xmin   630      149.0838 kcal/mol        0.0055 kcal/(mol*A)
xmin   640      149.0838 kcal/mol        0.0021 kcal/(mol*A)
xmin   650      149.0837 kcal/mol        0.0024 kcal/(mol*A)
xmin   660      149.0837 kcal/mol        0.0064 kcal/(mol*A)
xmin   670      149.0837 kcal/mol        0.0018 kcal/(mol*A)
xmin   680      149.1086 kcal/mol        0.7346 kcal/(mol*A)
xmin   690      149.0838 kcal/mol        0.0068 kcal/(mol*A)
xmin   700      149.0837 kcal/mol        0.0036 kcal/(mol*A)
xmin   710      149.0837 kcal/mol        0.0028 kcal/(mol*A)
xmin   720      149.0836 kcal/mol        0.0017 kcal/(mol*A)
xmin   730      149.0836 kcal/mol        0.0052 kcal/(mol*A)
xmin   740      149.0836 kcal/mol        0.0019 kcal/(mol*A)
xmin   750      149.0836 kcal/mol        0.0007 kcal/(mol*A)
  ... geometry converged !
 
 Final MO eigenvalues (eV):
 -42.1761  -42.0080  -41.3410  -40.2960  -39.6929  -38.6410  -36.2458  -36.0629
 -35.2975  -34.3556  -34.0880  -32.3594  -32.1921  -31.9079  -31.0048  -30.6168
 -29.9097  -28.7328  -28.1983  -27.8466  -27.5641  -25.8998  -25.0294  -24.6655
 -23.7352  -23.6037  -22.5524  -22.0243  -21.6454  -21.2494  -20.8720  -20.4270
 -19.7883  -19.1636  -18.6044  -18.1578  -18.0575  -17.5296  -17.2726  -17.0060
 -16.6418  -16.5266  -16.1617  -16.0311  -15.9727  -15.8736  -15.5775  -15.4338
 -15.3472  -15.1613  -15.0420  -14.8304  -14.7308  -14.5262  -14.1734  -14.1476
 -14.0004  -13.8975  -13.8594  -13.6880  -13.5562  -13.4605  -13.4298  -13.2928
 -13.1795  -13.1168  -13.0386  -12.9455  -12.9024  -12.7273  -12.4544  -12.4000
 -12.0942  -12.0863  -11.9871  -11.7449  -11.4184  -11.3565  -11.0536  -10.9776
 -10.8962  -10.7401  -10.2499  -10.1740   -9.7677   -9.6583   -9.0571   -8.3717
  -0.6685    0.1768    0.2945    0.4970    0.7453    0.9694    1.2165    1.5054
   1.5472    1.6542    1.7445    1.9751    2.1098    2.2894    2.7207    2.8087
   2.8528    2.8834    3.1631    3.2056    3.2965    3.3133    3.3689    3.4197
   3.5604    3.5869    3.6207    3.7369    3.8038    3.8087    3.8560    3.9338
   3.9347    3.9883    4.0202    4.0571    4.0723    4.1103    4.1366    4.1522
   4.2411    4.2556    4.3017    4.3454    4.4431    4.5129    4.5208    4.5679
   4.6515    4.6898    4.7782    4.7928    4.8073    4.8229    4.9221    4.9787
   5.0144    5.1084    5.1517    5.2279    5.2368    5.3098    5.3154    5.4022
   5.4730    5.5081    5.5464    5.8285    5.8727    6.0173    6.0367    6.1691
   6.4774    6.4877    6.8719    7.4170

 Heat of formation   =        149.08361545 kcal/mol  (        6.46475068 eV)

 Total SCF energy    =    -132581.14883230 kcal/mol  (    -5749.15002959 eV)
 Electronic energy   =   -1119208.96415931 kcal/mol  (   -48532.54256794 eV)
 Core-core repulsion =     986627.81532701 kcal/mol  (    42783.39253836 eV)
 
    Atomic Charges for Step       1 :
  Atom    Element       Mulliken Charge
     1      C                  0.046
     2      C                 -0.154
     3      C                 -0.071
     4      C                 -0.050
     5      C                  0.072
     6      C                 -0.145
     7      O                 -0.216
     8      C                 -0.035
     9      C                 -0.056
    10      N                 -0.143
    11      C                  0.016
    12      N                 -0.140
    13      C                 -0.070
    14      C                 -0.104
    15      C                  0.048
    16      N                 -0.123
    17      N                 -0.095
    18      C                 -0.111
    19      N                 -0.171
    20      C                 -0.132
    21      C                  0.054
    22      C                 -0.219
    23      C                 -0.226
    24      C                 -0.159
    25      C                 -0.139
    26      N                 -0.100
    27      N                 -0.126
    28      C                 -0.078
    29      C                  0.090
    30      C                  0.291
    31      O                 -0.371
    32      N                 -0.413
    33      C                 -0.221
    34      C                 -0.219
    35      H                  0.135
    36      H                  0.160
    37      H                  0.150
    38      H                  0.122
    39      H                  0.106
    40      H                  0.114
    41      H                  0.110
    42      H                  0.198
    43      H                  0.093
    44      H                  0.092
    45      H                  0.094
    46      H                  0.122
    47      H                  0.080
    48      H                  0.089
    49      H                  0.096
    50      H                  0.081
    51      H                  0.097
    52      H                  0.089
    53      H                  0.185
    54      H                  0.186
    55      H                  0.231
    56      H                  0.241
    57      H                  0.097
    58      H                  0.095
    59      H                  0.101
    60      H                  0.088
    61      H                  0.105
    62      H                  0.112
 Total Mulliken Charge =      -0.000
 
                  X        Y        Z     TOTAL  
  QM DIPOLE     1.883    4.479   -0.831    4.929
 
 Final Structure

  QMMM: QM Region Cartesian Coordinates (*=link atom) 
  QMMM: QM_NO.   MM_NO.  ATOM         X         Y         Z
  QMMM:     1        1      C        1.3035    2.8736   -0.1151
  QMMM:     2        2      C        0.8923    1.6917    0.5256
  QMMM:     3        3      C       -0.3227    1.0999    0.2154
  QMMM:     4        4      C       -1.1952    1.6553   -0.7444
  QMMM:     5        5      C       -0.7648    2.8237   -1.3968
  QMMM:     6        6      C        0.4663    3.4260   -1.0887
  QMMM:     7        7      O       -1.5057    3.5374   -2.3288
  QMMM:     8        8      C       -2.0538    2.7600   -3.3880
  QMMM:     9        9      C       -3.4373    2.2553   -2.9868
  QMMM:    10       10      N       -3.4287    1.2471   -1.9680
  QMMM:    11       11      C       -2.4765    0.9785   -0.9563
  QMMM:    12       12      N       -2.9147   -0.0456   -0.1653
  QMMM:    13       13      C       -4.1547   -0.4340   -0.6681
  QMMM:    14       14      C       -4.4854    0.3581   -1.7890
  QMMM:    15       15      C       -4.9763   -1.5153   -0.1667
  QMMM:    16       16      N       -4.9589   -2.0628    1.1400
  QMMM:    17       17      N       -5.8524   -3.0569    1.2215
  QMMM:    18       18      C       -6.4448   -3.1224   -0.0162
  QMMM:    19       19      N       -5.9179   -2.1689   -0.9069
  QMMM:    20       20      C       -7.5150   -4.0788   -0.3941
  QMMM:    21       21      C       -4.0900   -1.6710    2.2558
  QMMM:    22       22      C       -4.7829   -1.7831    3.6139
  QMMM:    23       23      C       -2.7917   -2.4764    2.2886
  QMMM:    24       24      C        2.5560    3.4945    0.2118
  QMMM:    25       25      C        3.0271    4.8058   -0.1967
  QMMM:    26       26      N        4.2582    5.0428    0.3120
  QMMM:    27       27      N        4.6070    3.9546    1.0248
  QMMM:    28       28      C        3.6063    2.9790    0.9986
  QMMM:    29       29      C        5.8876    3.8429    1.7428
  QMMM:    30       30      C        7.0545    3.6629    0.7235
  QMMM:    31       31      O        7.7759    2.6468    0.7670
  QMMM:    32       32      N        7.2934    4.6570   -0.1803
  QMMM:    33       33      C        6.1864    5.0877    2.5914
  QMMM:    34       34      C        5.9018    2.6231    2.6763
  QMMM:    35       35      H        1.5405    1.2309    1.2858
  QMMM:    36       36      H       -0.6045    0.1734    0.7433
  QMMM:    37       37      H        0.7523    4.3443   -1.6231
  QMMM:    38       38      H       -2.1630    3.4935   -4.2330
  QMMM:    39       39      H       -1.3680    1.9268   -3.6856
  QMMM:    40       40      H       -4.0433    3.1346   -2.6156
  QMMM:    41       41      H       -3.9459    1.8327   -3.9011
  QMMM:    42       42      H       -5.3610    0.3324   -2.4374
  QMMM:    43       43      H       -7.7762   -4.7468    0.4624
  QMMM:    44       44      H       -8.4297   -3.5164   -0.7065
  QMMM:    45       45      H       -7.1716   -4.7082   -1.2524
  QMMM:    46       46      H       -3.8423   -0.5808    2.0843
  QMMM:    47       47      H       -4.1108   -1.3372    4.3863
  QMMM:    48       48      H       -5.7520   -1.2300    3.6195
  QMMM:    49       49      H       -4.9786   -2.8491    3.8803
  QMMM:    50       50      H       -2.1605   -2.0947    3.1268
  QMMM:    51       51      H       -2.2247   -2.3612    1.3341
  QMMM:    52       52      H       -2.9985   -3.5600    2.4585
  QMMM:    53       53      H        2.5062    5.5376   -0.8156
  QMMM:    54       54      H        3.7013    2.0206    1.5089
  QMMM:    55       55      H        8.0075    4.5306   -0.8555
  QMMM:    56       56      H        6.7016    5.4443   -0.2596
  QMMM:    57       57      H        7.2027    4.9736    3.0409
  QMMM:    58       58      H        5.4358    5.1803    3.4127
  QMMM:    59       59      H        6.1666    6.0249    1.9862
  QMMM:    60       60      H        5.0705    2.6823    3.4175
  QMMM:    61       61      H        5.8281    1.6728    2.0946
  QMMM:    62       62      H        6.8786    2.6132    3.2194

           --------- Calculation Completed ----------

