            --------------------------------------------------------
                             AMBER SQM VERSION 14
 
                                     By
              Ross C. Walker, Michael F. Crowley, Scott Brozell,
                         Tim Giese, Andreas W. Goetz,
                        Tai-Sung Lee and David A. Case
 
            --------------------------------------------------------
 

--------------------------------------------------------------------------------
  QM CALCULATION INFO
--------------------------------------------------------------------------------

| QMMM: Citation for AMBER QMMM Run:
| QMMM: R.C. Walker, M.F. Crowley and D.A. Case, J. COMP. CHEM. 29:1019, 2008

QMMM: SINGLET STATE CALCULATION
QMMM: RHF CALCULATION, NO. OF DOUBLY OCCUPIED LEVELS = 83

| QMMM: *** Selected Hamiltonian *** 
| QMMM: AM1         

| QMMM: *** Parameter sets in use ***
| QMMM: C : M.J.S.DEWAR et al. JACS, 107, 3902, (1985)
| QMMM: N : M.J.S.DEWAR et al. JACS, 107, 3902, (1985)
| QMMM: O : M.J.S.DEWAR et al. JACS, 107, 3902, (1985)
| QMMM: F : M.J.S.DEWAR et al. THEOCHEM, 180, 1, (1988)
| QMMM: S : M.J.S.DEWAR et al. INORG. CHEM., 29, 3881, (1990)
| QMMM: H : M.J.S.DEWAR et al. JACS, 107, 3902, (1985)

| QMMM: *** SCF convergence criteria ***
| QMMM: Energy change                :  0.1D-09 kcal/mol
| QMMM: Error matrix |FP-PF|         :  0.1D+00 au
| QMMM: Density matrix change        :  0.5D-06
| QMMM: Maximum number of SCF cycles :     1000

| QMMM: *** Diagonalization Routine Information ***
| QMMM: Pseudo diagonalizations are allowed.
| QMMM: Auto diagonalization routine selection is in use.
| QMMM:
| QMMM: Timing diagonalization routines:
| QMMM:                              norbs =      144
| QMMM:    diag iterations used for timing =       10
| QMMM:
| QMMM:              Internal diag routine = 0.050342 seconds
| QMMM:                 Dspev diag routine = 0.065164 seconds
| QMMM:                Dspevd diag routine = 0.045682 seconds
| QMMM:                Dspevx diag routine = 0.180367 seconds
| QMMM:                 Dsyev diag routine = 0.070092 seconds
| QMMM:                Dsyevd diag routine = 0.053368 seconds
| QMMM:                Dsyevr diag routine = 0.054437 seconds
| QMMM:
| QMMM:                Pseudo diag routine = 0.024682 seconds
| QMMM:
| QMMM: Using dspevd routine (diag_routine=3).

  QMMM: QM Region Cartesian Coordinates (*=link atom) 
  QMMM: QM_NO.   MM_NO.  ATOM         X         Y         Z
  QMMM:     1        1      C       -1.4590    1.4010    1.9450
  QMMM:     2        2      N       -0.6400    1.2590    0.7000
  QMMM:     3        3      C       -1.5240    1.3200   -0.2100
  QMMM:     4        4      N       -2.5980    0.7060    0.0900
  QMMM:     5        5      C       -2.8210    1.1490    1.2610
  QMMM:     6        6      C       -3.2610   -0.1270   -0.6250
  QMMM:     7        7      C       -2.8380   -0.4860   -1.8540
  QMMM:     8        8      C       -4.3860   -0.7400   -0.2000
  QMMM:     9        9      C       -5.0980   -1.6180   -0.9360
  QMMM:    10       10      C       -4.6480   -1.9240   -2.1690
  QMMM:    11       11      C       -3.5170   -1.3580   -2.6150
  QMMM:    12       12      O       -3.8940    1.3760    1.7760
  QMMM:    13       13      C       -5.2580   -2.7720   -2.9720
  QMMM:    14       14      N       -5.7840   -3.5160   -3.6880
  QMMM:    15       15      C       -6.3530   -2.2640   -0.3730
  QMMM:    16       16      F       -6.2430   -3.5820   -0.4380
  QMMM:    17       17      F       -6.6260   -1.9460    0.8820
  QMMM:    18       18      F       -7.3960   -1.9230   -1.1150
  QMMM:    19       19      S       -1.4780    2.4380   -1.3330
  QMMM:    20       20      C       -1.3740    0.2750    2.9950
  QMMM:    21       21      C       -1.4490    2.8040    2.5680
  QMMM:    22       22      C        0.6250    1.0860    0.6940
  QMMM:    23       23      C        1.2650    0.8270   -0.4630
  QMMM:    24       24      C        2.5920    0.6300   -0.5570
  QMMM:    25       25      C        3.3790    0.6850    0.5390
  QMMM:    26       26      C        2.7520    0.9490    1.7020
  QMMM:    27       27      C        1.4250    1.1400    1.7730
  QMMM:    28       28      C        4.7330    0.4920    0.4720
  QMMM:    29       29      N        5.4160    0.5710    1.6570
  QMMM:    30       30      C        6.8650    0.3860    1.7400
  QMMM:    31       31      O        5.3460    0.2590   -0.5440
  QMMM:    32       32      F        3.0660    0.3730   -1.7680
  QMMM:    33       33      H       -1.9070   -0.0920   -2.2920
  QMMM:    34       34      H       -4.7710   -0.5460    0.8100
  QMMM:    35       35      H       -3.1240   -1.6110   -3.6150
  QMMM:    36       36      H       -2.2450    0.3040    3.6880
  QMMM:    37       37      H       -1.3650   -0.7270    2.5090
  QMMM:    38       38      H       -0.4830    0.3340    3.6540
  QMMM:    39       39      H       -0.4490    3.0660    2.9760
  QMMM:    40       40      H       -1.7120    3.5820    1.8150
  QMMM:    41       41      H       -2.1760    2.8830    3.4070
  QMMM:    42       42      H        0.7040    0.7410   -1.4090
  QMMM:    43       43      H        3.2890    1.0320    2.6600
  QMMM:    44       44      H        1.0290    1.3770    2.7690
  QMMM:    45       45      H        4.9100    0.7640    2.5170
  QMMM:    46       46      H        7.3960    1.1570    1.1370
  QMMM:    47       47      H        7.1830    0.4950    2.8010
  QMMM:    48       48      H        7.1530   -0.6320    1.3930

--------------------------------------------------------------------------------
  RESULTS
--------------------------------------------------------------------------------

      iter         sqm energy              rms gradient
      ----    -------------------    -----------------------
xmin    10     -108.0578 kcal/mol        2.7821 kcal/(mol*A)
xmin    20     -111.3278 kcal/mol        1.3845 kcal/(mol*A)
xmin    30     -115.5955 kcal/mol        1.1433 kcal/(mol*A)
xmin    40     -117.4391 kcal/mol        0.6400 kcal/(mol*A)
xmin    50     -118.4481 kcal/mol        0.5081 kcal/(mol*A)
xmin    60     -118.7370 kcal/mol        0.5583 kcal/(mol*A)
xmin    70     -120.6553 kcal/mol        2.0464 kcal/(mol*A)
xmin    80     -121.1469 kcal/mol        0.4868 kcal/(mol*A)
xmin    90     -121.3935 kcal/mol        0.6215 kcal/(mol*A)
xmin   100     -121.8019 kcal/mol        1.1310 kcal/(mol*A)
xmin   110     -122.0357 kcal/mol        0.3258 kcal/(mol*A)
xmin   120     -122.1291 kcal/mol        0.3877 kcal/(mol*A)
xmin   130     -122.2398 kcal/mol        0.1831 kcal/(mol*A)
xmin   140     -122.2657 kcal/mol        0.0744 kcal/(mol*A)
xmin   150     -122.2807 kcal/mol        0.0410 kcal/(mol*A)
xmin   160     -122.2817 kcal/mol        0.0683 kcal/(mol*A)
xmin   170     -122.2849 kcal/mol        0.0341 kcal/(mol*A)
xmin   180     -122.2862 kcal/mol        0.0815 kcal/(mol*A)
xmin   190     -122.2876 kcal/mol        0.0303 kcal/(mol*A)
xmin   200     -122.2881 kcal/mol        0.0116 kcal/(mol*A)
xmin   210     -122.2886 kcal/mol        0.0100 kcal/(mol*A)
xmin   220     -122.2889 kcal/mol        0.0130 kcal/(mol*A)
xmin   230     -122.2890 kcal/mol        0.0234 kcal/(mol*A)
xmin   240     -122.2890 kcal/mol        0.0076 kcal/(mol*A)
xmin   250     -122.2891 kcal/mol        0.0064 kcal/(mol*A)
xmin   260     -122.2892 kcal/mol        0.0123 kcal/(mol*A)
xmin   270     -122.2894 kcal/mol        0.0052 kcal/(mol*A)
xmin   280     -122.2894 kcal/mol        0.0063 kcal/(mol*A)
xmin   290     -122.2894 kcal/mol        0.0035 kcal/(mol*A)
xmin   300     -122.2894 kcal/mol        0.0011 kcal/(mol*A)
xmin   310     -122.2894 kcal/mol        0.0029 kcal/(mol*A)
xmin   320     -122.2895 kcal/mol        0.0013 kcal/(mol*A)
xmin   330     -122.2895 kcal/mol        0.0008 kcal/(mol*A)
  ... geometry converged !
 
 Final MO eigenvalues (eV):
 -52.0908  -50.4633  -48.7204  -48.6910  -42.9234  -40.9828  -40.4863  -39.6208
 -38.5826  -37.5143  -36.4021  -35.6627  -34.5624  -33.3490  -32.6907  -31.9806
 -31.0785  -29.0330  -28.3269  -27.8052  -27.3332  -26.3844  -24.6298  -24.3334
 -23.8305  -23.0564  -22.2185  -21.8570  -20.8674  -20.6694  -19.6531  -19.5468
 -19.4924  -19.1777  -18.8306  -18.3789  -17.9545  -17.7435  -17.4949  -17.2122
 -17.1026  -16.7419  -16.6278  -16.5844  -16.1989  -16.0633  -15.8047  -15.6119
 -15.4793  -15.4422  -15.3530  -15.1952  -15.1303  -14.8587  -14.7938  -14.6158
 -14.5151  -14.5108  -14.4651  -14.3986  -14.1620  -14.1404  -14.0257  -13.7723
 -13.7476  -13.6236  -13.5850  -13.5188  -13.3303  -13.2033  -13.1006  -13.0467
 -12.7930  -12.0459  -11.7916  -11.3024  -10.9086  -10.8867  -10.4331  -10.2393
 -10.0553   -9.7727   -9.3423   -1.4129   -1.1323   -0.8810   -0.6698   -0.5437
  -0.2439    0.2481    0.4867    0.6107    1.1013    1.2310    1.2981    1.3322
   1.6339    1.7513    1.8663    2.1940    2.3832    2.4015    2.5931    2.7198
   2.7912    2.9187    2.9572    3.0478    3.1156    3.1780    3.2311    3.3265
   3.3582    3.3692    3.3826    3.4643    3.4758    3.5439    3.6060    3.6840
   3.6990    3.8636    3.9140    3.9239    3.9983    4.0111    4.0570    4.0831
   4.2033    4.2360    4.2859    4.3947    4.4285    4.4644    4.5079    4.6972
   4.7307    4.8555    5.1009    5.1571    5.6324    5.9532    6.2497    6.7470


 Heat of formation   =       -122.28945314 kcal/mol  (       -5.30286862 eV)

 Total SCF energy    =    -150131.48158376 kcal/mol  (    -6510.18956610 eV)
 Electronic energy   =   -1077117.90921714 kcal/mol  (   -46707.33746226 eV)
 Core-core repulsion =     926986.42763338 kcal/mol  (    40197.14789616 eV)
 
    Atomic Charges for Step       1 :
  Atom    Element       Mulliken Charge
     1      C                  0.058
     2      N                 -0.256
     3      C                  0.121
     4      N                 -0.266
     5      C                  0.299
     6      C                  0.076
     7      C                 -0.100
     8      C                 -0.094
     9      C                 -0.115
    10      C                  0.041
    11      C                 -0.089
    12      O                 -0.272
    13      C                 -0.115
    14      N                  0.006
    15      C                  0.468
    16      F                 -0.154
    17      F                 -0.162
    18      F                 -0.154
    19      S                 -0.119
    20      C                 -0.225
    21      C                 -0.219
    22      C                  0.106
    23      C                 -0.171
    24      C                  0.128
    25      C                 -0.148
    26      C                 -0.051
    27      C                 -0.148
    28      C                  0.344
    29      N                 -0.368
    30      C                 -0.080
    31      O                 -0.362
    32      F                 -0.100
    33      H                  0.178
    34      H                  0.179
    35      H                  0.161
    36      H                  0.113
    37      H                  0.095
    38      H                  0.101
    39      H                  0.097
    40      H                  0.101
    41      H                  0.112
    42      H                  0.167
    43      H                  0.173
    44      H                  0.154
    45      H                  0.230
    46      H                  0.117
    47      H                  0.077
    48      H                  0.067
 Total Mulliken Charge =       0.000
 
                  X        Y        Z     TOTAL  
  QM DIPOLE     5.288   -1.371    4.960    7.378
 
 Final Structure

  QMMM: QM Region Cartesian Coordinates (*=link atom) 
  QMMM: QM_NO.   MM_NO.  ATOM         X         Y         Z
  QMMM:     1        1      C       -1.2974    0.4760    2.0775
  QMMM:     2        2      N       -0.4899    0.6146    0.8455
  QMMM:     3        3      C       -1.1513    0.0941   -0.2808
  QMMM:     4        4      N       -2.4465   -0.3404    0.1385
  QMMM:     5        5      C       -2.6263   -0.1298    1.5312
  QMMM:     6        6      C       -3.4610   -0.7921   -0.7355
  QMMM:     7        7      C       -3.1652   -1.6159   -1.8416
  QMMM:     8        8      C       -4.8059   -0.4320   -0.4917
  QMMM:     9        9      C       -5.8194   -0.8855   -1.3318
  QMMM:    10       10      C       -5.5193   -1.7013   -2.4342
  QMMM:    11       11      C       -4.1862   -2.0567   -2.6769
  QMMM:    12       12      O       -3.6352   -0.3826    2.1858
  QMMM:    13       13      C       -6.5313   -2.1783   -3.3115
  QMMM:    14       14      N       -7.3506   -2.5736   -4.0363
  QMMM:    15       15      C       -7.2628   -0.4790   -1.0251
  QMMM:    16       16      F       -8.0661   -1.5194   -0.6284
  QMMM:    17       17      F       -7.3926    0.4454   -0.0168
  QMMM:    18       18      F       -7.9288    0.0911   -2.0814
  QMMM:    19       19      S       -0.5810    0.0396   -1.7528
  QMMM:    20       20      C       -0.7107   -0.4912    3.1045
  QMMM:    21       21      C       -1.6163    1.8088    2.7538
  QMMM:    22       22      C        0.8989    0.8798    0.8923
  QMMM:    23       23      C        1.8382   -0.0717    0.4570
  QMMM:    24       24      C        3.2144    0.2152    0.5232
  QMMM:    25       25      C        3.6675    1.4496    1.0291
  QMMM:    26       26      C        2.7158    2.3916    1.4384
  QMMM:    27       27      C        1.3542    2.1256    1.3763
  QMMM:    28       28      C        5.1024    1.8569    1.1272
  QMMM:    29       29      N        6.0423    0.8897    1.4111
  QMMM:    30       30      C        7.4420    1.1798    1.4468
  QMMM:    31       31      O        5.4203    3.0603    1.0211
  QMMM:    32       32      F        4.0809   -0.7288    0.0818
  QMMM:    33       33      H       -2.1212   -1.8983   -2.0690
  QMMM:    34       34      H       -5.0680    0.1975    0.3784
  QMMM:    35       35      H       -3.9405   -2.6948   -3.5415
  QMMM:    36       36      H       -1.4491   -0.6189    3.9338
  QMMM:    37       37      H       -0.5034   -1.4901    2.6520
  QMMM:    38       38      H        0.2396   -0.0792    3.5210
  QMMM:    39       39      H       -0.7155    2.1901    3.2920
  QMMM:    40       40      H       -1.9485    2.5762    2.0146
  QMMM:    41       41      H       -2.4377    1.6406    3.4938
  QMMM:    42       42      H        1.5202   -1.0379    0.0339
  QMMM:    43       43      H        3.0702    3.3741    1.7993
  QMMM:    44       44      H        0.6356    2.8982    1.6931
  QMMM:    45       45      H        5.7783   -0.0667    1.3733
  QMMM:    46       46      H        7.6058    2.2841    1.5689
  QMMM:    47       47      H        7.9067    0.6389    2.3142
  QMMM:    48       48      H        7.9456    0.8432    0.4999

           --------- Calculation Completed ----------

