            --------------------------------------------------------
                             AMBER SQM VERSION 14
 
                                     By
              Ross C. Walker, Michael F. Crowley, Scott Brozell,
                         Tim Giese, Andreas W. Goetz,
                        Tai-Sung Lee and David A. Case
 
            --------------------------------------------------------
 

--------------------------------------------------------------------------------
  QM CALCULATION INFO
--------------------------------------------------------------------------------

| QMMM: Citation for AMBER QMMM Run:
| QMMM: R.C. Walker, M.F. Crowley and D.A. Case, J. COMP. CHEM. 29:1019, 2008

QMMM: SINGLET STATE CALCULATION
QMMM: RHF CALCULATION, NO. OF DOUBLY OCCUPIED LEVELS = 97

| QMMM: *** Selected Hamiltonian *** 
| QMMM: AM1         

| QMMM: *** Parameter sets in use ***
| QMMM: C : M.J.S.DEWAR et al. JACS, 107, 3902, (1985)
| QMMM: O : M.J.S.DEWAR et al. JACS, 107, 3902, (1985)
| QMMM: N : M.J.S.DEWAR et al. JACS, 107, 3902, (1985)
| QMMM: H : M.J.S.DEWAR et al. JACS, 107, 3902, (1985)

| QMMM: *** SCF convergence criteria ***
| QMMM: Energy change                :  0.1D-09 kcal/mol
| QMMM: Error matrix |FP-PF|         :  0.1D+00 au
| QMMM: Density matrix change        :  0.5D-06
| QMMM: Maximum number of SCF cycles :     1000

| QMMM: *** Diagonalization Routine Information ***
| QMMM: Pseudo diagonalizations are allowed.
| QMMM: Auto diagonalization routine selection is in use.
| QMMM:
| QMMM: Timing diagonalization routines:
| QMMM:                              norbs =      177
| QMMM:    diag iterations used for timing =        5
| QMMM:
| QMMM:              Internal diag routine = 0.044858 seconds
| QMMM:                 Dspev diag routine = 0.056281 seconds
| QMMM:                Dspevd diag routine = 0.039100 seconds
| QMMM:                Dspevx diag routine = 0.148975 seconds
| QMMM:                 Dsyev diag routine = 0.060355 seconds
| QMMM:                Dsyevd diag routine = 0.044224 seconds
| QMMM:                Dsyevr diag routine = 0.045008 seconds
| QMMM:
| QMMM:                Pseudo diag routine = 0.022771 seconds
| QMMM:
| QMMM: Using dspevd routine (diag_routine=3).

  QMMM: QM Region Cartesian Coordinates (*=link atom) 
  QMMM: QM_NO.   MM_NO.  ATOM         X         Y         Z
  QMMM:     1        1      C       -1.9200   -0.3150    0.9150
  QMMM:     2        2      C       -0.6340   -1.0200    0.6350
  QMMM:     3        3      C       -1.7010    0.9860    1.0920
  QMMM:     4        4      C        0.3050    0.2030    0.5660
  QMMM:     5        5      O       -0.5240    1.3110    0.9520
  QMMM:     6        6      C       -0.1330   -1.9250    1.7500
  QMMM:     7        7      C        1.3360   -1.5400    1.9610
  QMMM:     8        8      C        1.3390   -0.0240    1.6940
  QMMM:     9        9      C        1.8680   -1.9580    3.3250
  QMMM:    10       10      O        1.2890   -2.7600    4.0160
  QMMM:    11       11      C        0.9630    0.4380   -0.7860
  QMMM:    12       12      C        1.6550   -0.5240   -1.4200
  QMMM:    13       13      C        0.9120    1.6370   -1.3930
  QMMM:    14       14      C        2.2500   -0.2970   -2.6000
  QMMM:    15       15      C        1.5100    1.8570   -2.5750
  QMMM:    16       16      C        2.1990    0.8960   -3.2210
  QMMM:    17       17      O        2.8410    1.0440   -4.4270
  QMMM:    18       18      C        2.7990    2.2990   -5.0660
  QMMM:    19       19      O       -0.8430   -1.6650    2.9400
  QMMM:    20       20      C        4.9830    2.0260    1.0380
  QMMM:    21       21      C        4.8910    0.7240    0.7310
  QMMM:    22       22      C        3.9160    2.6590    1.5450
  QMMM:    23       23      C        3.7400    0.0640    0.9320
  QMMM:    24       24      C        2.7710    1.9890    1.7450
  QMMM:    25       25      C        2.6600    0.6800    1.4490
  QMMM:    26       26      N        3.0510   -1.3640    3.6900
  QMMM:    27       27      O        3.5990   -1.4520    4.8860
  QMMM:    28       28      C        4.4490   -2.5680    5.0130
  QMMM:    29       29      O       -0.7790   -1.7280   -0.5690
  QMMM:    30       30      C       -3.1380   -0.8720    0.9780
  QMMM:    31       31      C       -4.1280   -0.0140    1.2990
  QMMM:    32       32      C       -2.7160    1.8060    1.3910
  QMMM:    33       33      C       -3.9660    1.3120    1.5090
  QMMM:    34       34      O       -3.2590   -2.2230    0.7690
  QMMM:    35       35      C       -4.4590   -2.8560    1.1440
  QMMM:    36       36      O       -5.0770    2.0590    1.8210
  QMMM:    37       37      C       -4.9230    3.4400    2.0590
  QMMM:    38       38      H       -0.2730   -3.0070    1.5270
  QMMM:    39       39      H        1.9310   -2.0950    1.1990
  QMMM:    40       40      H        0.9160    0.4090    2.6370
  QMMM:    41       41      H        1.7530   -1.5260   -0.9740
  QMMM:    42       42      H        0.3770    2.4770   -0.9230
  QMMM:    43       43      H        2.8080   -1.1210   -3.0790
  QMMM:    44       44      H        1.4190    2.8700   -2.9990
  QMMM:    45       45      H        3.3730    2.2160   -6.0160
  QMMM:    46       46      H        1.7490    2.5710   -5.3170
  QMMM:    47       47      H        3.2870    3.0730   -4.4320
  QMMM:    48       48      H       -0.5330   -2.2590    3.6290
  QMMM:    49       49      H        5.9260    2.5710    0.8710
  QMMM:    50       50      H        5.7630    0.1970    0.3090
  QMMM:    51       51      H        3.9800    3.7310    1.7960
  QMMM:    52       52      H        3.7090   -1.0020    0.6620
  QMMM:    53       53      H        1.9060    2.5330    2.1590
  QMMM:    54       54      H        3.4790   -0.7430    3.0190
  QMMM:    55       55      H        4.9300   -2.5310    6.0160
  QMMM:    56       56      H        3.8600   -3.5090    4.9270
  QMMM:    57       57      H        5.2370   -2.5340    4.2280
  QMMM:    58       58      H       -1.6550   -2.1270   -0.5460
  QMMM:    59       59      H       -5.1570   -0.3960    1.3980
  QMMM:    60       60      H       -2.4880    2.8730    1.5340
  QMMM:    61       61      H       -4.3300   -3.9500    0.9840
  QMMM:    62       62      H       -4.6650   -2.6790    2.2230
  QMMM:    63       63      H       -5.2980   -2.5090    0.5000
  QMMM:    64       64      H       -5.9260    3.8570    2.3010
  QMMM:    65       65      H       -4.2560    3.6100    2.9330
  QMMM:    66       66      H       -4.5480    3.9500    1.1440

--------------------------------------------------------------------------------
  RESULTS
--------------------------------------------------------------------------------

      iter         sqm energy              rms gradient
      ----    -------------------    -----------------------
xmin    10     -176.4098 kcal/mol        0.4700 kcal/(mol*A)
xmin    20     -177.0003 kcal/mol        0.1069 kcal/(mol*A)
xmin    30     -177.0283 kcal/mol        0.1023 kcal/(mol*A)
xmin    40     -177.0756 kcal/mol        0.0700 kcal/(mol*A)
xmin    50     -177.0940 kcal/mol        0.1719 kcal/(mol*A)
xmin    60     -176.5353 kcal/mol        0.8086 kcal/(mol*A)
xmin    70     -177.0494 kcal/mol        0.1248 kcal/(mol*A)
xmin    80     -177.0841 kcal/mol        0.2628 kcal/(mol*A)
xmin    90     -177.1274 kcal/mol        0.0529 kcal/(mol*A)
xmin   100     -177.1334 kcal/mol        0.0470 kcal/(mol*A)
xmin   110     -177.1347 kcal/mol        0.0217 kcal/(mol*A)
xmin   120     -177.1357 kcal/mol        0.0117 kcal/(mol*A)
xmin   130     -177.1363 kcal/mol        0.0048 kcal/(mol*A)
xmin   140     -177.1369 kcal/mol        0.0052 kcal/(mol*A)
xmin   150     -177.1370 kcal/mol        0.0022 kcal/(mol*A)
xmin   160     -177.1371 kcal/mol        0.0020 kcal/(mol*A)
xmin   170     -177.1371 kcal/mol        0.0010 kcal/(mol*A)
xmin   180     -177.1371 kcal/mol        0.0028 kcal/(mol*A)
  ... geometry converged !
 
 Final MO eigenvalues (eV):
 -42.7439  -40.8631  -40.3365  -39.9764  -39.6325  -39.4548  -38.8379  -37.8962
 -37.7275  -36.9332  -36.3418  -35.3933  -32.6085  -32.0163  -31.6968  -31.5352
 -31.2476  -31.0739  -30.5021  -28.7805  -28.1694  -27.8658  -27.3984  -27.1401
 -26.4916  -24.2700  -23.6822  -23.3868  -23.2136  -22.7085  -22.5493  -21.8465
 -21.0505  -20.7431  -19.4523  -19.1120  -18.7898  -18.5182  -18.2541  -18.0527
 -17.8560  -17.6309  -17.2803  -17.0808  -17.0267  -16.7723  -16.6802  -16.5021
 -16.4110  -16.3874  -16.3219  -15.9136  -15.7554  -15.6748  -15.4983  -15.3818
 -15.3044  -15.0596  -14.9202  -14.6549  -14.4485  -14.3312  -14.2548  -14.1333
 -14.0266  -13.9519  -13.9378  -13.7487  -13.4230  -13.3054  -13.2672  -13.1773
 -13.1134  -13.0372  -12.9023  -12.7202  -12.5175  -12.5016  -12.3668  -12.2614
 -12.2205  -12.0188  -11.8565  -11.7629  -11.5983  -11.5024  -11.3112  -11.0964
 -10.9216  -10.8248  -10.0286   -9.8078   -9.6252   -9.5862   -9.1360   -8.9475
  -8.8099    0.2087    0.3091    0.4285    0.4613    0.5213    0.6603    0.8838
   1.7773    1.9438    2.2087    2.4422    2.5378    2.6079    2.6573    2.6837
   2.9706    3.1250    3.1324    3.1693    3.3926    3.5465    3.6909    3.7053
   3.7631    3.7820    3.7895    3.8515    3.8732    3.9153    3.9271    3.9954
   4.0164    4.0201    4.0307    4.0520    4.0699    4.1051    4.1264    4.1418
   4.1513    4.1672    4.2023    4.2880    4.2921    4.3147    4.3664    4.4124
   4.4426    4.4556    4.4991    4.5333    4.5583    4.5852    4.6205    4.6586
   4.6911    4.8625    4.9444    5.0026    5.0858    5.1901    5.2286    5.3821
   5.4393    5.4617    5.4772    5.5228    5.5628    5.5843    5.7349    5.9309
   5.9460    5.9607    5.9683    6.1539    6.2741    6.3710    6.5312    6.5618
   6.8849

 Heat of formation   =       -177.13706729 kcal/mol  (       -7.68123964 eV)

 Total SCF energy    =    -155680.08207489 kcal/mol  (    -6750.79493842 eV)
 Electronic energy   =   -1465134.80208188 kcal/mol  (   -63533.01253553 eV)
 Core-core repulsion =    1309454.72000699 kcal/mol  (    56782.21759711 eV)
 
    Atomic Charges for Step       1 :
  Atom    Element       Mulliken Charge
     1      C                 -0.234
     2      C                  0.141
     3      C                  0.156
     4      C                  0.139
     5      O                 -0.201
     6      C                  0.038
     7      C                 -0.162
     8      C                 -0.067
     9      C                  0.272
    10      O                 -0.349
    11      C                 -0.108
    12      C                 -0.063
    13      C                 -0.062
    14      C                 -0.167
    15      C                 -0.212
    16      C                  0.087
    17      O                 -0.211
    18      C                 -0.076
    19      O                 -0.317
    20      C                 -0.122
    21      C                 -0.127
    22      C                 -0.132
    23      C                 -0.107
    24      C                 -0.124
    25      C                 -0.087
    26      N                 -0.202
    27      O                 -0.197
    28      C                 -0.076
    29      O                 -0.314
    30      C                  0.180
    31      C                 -0.269
    32      C                 -0.261
    33      C                  0.152
    34      O                 -0.219
    35      C                 -0.074
    36      O                 -0.209
    37      C                 -0.077
    38      H                  0.104
    39      H                  0.132
    40      H                  0.127
    41      H                  0.143
    42      H                  0.147
    43      H                  0.148
    44      H                  0.136
    45      H                  0.104
    46      H                  0.073
    47      H                  0.072
    48      H                  0.229
    49      H                  0.133
    50      H                  0.136
    51      H                  0.134
    52      H                  0.136
    53      H                  0.138
    54      H                  0.229
    55      H                  0.101
    56      H                  0.094
    57      H                  0.075
    58      H                  0.229
    59      H                  0.157
    60      H                  0.157
    61      H                  0.106
    62      H                  0.084
    63      H                  0.076
    64      H                  0.107
    65      H                  0.078
    66      H                  0.076
 Total Mulliken Charge =      -0.000
 
                  X        Y        Z     TOTAL  
  QM DIPOLE    -0.145    2.089   -0.808    2.245
 
 Final Structure

  QMMM: QM Region Cartesian Coordinates (*=link atom) 
  QMMM: QM_NO.   MM_NO.  ATOM         X         Y         Z
  QMMM:     1        1      C       -1.8910   -0.4083    0.9246
  QMMM:     2        2      C       -0.5687   -1.0437    0.6232
  QMMM:     3        3      C       -1.7127    0.9815    1.0824
  QMMM:     4        4      C        0.4039    0.2153    0.5184
  QMMM:     5        5      O       -0.4068    1.3888    0.8876
  QMMM:     6        6      C        0.0145   -1.9482    1.7473
  QMMM:     7        7      C        1.4703   -1.4667    1.9449
  QMMM:     8        8      C        1.4351    0.0388    1.6681
  QMMM:     9        9      C        2.0097   -1.8653    3.3056
  QMMM:    10       10      O        1.5013   -2.8023    3.9483
  QMMM:    11       11      C        0.9877    0.4639   -0.8361
  QMMM:    12       12      C        1.5949   -0.5791   -1.5531
  QMMM:    13       13      C        0.9396    1.7400   -1.4081
  QMMM:    14       14      C        2.1394   -0.3586   -2.8113
  QMMM:    15       15      C        1.4829    1.9825   -2.6688
  QMMM:    16       16      C        2.0836    0.9317   -3.3699
  QMMM:    17       17      O        2.6568    1.0494   -4.6215
  QMMM:    18       18      C        2.5921    2.3375   -5.2215
  QMMM:    19       19      O       -0.7673   -1.7826    2.9097
  QMMM:    20       20      C        5.2368    1.9428    1.0444
  QMMM:    21       21      C        4.9854    0.7053    0.4540
  QMMM:    22       22      C        4.2502    2.5513    1.8203
  QMMM:    23       23      C        3.7549    0.0756    0.6387
  QMMM:    24       24      C        3.0216    1.9226    2.0085
  QMMM:    25       25      C        2.7600    0.6753    1.4196
  QMMM:    26       26      N        3.2226   -1.2645    3.7331
  QMMM:    27       27      O        3.4769   -1.3508    5.0470
  QMMM:    28       28      C        4.1904   -2.5385    5.4501
  QMMM:    29       29      O       -0.5688   -1.7902   -0.5769
  QMMM:    30       30      C       -3.1764   -0.9410    1.0497
  QMMM:    31       31      C       -4.2511   -0.0965    1.3658
  QMMM:    32       32      C       -2.7474    1.8563    1.3950
  QMMM:    33       33      C       -4.0206    1.2799    1.5418
  QMMM:    34       34      O       -3.3040   -2.2920    0.8065
  QMMM:    35       35      C       -4.5736   -2.8681    1.1029
  QMMM:    36       36      O       -5.1515    2.0054    1.8548
  QMMM:    37       37      C       -4.9687    3.4025    2.0608
  QMMM:    38       38      H        0.0090   -3.0222    1.4163
  QMMM:    39       39      H        2.1124   -1.9818    1.1755
  QMMM:    40       40      H        0.9719    0.5330    2.5760
  QMMM:    41       41      H        1.6205   -1.5945   -1.1247
  QMMM:    42       42      H        0.4658    2.5699   -0.8594
  QMMM:    43       43      H        2.6074   -1.1748   -3.3785
  QMMM:    44       44      H        1.4315    2.9936   -3.0947
  QMMM:    45       45      H        3.0961    2.1902   -6.2102
  QMMM:    46       46      H        1.5304    2.6545   -5.3638
  QMMM:    47       47      H        3.1449    3.0877   -4.6054
  QMMM:    48       48      H       -0.5446   -2.5110    3.5082
  QMMM:    49       49      H        6.2074    2.4382    0.8973
  QMMM:    50       50      H        5.7568    0.2227   -0.1642
  QMMM:    51       51      H        4.4405    3.5300    2.2849
  QMMM:    52       52      H        3.5656   -0.8917    0.1481
  QMMM:    53       53      H        2.2443    2.4135    2.6146
  QMMM:    54       54      H        3.3217   -0.2919    3.4611
  QMMM:    55       55      H        4.3248   -2.3693    6.5475
  QMMM:    56       56      H        3.5710   -3.4467    5.2561
  QMMM:    57       57      H        5.1754   -2.6080    4.9317
  QMMM:    58       58      H       -1.4427   -2.1995   -0.6529
  QMMM:    59       59      H       -5.2718   -0.4825    1.4821
  QMMM:    60       60      H       -2.5621    2.9287    1.5159
  QMMM:    61       61      H       -4.4095   -3.9608    0.9230
  QMMM:    62       62      H       -4.8553   -2.6788    2.1667
  QMMM:    63       63      H       -5.3527   -2.4660    0.4106
  QMMM:    64       64      H       -5.9983    3.7629    2.3132
  QMMM:    65       65      H       -4.2661    3.5873    2.9092
  QMMM:    66       66      H       -4.5966    3.8918    1.1282

           --------- Calculation Completed ----------

