            --------------------------------------------------------
                             AMBER SQM VERSION 14
 
                                     By
              Ross C. Walker, Michael F. Crowley, Scott Brozell,
                         Tim Giese, Andreas W. Goetz,
                        Tai-Sung Lee and David A. Case
 
            --------------------------------------------------------
 

--------------------------------------------------------------------------------
  QM CALCULATION INFO
--------------------------------------------------------------------------------

| QMMM: Citation for AMBER QMMM Run:
| QMMM: R.C. Walker, M.F. Crowley and D.A. Case, J. COMP. CHEM. 29:1019, 2008

QMMM: SINGLET STATE CALCULATION
QMMM: RHF CALCULATION, NO. OF DOUBLY OCCUPIED LEVELS = 75

| QMMM: *** Selected Hamiltonian *** 
| QMMM: AM1         

| QMMM: *** Parameter sets in use ***
| QMMM: C : M.J.S.DEWAR et al. JACS, 107, 3902, (1985)
| QMMM: O : M.J.S.DEWAR et al. JACS, 107, 3902, (1985)
| QMMM: N : M.J.S.DEWAR et al. JACS, 107, 3902, (1985)
| QMMM: H : M.J.S.DEWAR et al. JACS, 107, 3902, (1985)

| QMMM: *** SCF convergence criteria ***
| QMMM: Energy change                :  0.1D-09 kcal/mol
| QMMM: Error matrix |FP-PF|         :  0.1D+00 au
| QMMM: Density matrix change        :  0.5D-06
| QMMM: Maximum number of SCF cycles :     1000

| QMMM: *** Diagonalization Routine Information ***
| QMMM: Pseudo diagonalizations are allowed.
| QMMM: Auto diagonalization routine selection is in use.
| QMMM:
| QMMM: Timing diagonalization routines:
| QMMM:                              norbs =      139
| QMMM:    diag iterations used for timing =       10
| QMMM:
| QMMM:              Internal diag routine = 0.046014 seconds
| QMMM:                 Dspev diag routine = 0.059543 seconds
| QMMM:                Dspevd diag routine = 0.042826 seconds
| QMMM:                Dspevx diag routine = 0.165357 seconds
| QMMM:                 Dsyev diag routine = 0.064529 seconds
| QMMM:                Dsyevd diag routine = 0.049230 seconds
| QMMM:                Dsyevr diag routine = 0.050862 seconds
| QMMM:
| QMMM:                Pseudo diag routine = 0.025870 seconds
| QMMM:
| QMMM: Using dspevd routine (diag_routine=3).

  QMMM: QM Region Cartesian Coordinates (*=link atom) 
  QMMM: QM_NO.   MM_NO.  ATOM         X         Y         Z
  QMMM:     1        1      C       -5.1600    2.7960   -0.0570
  QMMM:     2        2      O       -3.9700    2.2130    0.4290
  QMMM:     3        3      C       -3.1790    1.6790   -0.6040
  QMMM:     4        4      C       -1.9050    1.1150    0.0030
  QMMM:     5        5      O       -1.0860    0.6170   -1.0240
  QMMM:     6        6      C        0.1570    0.2230   -0.5890
  QMMM:     7        7      C        0.4270   -1.0800   -0.3560
  QMMM:     8        8      C        1.7010   -1.3890   -0.0460
  QMMM:     9        9      C        2.6760   -0.4680    0.0400
  QMMM:    10       10      C        2.4180    0.8420   -0.1540
  QMMM:    11       11      C        1.1640    1.1140   -0.5500
  QMMM:    12       12      C        3.4280    1.7380   -0.0320
  QMMM:    13       13      N        4.5940    1.2660    0.1600
  QMMM:    14       14      C        4.7500    0.0240    0.3260
  QMMM:    15       15      N        3.8500   -0.8600    0.3030
  QMMM:    16       16      N        3.4250    3.0150   -0.0680
  QMMM:    17       17      C        2.6490    4.0240   -0.0020
  QMMM:    18       18      C        3.2160    5.2170   -0.2730
  QMMM:    19       19      C        2.5110    6.3590   -0.2440
  QMMM:    20       20      C        1.2130    6.3430    0.0900
  QMMM:    21       21      C        0.6370    5.1770    0.4200
  QMMM:    22       22      C        1.3610    4.0450    0.3920
  QMMM:    23       23      C       -0.6240    5.1430    0.7980
  QMMM:    24       24      C       -1.7880    5.0980    1.1360
  QMMM:    25       25      O       -0.6020   -1.9870   -0.4650
  QMMM:    26       26      C       -0.3550   -3.3470   -0.2230
  QMMM:    27       27      C       -1.6610   -4.1110   -0.3970
  QMMM:    28       28      O       -1.4220   -5.4760   -0.1560
  QMMM:    29       29      C       -2.5910   -6.2550   -0.3000
  QMMM:    30       30      H       -5.7780    2.0330   -0.5800
  QMMM:    31       31      H       -5.7320    3.1860    0.8150
  QMMM:    32       32      H       -4.9240    3.6440   -0.7370
  QMMM:    33       33      H       -3.7430    0.8730   -1.1270
  QMMM:    34       34      H       -2.9250    2.4870   -1.3290
  QMMM:    35       35      H       -1.3630    1.9220    0.5500
  QMMM:    36       36      H       -2.1390    0.2900    0.7150
  QMMM:    37       37      H        1.9820   -2.4400    0.1350
  QMMM:    38       38      H        0.9120    2.1110   -0.9340
  QMMM:    39       39      H        5.7780   -0.3230    0.5260
  QMMM:    40       40      H        4.4190    3.3580   -0.1550
  QMMM:    41       41      H        4.2820    5.2900   -0.5540
  QMMM:    42       42      H        2.9990    7.3160   -0.4930
  QMMM:    43       43      H        0.6410    7.2860    0.1160
  QMMM:    44       44      H        0.8700    3.1400    0.7770
  QMMM:    45       45      H       -2.8340    5.0520    1.4360
  QMMM:    46       46      H        0.3950   -3.7250   -0.9570
  QMMM:    47       47      H        0.0130   -3.4780    0.8210
  QMMM:    48       48      H       -2.4210   -3.7350    0.3260
  QMMM:    49       49      H       -2.0430   -3.9790   -1.4360
  QMMM:    50       50      H       -2.9810   -6.1780   -1.3390
  QMMM:    51       51      H       -2.3240   -7.3160   -0.0960
  QMMM:    52       52      H       -3.3620   -5.9330    0.4340

--------------------------------------------------------------------------------
  RESULTS
--------------------------------------------------------------------------------

      iter         sqm energy              rms gradient
      ----    -------------------    -----------------------
xmin    10       -2.6379 kcal/mol        1.6974 kcal/(mol*A)
xmin    20       -5.1869 kcal/mol        1.0811 kcal/(mol*A)
xmin    30       -7.2636 kcal/mol        0.4938 kcal/(mol*A)
xmin    40       -7.7464 kcal/mol        0.7689 kcal/(mol*A)
xmin    50       -8.2754 kcal/mol        0.3160 kcal/(mol*A)
xmin    60       -8.3494 kcal/mol        0.1797 kcal/(mol*A)
xmin    70       -8.3762 kcal/mol        0.0734 kcal/(mol*A)
xmin    80       -8.3949 kcal/mol        0.3596 kcal/(mol*A)
xmin    90       -5.8881 kcal/mol        6.3083 kcal/(mol*A)
xmin   100       -8.4092 kcal/mol        0.0228 kcal/(mol*A)
xmin   110       -8.4283 kcal/mol        0.0361 kcal/(mol*A)
xmin   120       -8.4466 kcal/mol        0.0932 kcal/(mol*A)
xmin   130       -8.4582 kcal/mol        0.0767 kcal/(mol*A)

QMMM: ERROR!
QMMM: Unable to achieve self consistency to the tolerances specified
QMMM: No convergence in SCF after   1000 steps.
QMMM: E =  -0.9014E+06 DeltaE =   0.6232E-01 DeltaP =   0.3228E-01
QMMM: Smallest DeltaE =   0.1127E-06 DeltaP =   0.6080E-03 Step =     98

