            --------------------------------------------------------
                             AMBER SQM VERSION 14
 
                                     By
              Ross C. Walker, Michael F. Crowley, Scott Brozell,
                         Tim Giese, Andreas W. Goetz,
                        Tai-Sung Lee and David A. Case
 
            --------------------------------------------------------
 

--------------------------------------------------------------------------------
  QM CALCULATION INFO
--------------------------------------------------------------------------------

| QMMM: Citation for AMBER QMMM Run:
| QMMM: R.C. Walker, M.F. Crowley and D.A. Case, J. COMP. CHEM. 29:1019, 2008

QMMM: SINGLET STATE CALCULATION
QMMM: RHF CALCULATION, NO. OF DOUBLY OCCUPIED LEVELS = 74

| QMMM: *** Selected Hamiltonian *** 
| QMMM: AM1         

| QMMM: *** Parameter sets in use ***
| QMMM: C : M.J.S.DEWAR et al. JACS, 107, 3902, (1985)
| QMMM: N : M.J.S.DEWAR et al. JACS, 107, 3902, (1985)
| QMMM: O : M.J.S.DEWAR et al. JACS, 107, 3902, (1985)
| QMMM: Cl: M.J.S.DEWAR et al. THEOCHEM, 180, 1, (1988)
| QMMM: H : M.J.S.DEWAR et al. JACS, 107, 3902, (1985)

| QMMM: *** SCF convergence criteria ***
| QMMM: Energy change                :  0.1D-09 kcal/mol
| QMMM: Error matrix |FP-PF|         :  0.1D+00 au
| QMMM: Density matrix change        :  0.5D-06
| QMMM: Maximum number of SCF cycles :     1000

| QMMM: *** Diagonalization Routine Information ***
| QMMM: Pseudo diagonalizations are allowed.
| QMMM: Auto diagonalization routine selection is in use.
| QMMM:
| QMMM: Timing diagonalization routines:
| QMMM:                              norbs =      135
| QMMM:    diag iterations used for timing =       10
| QMMM:
| QMMM:              Internal diag routine = 0.045921 seconds
| QMMM:                 Dspev diag routine = 0.055903 seconds
| QMMM:                Dspevd diag routine = 0.039369 seconds
| QMMM:                Dspevx diag routine = 0.153814 seconds
| QMMM:                 Dsyev diag routine = 0.059657 seconds
| QMMM:                Dsyevd diag routine = 0.045710 seconds
| QMMM:                Dsyevr diag routine = 0.047706 seconds
| QMMM:
| QMMM:                Pseudo diag routine = 0.019355 seconds
| QMMM:
| QMMM: Using dspevd routine (diag_routine=3).

  QMMM: QM Region Cartesian Coordinates (*=link atom) 
  QMMM: QM_NO.   MM_NO.  ATOM         X         Y         Z
  QMMM:     1        1      C        5.4550    0.9290    0.4020
  QMMM:     2        2      C        5.5290    0.3330    1.6040
  QMMM:     3        3      C        5.8240    0.1700   -0.6470
  QMMM:     4        4      C        5.9440   -0.9390    1.6720
  QMMM:     5        5      C        6.2320   -1.1060   -0.4940
  QMMM:     6        6      N        6.2780   -1.6240    0.6640
  QMMM:     7        7      O        5.0400    2.2260    0.2550
  QMMM:     8        8      C        1.5190    2.1940   -0.5460
  QMMM:     9        9      C        0.9600    2.7030    0.5650
  QMMM:    10       10      C        2.8500    2.0420   -0.6430
  QMMM:    11       11      C        1.7880    3.0530    1.5660
  QMMM:    12       12      C        3.6840    2.3830    0.3570
  QMMM:    13       13      C        3.1160    2.8970    1.4630
  QMMM:    14       14      C        6.5960   -1.8450   -1.5840
  QMMM:    15       15      N        6.9830   -3.1190   -1.2730
  QMMM:    16       16      C        7.4100   -4.0810   -2.2890
  QMMM:    17       17      O        6.5920   -1.4540   -2.7280
  QMMM:    18       18      N       -0.3530    2.9090    0.7970
  QMMM:    19       19      C       -1.4840    2.6760    0.0640
  QMMM:    20       20      N       -2.6340    3.0770    0.6880
  QMMM:    21       21      O       -1.4700    2.1690   -1.0240
  QMMM:    22       22      C       -3.9390    3.0370    0.3450
  QMMM:    23       23      C       -4.4590    2.5480   -0.7930
  QMMM:    24       24      C       -4.7920    3.5470    1.2540
  QMMM:    25       25      C       -5.7840    2.5720   -1.0050
  QMMM:    26       26      C       -6.1240    3.5840    1.0660
  QMMM:    27       27      C       -6.6140    3.0860   -0.0850
  QMMM:    28       28      Cl      -8.3120    3.0890   -0.4150
  QMMM:    29       29      C       -7.0240    4.1730    2.1310
  QMMM:    30       30      H       -7.5920    5.0430    1.7300
  QMMM:    31       31      H       -6.4600    4.5410    3.0180
  QMMM:    32       32      H       -7.7440    3.4100    2.5040
  QMMM:    33       33      H        5.2530    0.8790    2.5200
  QMMM:    34       34      H        5.7770    0.6420   -1.6430
  QMMM:    35       35      H        6.0090   -1.4460    2.6500
  QMMM:    36       36      H        0.9210    1.8870   -1.4150
  QMMM:    37       37      H        3.2740    1.6240   -1.5720
  QMMM:    38       38      H        1.3810    3.4790    2.5000
  QMMM:    39       39      H        3.7590    3.1970    2.3070
  QMMM:    40       40      H        6.9700   -3.4050   -0.2950
  QMMM:    41       41      H        6.5900   -4.2720   -3.0180
  QMMM:    42       42      H        8.3120   -3.7090   -2.8260
  QMMM:    43       43      H        7.6690   -5.0430   -1.7920
  QMMM:    44       44      H       -0.4790    3.3150    1.7130
  QMMM:    45       45      H       -2.5310    3.4970    1.6010
  QMMM:    46       46      H       -3.8360    2.1130   -1.5870
  QMMM:    47       47      H       -4.3840    3.9540    2.1950
  QMMM:    48       48      H       -6.1800    2.1620   -1.9500

--------------------------------------------------------------------------------
  RESULTS
--------------------------------------------------------------------------------

      iter         sqm energy              rms gradient
      ----    -------------------    -----------------------
xmin    10       -2.8564 kcal/mol        1.3242 kcal/(mol*A)
xmin    20       -5.1414 kcal/mol        0.1774 kcal/(mol*A)
xmin    30       -5.8556 kcal/mol        1.1213 kcal/(mol*A)
xmin    40       -6.3018 kcal/mol        0.3753 kcal/(mol*A)
xmin    50       -6.9918 kcal/mol        0.5951 kcal/(mol*A)
xmin    60       -7.1187 kcal/mol        0.2341 kcal/(mol*A)
xmin    70       -7.4142 kcal/mol        0.4545 kcal/(mol*A)
xmin    80       -7.7573 kcal/mol        0.6807 kcal/(mol*A)
xmin    90       -7.9254 kcal/mol        0.0659 kcal/(mol*A)
xmin   100       -7.9358 kcal/mol        0.0294 kcal/(mol*A)
xmin   110       -7.9531 kcal/mol        0.1563 kcal/(mol*A)
xmin   120       -7.9584 kcal/mol        0.0510 kcal/(mol*A)
xmin   130       -7.9650 kcal/mol        0.0338 kcal/(mol*A)
xmin   140       -7.9687 kcal/mol        0.0286 kcal/(mol*A)
xmin   150       -7.9745 kcal/mol        0.0424 kcal/(mol*A)
xmin   160       -7.9782 kcal/mol        0.0410 kcal/(mol*A)
xmin   170       -7.9813 kcal/mol        0.0209 kcal/(mol*A)
xmin   180       -7.9799 kcal/mol        0.0133 kcal/(mol*A)
xmin   190       -7.9803 kcal/mol        0.0187 kcal/(mol*A)
xmin   200       -7.9806 kcal/mol        0.0221 kcal/(mol*A)
xmin   210       -7.9816 kcal/mol        0.0230 kcal/(mol*A)
xmin   220       -7.9834 kcal/mol        0.0109 kcal/(mol*A)
xmin   230       -7.9862 kcal/mol        0.0197 kcal/(mol*A)
xmin   240       -7.9872 kcal/mol        0.0089 kcal/(mol*A)
xmin   250       -7.9873 kcal/mol        0.0046 kcal/(mol*A)
xmin   260       -7.9876 kcal/mol        0.0043 kcal/(mol*A)
xmin   270       -7.9878 kcal/mol        0.0063 kcal/(mol*A)
xmin   280       -7.9880 kcal/mol        0.0071 kcal/(mol*A)
xmin   290       -7.9880 kcal/mol        0.0066 kcal/(mol*A)
xmin   300       -7.9881 kcal/mol        0.0018 kcal/(mol*A)
xmin   310       -7.9881 kcal/mol        0.0021 kcal/(mol*A)
xmin   320       -7.9881 kcal/mol        0.0015 kcal/(mol*A)
xmin   330       -7.9882 kcal/mol        0.0056 kcal/(mol*A)
xmin   340       -7.9882 kcal/mol        0.0012 kcal/(mol*A)
xmin   350       -7.9882 kcal/mol        0.0015 kcal/(mol*A)
  ... geometry converged !
 
 Final MO eigenvalues (eV):
 -41.4720  -40.9583  -40.2803  -39.6902  -38.9055  -38.1923  -37.5238  -35.7388
 -35.4865  -35.3647  -33.5179  -32.5369  -32.1733  -31.9917  -30.6837  -29.2647
 -27.8218  -27.7769  -25.2990  -24.5447  -24.2778  -23.8612  -23.5460  -22.8074
 -21.5282  -21.4179  -19.8129  -19.4654  -19.0895  -18.5899  -17.8983  -17.5186
 -17.3287  -17.0708  -17.0238  -16.6582  -16.5466  -16.2593  -16.1205  -15.8323
 -15.6742  -15.3985  -15.1800  -15.1374  -15.0240  -14.9127  -14.7025  -14.6523
 -14.3435  -14.2085  -13.9505  -13.8236  -13.6413  -13.4593  -13.3250  -13.1659
 -12.9315  -12.8888  -12.8035  -12.6654  -12.4260  -11.8436  -11.7829  -11.4219
 -11.3176  -11.2923  -10.8283  -10.3054  -10.2191  -10.1031   -9.8941   -9.8790
  -9.2271   -8.9977   -0.4564   -0.3171   -0.1304    0.0106    0.0866    0.1245
   0.7127    1.1327    1.3745    1.5885    1.7443    2.1952    2.2791    2.3865
   2.4879    2.6073    3.0780    3.3374    3.3582    3.4167    3.4446    3.5573
   3.5869    3.7491    3.7630    3.7687    3.8461    3.9428    4.0160    4.0202
   4.0884    4.1972    4.2555    4.3091    4.3156    4.3361    4.4471    4.5060
   4.5544    4.6062    4.6489    4.6754    4.7223    4.7642    4.8262    4.9443
   4.9520    5.0837    5.1579    5.1823    5.2004    5.3090    5.4369    5.4874
   5.6614    5.8919    6.1074    6.2885    6.5088    6.6585    7.1448

 Heat of formation   =         -7.98820164 kcal/mol  (       -0.34639442 eV)

 Total SCF energy    =    -117871.40474839 kcal/mol  (    -5111.28766092 eV)
 Electronic energy   =    -812973.03179636 kcal/mol  (   -35253.15605552 eV)
 Core-core repulsion =     695101.62704797 kcal/mol  (    30141.86839460 eV)
 
    Atomic Charges for Step       1 :
  Atom    Element       Mulliken Charge
     1      C                  0.102
     2      C                 -0.230
     3      C                 -0.146
     4      C                 -0.044
     5      C                 -0.040
     6      N                 -0.156
     7      O                 -0.147
     8      C                 -0.128
     9      C                  0.073
    10      C                 -0.121
    11      C                 -0.172
    12      C                  0.010
    13      C                 -0.099
    14      C                  0.351
    15      N                 -0.360
    16      C                 -0.080
    17      O                 -0.369
    18      N                 -0.318
    19      C                  0.398
    20      N                 -0.316
    21      O                 -0.364
    22      C                  0.073
    23      C                 -0.132
    24      C                 -0.174
    25      C                 -0.100
    26      C                 -0.035
    27      C                 -0.085
    28      Cl                -0.015
    29      C                 -0.183
    30      H                  0.096
    31      H                  0.081
    32      H                  0.097
    33      H                  0.161
    34      H                  0.187
    35      H                  0.164
    36      H                  0.178
    37      H                  0.153
    38      H                  0.136
    39      H                  0.155
    40      H                  0.241
    41      H                  0.074
    42      H                  0.115
    43      H                  0.065
    44      H                  0.223
    45      H                  0.223
    46      H                  0.174
    47      H                  0.133
    48      H                  0.152
 Total Mulliken Charge =       0.000
 
                  X        Y        Z     TOTAL  
  QM DIPOLE    -2.488    1.153    4.776    5.507
 
 Final Structure

  QMMM: QM Region Cartesian Coordinates (*=link atom) 
  QMMM: QM_NO.   MM_NO.  ATOM         X         Y         Z
  QMMM:     1        1      C        4.8751    0.1123   -0.3681
  QMMM:     2        2      C        4.3243   -0.6663    0.6540
  QMMM:     3        3      C        6.0544   -0.3104   -1.0144
  QMMM:     4        4      C        4.9901   -1.8601    0.9921
  QMMM:     5        5      C        6.6297   -1.5219   -0.5950
  QMMM:     6        6      N        6.1102   -2.2942    0.3950
  QMMM:     7        7      O        4.3644    1.3189   -0.8134
  QMMM:     8        8      C        0.7500    1.5626   -0.0767
  QMMM:     9        9      C        0.7201    2.7676    0.6588
  QMMM:    10       10      C        1.9586    1.0500   -0.5352
  QMMM:    11       11      C        1.9387    3.4404    0.9219
  QMMM:    12       12      C        3.1498    1.7269   -0.2568
  QMMM:    13       13      C        3.1466    2.9195    0.4759
  QMMM:    14       14      C        7.9043   -1.9400   -1.2926
  QMMM:    15       15      N        8.2235   -3.2772   -1.3249
  QMMM:    16       16      C        9.4421   -3.7528   -1.9010
  QMMM:    17       17      O        8.6089   -1.0784   -1.8581
  QMMM:    18       18      N       -0.4680    3.2937    1.2024
  QMMM:    19       19      C       -1.7333    3.1487    0.5859
  QMMM:    20       20      N       -2.7799    3.9416    1.1068
  QMMM:    21       21      O       -1.9135    2.3620   -0.3677
  QMMM:    22       22      C       -4.1340    3.7467    0.7656
  QMMM:    23       23      C       -4.5387    3.3290   -0.5192
  QMMM:    24       24      C       -5.1243    4.0474    1.7283
  QMMM:    25       25      C       -5.8916    3.2198   -0.8194
  QMMM:    26       26      C       -6.4825    3.9451    1.4231
  QMMM:    27       27      C       -6.8610    3.5262    0.1382
  QMMM:    28       28      Cl      -8.5042    3.3821   -0.2788
  QMMM:    29       29      C       -7.4959    4.2729    2.4532
  QMMM:    30       30      H       -8.1530    5.1060    2.0969
  QMMM:    31       31      H       -7.0157    4.5864    3.4121
  QMMM:    32       32      H       -8.1427    3.3821    2.6556
  QMMM:    33       33      H        3.4085   -0.3637    1.1779
  QMMM:    34       34      H        6.5188    0.2920   -1.8094
  QMMM:    35       35      H        4.5961   -2.5081    1.7965
  QMMM:    36       36      H       -0.1846    1.0239   -0.3083
  QMMM:    37       37      H        1.9787    0.1164   -1.1175
  QMMM:    38       38      H        1.9471    4.3848    1.4881
  QMMM:    39       39      H        4.0928    3.4437    0.6768
  QMMM:    40       40      H        7.6966   -3.9196   -0.7814
  QMMM:    41       41      H        9.2269   -4.6644   -2.5207
  QMMM:    42       42      H        9.8985   -2.9618   -2.5546
  QMMM:    43       43      H       10.1807   -4.0289   -1.0997
  QMMM:    44       44      H       -0.3314    4.0841    1.7954
  QMMM:    45       45      H       -2.6383    4.3730    1.9946
  QMMM:    46       46      H       -3.7914    3.0755   -1.2895
  QMMM:    47       47      H       -4.8367    4.3742    2.7403
  QMMM:    48       48      H       -6.1950    2.8893   -1.8258

           --------- Calculation Completed ----------

