log started: Wed Apr 20 09:48:35 2016

Log file: ./leap.log
>> #
>> # ----- leaprc for loading the general Amber Force field.
>> #       This file is mostly for use with Antechamber
>> #
>> #	load atom type hybridizations
>> #
>> addAtomTypes {
>> 	{ "h1"  "H" "sp3" }
>> 	{ "h2"  "H" "sp3" }
>> 	{ "h3"  "H" "sp3" }
>> 	{ "h4"  "H" "sp3" }
>> 	{ "h5"  "H" "sp3" }
>> 	{ "ha"  "H" "sp3" }
>> 	{ "hc"  "H" "sp3" }
>> 	{ "hn"  "H" "sp3" }
>> 	{ "ho"  "H" "sp3" }
>> 	{ "hp"  "H" "sp3" }
>> 	{ "hs"  "H" "sp3" }
>> 	{ "hw"  "H" "sp3" }
>> 	{ "hx"  "H" "sp3" }
>> 	{ "o"  "O" "sp2" }
>> 	{ "o2"  "O" "sp2" }
>> 	{ "oh"  "O" "sp3" }
>> 	{ "os"  "O" "sp3" }
>> 	{ "ow"  "O" "sp3" }
>> 	{ "c"  "C" "sp2" }
>> 	{ "c1"  "C" "sp2" }
>> 	{ "c2"  "C" "sp2" }
>> 	{ "c3"  "C" "sp3" }
>> 	{ "ca"  "C" "sp2" }
>> 	{ "cc"  "C" "sp2" }
>> 	{ "cd"  "C" "sp2" }
>> 	{ "ce"  "C" "sp2" }
>> 	{ "cf"  "C" "sp2" }
>> 	{ "cg"  "C" "sp2" }
>> 	{ "ch"  "C" "sp2" }
>> 	{ "cp"  "C" "sp2" }
>> 	{ "cq"  "C" "sp2" }
>> 	{ "cu"  "C" "sp2" }
>> 	{ "cv"  "C" "sp2" }
>> 	{ "cx"  "C" "sp2" }
>> 	{ "cy"  "C" "sp2" }
>> 	{ "cz"  "C" "sp2" }
>> 	{ "n"   "N" "sp2" }
>> 	{ "n1"  "N" "sp2" }
>> 	{ "n2"  "N" "sp2" }
>> 	{ "n3"  "N" "sp3" }
>> 	{ "n4"  "N" "sp3" }
>> 	{ "na"  "N" "sp2" }
>> 	{ "nb"  "N" "sp2" }
>> 	{ "nc"  "N" "sp2" }
>> 	{ "nd"  "N" "sp2" }
>> 	{ "ne"  "N" "sp2" }
>> 	{ "nf"  "N" "sp2" }
>> 	{ "nh"  "N" "sp2" }
>> 	{ "no"  "N" "sp2" }
>> 	{ "s"   "S" "sp2" }
>> 	{ "s2"   "S" "sp2" }
>> 	{ "s3"   "S" "sp3" }
>> 	{ "s4"   "S" "sp3" }
>> 	{ "s6"   "S" "sp3" }
>> 	{ "sh"   "S" "sp3" }
>> 	{ "ss"   "S" "sp3" }
>> 	{ "sx"   "S" "sp3" }
>> 	{ "sy"   "S" "sp3" }
>> 	{ "p2"   "P" "sp2" }
>> 	{ "p3"   "P" "sp3" }
>> 	{ "p4"   "P" "sp3" }
>> 	{ "p5"   "P" "sp3" }
>> 	{ "pb"   "P" "sp3" }
>> 	{ "pc"   "P" "sp3" }
>> 	{ "pd"   "P" "sp3" }
>> 	{ "pe"   "P" "sp3" }
>> 	{ "pf"   "P" "sp3" }
>> 	{ "px"   "P" "sp3" }
>> 	{ "py"   "P" "sp3" }
>> 	{ "f"   "F" "sp3" }
>> 	{ "cl"  "Cl" "sp3" }
>> 	{ "br"  "Br" "sp3" }
>> 	{ "i"   "I"  "sp3" }
>> }
>> #
>> #	Load the general force field parameter set.
>> #
>> gaff = loadamberparams gaff.dat
Loading parameters: /Users/rossg/miniconda2/bin/../dat/leap/parm/gaff.dat
Reading title:
AMBER General Force Field for organic molecules (Version 1.7, Nov 2013)
> 
> 9TD = loadmol2 ../../ParamFiles/9T.mol2
Loading Mol2 file: ../../ParamFiles/9T.mol2
Reading MOLECULE named 9TD
> DYE = loadmol2 ../../ParamFiles/IR783.mol2
Loading Mol2 file: ../../ParamFiles/IR783.mol2
Reading MOLECULE named DYE
> loadamberparams ../../ParamFiles/9T.frcmod
Loading parameters: ../../ParamFiles/9T.frcmod
Reading force field modification type file (frcmod)
Reading title:
remark goes here
> loadamberparams ../../ParamFiles/IR783.frcmod 
Loading parameters: ../../ParamFiles/IR783.frcmod
Reading force field modification type file (frcmod)
Reading title:
remark goes here
> box = loadpdb system.pdb
Loading PDB file: ./system.pdb
Enter zPdbReadScan from call depth  0.
 (starting new molecule for chain B)
Exit  zPdbReadScan from call depth  0.
Matching PDB residue names to LEaP variables.
(Residue 0: 9TD, Terminal/beginning, was not found in name map.)
(Residue 1: 9TD, Nonterminal, was not found in name map.)
(Residue 2: 9TD, Nonterminal, was not found in name map.)
(Residue 3: 9TD, Nonterminal, was not found in name map.)
(Residue 4: 9TD, Nonterminal, was not found in name map.)
(Residue 5: 9TD, Nonterminal, was not found in name map.)
(Residue 6: 9TD, Nonterminal, was not found in name map.)
(Residue 7: 9TD, Nonterminal, was not found in name map.)
(Residue 8: 9TD, Nonterminal, was not found in name map.)
(Residue 9: 9TD, Nonterminal, was not found in name map.)
(Residue 10: 9TD, Nonterminal, was not found in name map.)
(Residue 11: 9TD, Nonterminal, was not found in name map.)
(Residue 12: 9TD, Nonterminal, was not found in name map.)
(Residue 13: 9TD, Nonterminal, was not found in name map.)
(Residue 14: 9TD, Nonterminal, was not found in name map.)
(Residue 15: 9TD, Nonterminal, was not found in name map.)
(Residue 16: 9TD, Nonterminal, was not found in name map.)
(Residue 17: 9TD, Nonterminal, was not found in name map.)
(Residue 18: 9TD, Nonterminal, was not found in name map.)
(Residue 19: 9TD, Nonterminal, was not found in name map.)
(Residue 20: 9TD, Nonterminal, was not found in name map.)
(Residue 21: 9TD, Nonterminal, was not found in name map.)
(Residue 22: 9TD, Nonterminal, was not found in name map.)
(Residue 23: 9TD, Nonterminal, was not found in name map.)
(Residue 24: 9TD, Nonterminal, was not found in name map.)
(Residue 25: 9TD, Nonterminal, was not found in name map.)
(Residue 26: 9TD, Nonterminal, was not found in name map.)
(Residue 27: 9TD, Nonterminal, was not found in name map.)
(Residue 28: 9TD, Nonterminal, was not found in name map.)
(Residue 29: 9TD, Nonterminal, was not found in name map.)
(Residue 30: 9TD, Nonterminal, was not found in name map.)
(Residue 31: 9TD, Nonterminal, was not found in name map.)
(Residue 32: 9TD, Nonterminal, was not found in name map.)
(Residue 33: 9TD, Nonterminal, was not found in name map.)
(Residue 34: 9TD, Nonterminal, was not found in name map.)
(Residue 35: 9TD, Nonterminal, was not found in name map.)
(Residue 36: 9TD, Nonterminal, was not found in name map.)
(Residue 37: 9TD, Nonterminal, was not found in name map.)
(Residue 38: 9TD, Nonterminal, was not found in name map.)
(Residue 39: 9TD, Nonterminal, was not found in name map.)
(Residue 40: 9TD, Nonterminal, was not found in name map.)
(Residue 41: 9TD, Nonterminal, was not found in name map.)
(Residue 42: 9TD, Nonterminal, was not found in name map.)
(Residue 43: 9TD, Nonterminal, was not found in name map.)
(Residue 44: 9TD, Nonterminal, was not found in name map.)
(Residue 45: 9TD, Nonterminal, was not found in name map.)
(Residue 46: 9TD, Nonterminal, was not found in name map.)
(Residue 47: 9TD, Nonterminal, was not found in name map.)
(Residue 48: 9TD, Nonterminal, was not found in name map.)
(Residue 49: 9TD, Terminal/last, was not found in name map.)
(Residue 50: DYE, Terminal/beginning, was not found in name map.)
(Residue 51: DYE, Nonterminal, was not found in name map.)
(Residue 52: DYE, Nonterminal, was not found in name map.)
(Residue 53: DYE, Nonterminal, was not found in name map.)
(Residue 54: DYE, Nonterminal, was not found in name map.)
(Residue 55: DYE, Nonterminal, was not found in name map.)
(Residue 56: DYE, Nonterminal, was not found in name map.)
(Residue 57: DYE, Nonterminal, was not found in name map.)
(Residue 58: DYE, Nonterminal, was not found in name map.)
(Residue 59: DYE, Terminal/last, was not found in name map.)
Starting new chain with 9TD
Starting new chain with 9TD
Starting new chain with 9TD
Starting new chain with 9TD
Starting new chain with 9TD
Starting new chain with 9TD
Starting new chain with 9TD
Starting new chain with 9TD
Starting new chain with 9TD
Starting new chain with 9TD
Starting new chain with 9TD
Starting new chain with 9TD
Starting new chain with 9TD
Starting new chain with 9TD
Starting new chain with 9TD
Starting new chain with 9TD
Starting new chain with 9TD
Starting new chain with 9TD
Starting new chain with 9TD
Starting new chain with 9TD
Starting new chain with 9TD
Starting new chain with 9TD
Starting new chain with 9TD
Starting new chain with 9TD
Starting new chain with 9TD
Starting new chain with 9TD
Starting new chain with 9TD
Starting new chain with 9TD
Starting new chain with 9TD
Starting new chain with 9TD
Starting new chain with 9TD
Starting new chain with 9TD
Starting new chain with 9TD
Starting new chain with 9TD
Starting new chain with 9TD
Starting new chain with 9TD
Starting new chain with 9TD
Starting new chain with 9TD
Starting new chain with 9TD
Starting new chain with 9TD
Starting new chain with 9TD
Starting new chain with 9TD
Starting new chain with 9TD
Starting new chain with 9TD
Starting new chain with 9TD
Starting new chain with 9TD
Starting new chain with 9TD
Starting new chain with 9TD
Starting new chain with 9TD
Starting new chain with DYE
Starting new chain with DYE
Starting new chain with DYE
Starting new chain with DYE
Starting new chain with DYE
Starting new chain with DYE
Starting new chain with DYE
Starting new chain with DYE
Starting new chain with DYE
  total atoms in file: 3950
> setbox box centers
Box dimensions:  157.643000 158.010000 155.465000
> # GB radii that are recommended for OBC
> set default PBRadii mbondi2
Using H(N)-modified Bondi radii
> #igb=5
> saveAmberParm box out.prmtop out.inpcrd
Checking Unit.
ERROR: The unperturbed charge of the unit: -9.979960 is not integral.
WARNING: The unperturbed charge of the unit: -9.979960 is not zero.

 -- ignoring the error and warning.

Building topology.
Building atom parameters.
Building bond parameters.
Building angle parameters.
Building proper torsion parameters.
1-4: angle 21 22 duplicates bond ('triangular' bond) or angle ('square' bond)

1-4: angle 18 22 duplicates bond ('triangular' bond) or angle ('square' bond)

1-4: angle 18 21 duplicates bond ('triangular' bond) or angle ('square' bond)

1-4: angle 81 82 duplicates bond ('triangular' bond) or angle ('square' bond)

1-4: angle 78 82 duplicates bond ('triangular' bond) or angle ('square' bond)

1-4: angle 78 81 duplicates bond ('triangular' bond) or angle ('square' bond)

1-4: angle 141 142 duplicates bond ('triangular' bond) or angle ('square' bond)

1-4: angle 138 142 duplicates bond ('triangular' bond) or angle ('square' bond)

1-4: angle 138 141 duplicates bond ('triangular' bond) or angle ('square' bond)

1-4: angle 201 202 duplicates bond ('triangular' bond) or angle ('square' bond)

1-4: angle 198 202 duplicates bond ('triangular' bond) or angle ('square' bond)

1-4: angle 198 201 duplicates bond ('triangular' bond) or angle ('square' bond)

1-4: angle 261 262 duplicates bond ('triangular' bond) or angle ('square' bond)

1-4: angle 258 262 duplicates bond ('triangular' bond) or angle ('square' bond)

1-4: angle 258 261 duplicates bond ('triangular' bond) or angle ('square' bond)

1-4: angle 321 322 duplicates bond ('triangular' bond) or angle ('square' bond)

1-4: angle 318 322 duplicates bond ('triangular' bond) or angle ('square' bond)

1-4: angle 318 321 duplicates bond ('triangular' bond) or angle ('square' bond)

1-4: angle 381 382 duplicates bond ('triangular' bond) or angle ('square' bond)

1-4: angle 378 382 duplicates bond ('triangular' bond) or angle ('square' bond)

1-4: angle 378 381 duplicates bond ('triangular' bond) or angle ('square' bond)

1-4: angle 441 442 duplicates bond ('triangular' bond) or angle ('square' bond)

1-4: angle 438 442 duplicates bond ('triangular' bond) or angle ('square' bond)

1-4: angle 438 441 duplicates bond ('triangular' bond) or angle ('square' bond)

1-4: angle 501 502 duplicates bond ('triangular' bond) or angle ('square' bond)

1-4: angle 498 502 duplicates bond ('triangular' bond) or angle ('square' bond)

1-4: angle 498 501 duplicates bond ('triangular' bond) or angle ('square' bond)

1-4: angle 561 562 duplicates bond ('triangular' bond) or angle ('square' bond)

1-4: angle 558 562 duplicates bond ('triangular' bond) or angle ('square' bond)

1-4: angle 558 561 duplicates bond ('triangular' bond) or angle ('square' bond)

1-4: angle 621 622 duplicates bond ('triangular' bond) or angle ('square' bond)

1-4: angle 618 622 duplicates bond ('triangular' bond) or angle ('square' bond)

1-4: angle 618 621 duplicates bond ('triangular' bond) or angle ('square' bond)

1-4: angle 681 682 duplicates bond ('triangular' bond) or angle ('square' bond)

1-4: angle 678 682 duplicates bond ('triangular' bond) or angle ('square' bond)

1-4: angle 678 681 duplicates bond ('triangular' bond) or angle ('square' bond)

1-4: angle 741 742 duplicates bond ('triangular' bond) or angle ('square' bond)

1-4: angle 738 742 duplicates bond ('triangular' bond) or angle ('square' bond)

1-4: angle 738 741 duplicates bond ('triangular' bond) or angle ('square' bond)

1-4: angle 801 802 duplicates bond ('triangular' bond) or angle ('square' bond)

1-4: angle 798 802 duplicates bond ('triangular' bond) or angle ('square' bond)

1-4: angle 798 801 duplicates bond ('triangular' bond) or angle ('square' bond)

1-4: angle 861 862 duplicates bond ('triangular' bond) or angle ('square' bond)

1-4: angle 858 862 duplicates bond ('triangular' bond) or angle ('square' bond)

1-4: angle 858 861 duplicates bond ('triangular' bond) or angle ('square' bond)

1-4: angle 921 922 duplicates bond ('triangular' bond) or angle ('square' bond)

1-4: angle 918 922 duplicates bond ('triangular' bond) or angle ('square' bond)

1-4: angle 918 921 duplicates bond ('triangular' bond) or angle ('square' bond)

1-4: angle 981 982 duplicates bond ('triangular' bond) or angle ('square' bond)

1-4: angle 978 982 duplicates bond ('triangular' bond) or angle ('square' bond)

1-4: angle 978 981 duplicates bond ('triangular' bond) or angle ('square' bond)

1-4: angle 1041 1042 duplicates bond ('triangular' bond) or angle ('square' bond)

1-4: angle 1038 1042 duplicates bond ('triangular' bond) or angle ('square' bond)

1-4: angle 1038 1041 duplicates bond ('triangular' bond) or angle ('square' bond)

1-4: angle 1101 1102 duplicates bond ('triangular' bond) or angle ('square' bond)

1-4: angle 1098 1102 duplicates bond ('triangular' bond) or angle ('square' bond)

1-4: angle 1098 1101 duplicates bond ('triangular' bond) or angle ('square' bond)

1-4: angle 1161 1162 duplicates bond ('triangular' bond) or angle ('square' bond)

1-4: angle 1158 1162 duplicates bond ('triangular' bond) or angle ('square' bond)

1-4: angle 1158 1161 duplicates bond ('triangular' bond) or angle ('square' bond)

1-4: angle 1221 1222 duplicates bond ('triangular' bond) or angle ('square' bond)

1-4: angle 1218 1222 duplicates bond ('triangular' bond) or angle ('square' bond)

1-4: angle 1218 1221 duplicates bond ('triangular' bond) or angle ('square' bond)

1-4: angle 1281 1282 duplicates bond ('triangular' bond) or angle ('square' bond)

1-4: angle 1278 1282 duplicates bond ('triangular' bond) or angle ('square' bond)

1-4: angle 1278 1281 duplicates bond ('triangular' bond) or angle ('square' bond)

1-4: angle 1341 1342 duplicates bond ('triangular' bond) or angle ('square' bond)

1-4: angle 1338 1342 duplicates bond ('triangular' bond) or angle ('square' bond)

1-4: angle 1338 1341 duplicates bond ('triangular' bond) or angle ('square' bond)

1-4: angle 1401 1402 duplicates bond ('triangular' bond) or angle ('square' bond)

1-4: angle 1398 1402 duplicates bond ('triangular' bond) or angle ('square' bond)

1-4: angle 1398 1401 duplicates bond ('triangular' bond) or angle ('square' bond)

1-4: angle 1461 1462 duplicates bond ('triangular' bond) or angle ('square' bond)

1-4: angle 1458 1462 duplicates bond ('triangular' bond) or angle ('square' bond)

1-4: angle 1458 1461 duplicates bond ('triangular' bond) or angle ('square' bond)

1-4: angle 1521 1522 duplicates bond ('triangular' bond) or angle ('square' bond)

1-4: angle 1518 1522 duplicates bond ('triangular' bond) or angle ('square' bond)

1-4: angle 1518 1521 duplicates bond ('triangular' bond) or angle ('square' bond)

1-4: angle 1581 1582 duplicates bond ('triangular' bond) or angle ('square' bond)

1-4: angle 1578 1582 duplicates bond ('triangular' bond) or angle ('square' bond)

1-4: angle 1578 1581 duplicates bond ('triangular' bond) or angle ('square' bond)

1-4: angle 1641 1642 duplicates bond ('triangular' bond) or angle ('square' bond)

1-4: angle 1638 1642 duplicates bond ('triangular' bond) or angle ('square' bond)

1-4: angle 1638 1641 duplicates bond ('triangular' bond) or angle ('square' bond)

1-4: angle 1701 1702 duplicates bond ('triangular' bond) or angle ('square' bond)

1-4: angle 1698 1702 duplicates bond ('triangular' bond) or angle ('square' bond)

1-4: angle 1698 1701 duplicates bond ('triangular' bond) or angle ('square' bond)

1-4: angle 1761 1762 duplicates bond ('triangular' bond) or angle ('square' bond)

1-4: angle 1758 1762 duplicates bond ('triangular' bond) or angle ('square' bond)

1-4: angle 1758 1761 duplicates bond ('triangular' bond) or angle ('square' bond)

1-4: angle 1821 1822 duplicates bond ('triangular' bond) or angle ('square' bond)

1-4: angle 1818 1822 duplicates bond ('triangular' bond) or angle ('square' bond)

1-4: angle 1818 1821 duplicates bond ('triangular' bond) or angle ('square' bond)

1-4: angle 1881 1882 duplicates bond ('triangular' bond) or angle ('square' bond)

1-4: angle 1878 1882 duplicates bond ('triangular' bond) or angle ('square' bond)

1-4: angle 1878 1881 duplicates bond ('triangular' bond) or angle ('square' bond)

1-4: angle 1941 1942 duplicates bond ('triangular' bond) or angle ('square' bond)

1-4: angle 1938 1942 duplicates bond ('triangular' bond) or angle ('square' bond)

1-4: angle 1938 1941 duplicates bond ('triangular' bond) or angle ('square' bond)

1-4: angle 2001 2002 duplicates bond ('triangular' bond) or angle ('square' bond)

1-4: angle 1998 2002 duplicates bond ('triangular' bond) or angle ('square' bond)

1-4: angle 1998 2001 duplicates bond ('triangular' bond) or angle ('square' bond)

1-4: angle 2061 2062 duplicates bond ('triangular' bond) or angle ('square' bond)

1-4: angle 2058 2062 duplicates bond ('triangular' bond) or angle ('square' bond)

1-4: angle 2058 2061 duplicates bond ('triangular' bond) or angle ('square' bond)

1-4: angle 2121 2122 duplicates bond ('triangular' bond) or angle ('square' bond)

1-4: angle 2118 2122 duplicates bond ('triangular' bond) or angle ('square' bond)

1-4: angle 2118 2121 duplicates bond ('triangular' bond) or angle ('square' bond)

1-4: angle 2181 2182 duplicates bond ('triangular' bond) or angle ('square' bond)

1-4: angle 2178 2182 duplicates bond ('triangular' bond) or angle ('square' bond)

1-4: angle 2178 2181 duplicates bond ('triangular' bond) or angle ('square' bond)

1-4: angle 2241 2242 duplicates bond ('triangular' bond) or angle ('square' bond)

1-4: angle 2238 2242 duplicates bond ('triangular' bond) or angle ('square' bond)

1-4: angle 2238 2241 duplicates bond ('triangular' bond) or angle ('square' bond)

1-4: angle 2301 2302 duplicates bond ('triangular' bond) or angle ('square' bond)

1-4: angle 2298 2302 duplicates bond ('triangular' bond) or angle ('square' bond)

1-4: angle 2298 2301 duplicates bond ('triangular' bond) or angle ('square' bond)

1-4: angle 2361 2362 duplicates bond ('triangular' bond) or angle ('square' bond)

1-4: angle 2358 2362 duplicates bond ('triangular' bond) or angle ('square' bond)

1-4: angle 2358 2361 duplicates bond ('triangular' bond) or angle ('square' bond)

1-4: angle 2421 2422 duplicates bond ('triangular' bond) or angle ('square' bond)

1-4: angle 2418 2422 duplicates bond ('triangular' bond) or angle ('square' bond)

1-4: angle 2418 2421 duplicates bond ('triangular' bond) or angle ('square' bond)

1-4: angle 2481 2482 duplicates bond ('triangular' bond) or angle ('square' bond)

1-4: angle 2478 2482 duplicates bond ('triangular' bond) or angle ('square' bond)

1-4: angle 2478 2481 duplicates bond ('triangular' bond) or angle ('square' bond)

1-4: angle 2541 2542 duplicates bond ('triangular' bond) or angle ('square' bond)

1-4: angle 2538 2542 duplicates bond ('triangular' bond) or angle ('square' bond)

1-4: angle 2538 2541 duplicates bond ('triangular' bond) or angle ('square' bond)

1-4: angle 2601 2602 duplicates bond ('triangular' bond) or angle ('square' bond)

1-4: angle 2598 2602 duplicates bond ('triangular' bond) or angle ('square' bond)

1-4: angle 2598 2601 duplicates bond ('triangular' bond) or angle ('square' bond)

1-4: angle 2661 2662 duplicates bond ('triangular' bond) or angle ('square' bond)

1-4: angle 2658 2662 duplicates bond ('triangular' bond) or angle ('square' bond)

1-4: angle 2658 2661 duplicates bond ('triangular' bond) or angle ('square' bond)

1-4: angle 2721 2722 duplicates bond ('triangular' bond) or angle ('square' bond)

1-4: angle 2718 2722 duplicates bond ('triangular' bond) or angle ('square' bond)

1-4: angle 2718 2721 duplicates bond ('triangular' bond) or angle ('square' bond)

1-4: angle 2781 2782 duplicates bond ('triangular' bond) or angle ('square' bond)

1-4: angle 2778 2782 duplicates bond ('triangular' bond) or angle ('square' bond)

1-4: angle 2778 2781 duplicates bond ('triangular' bond) or angle ('square' bond)

1-4: angle 2841 2842 duplicates bond ('triangular' bond) or angle ('square' bond)

1-4: angle 2838 2842 duplicates bond ('triangular' bond) or angle ('square' bond)

1-4: angle 2838 2841 duplicates bond ('triangular' bond) or angle ('square' bond)

1-4: angle 2901 2902 duplicates bond ('triangular' bond) or angle ('square' bond)

1-4: angle 2898 2902 duplicates bond ('triangular' bond) or angle ('square' bond)

1-4: angle 2898 2901 duplicates bond ('triangular' bond) or angle ('square' bond)

1-4: angle 2961 2962 duplicates bond ('triangular' bond) or angle ('square' bond)

1-4: angle 2958 2962 duplicates bond ('triangular' bond) or angle ('square' bond)

1-4: angle 2958 2961 duplicates bond ('triangular' bond) or angle ('square' bond)

Building improper torsion parameters.
 ** Warning: No sp2 improper torsion term for  cx-cx-cx-hc
        atoms are: C6 C9 C10 H5
 ** Warning: No sp2 improper torsion term for  cx-cx-cx-hc
        atoms are: C6 C9 C10 H6
 ** Warning: No sp2 improper torsion term for  cx-hc-cx-hc
        atoms are: C6 H5 C10 H6
 ** Warning: No sp2 improper torsion term for  cx-hc-cx-hc
        atoms are: C9 H5 C10 H6
 ** Warning: No sp2 improper torsion term for  cx-cx-cx-hc
        atoms are: C6 C10 C9 H3
 ** Warning: No sp2 improper torsion term for  cx-cx-cx-hc
        atoms are: C6 C10 C9 H4
 ** Warning: No sp2 improper torsion term for  cx-hc-cx-hc
        atoms are: C6 H3 C9 H4
 ** Warning: No sp2 improper torsion term for  cx-hc-cx-hc
        atoms are: C10 H3 C9 H4
 ** Warning: No sp2 improper torsion term for  n-cx-cx-cx
        atoms are: N1 C9 C6 C10
 ** Warning: No sp2 improper torsion term for  n-cx-cx-h1
        atoms are: N1 C9 C6 H2
 ** Warning: No sp2 improper torsion term for  n-cx-cx-h1
        atoms are: N1 C10 C6 H2
 ** Warning: No sp2 improper torsion term for  cx-cx-cx-h1
        atoms are: C9 C10 C6 H2
 ** Warning: No sp2 improper torsion term for  cx-cx-cx-hc
        atoms are: C6 C9 C10 H5
 ** Warning: No sp2 improper torsion term for  cx-cx-cx-hc
        atoms are: C6 C9 C10 H6
 ** Warning: No sp2 improper torsion term for  cx-hc-cx-hc
        atoms are: C6 H5 C10 H6
 ** Warning: No sp2 improper torsion term for  cx-hc-cx-hc
        atoms are: C9 H5 C10 H6
 ** Warning: No sp2 improper torsion term for  cx-cx-cx-hc
        atoms are: C6 C10 C9 H3
 ** Warning: No sp2 improper torsion term for  cx-cx-cx-hc
        atoms are: C6 C10 C9 H4
 ** Warning: No sp2 improper torsion term for  cx-hc-cx-hc
        atoms are: C6 H3 C9 H4
 ** Warning: No sp2 improper torsion term for  cx-hc-cx-hc
        atoms are: C10 H3 C9 H4
 ** Warning: No sp2 improper torsion term for  n-cx-cx-cx
        atoms are: N1 C9 C6 C10
 ** Warning: No sp2 improper torsion term for  n-cx-cx-h1
        atoms are: N1 C9 C6 H2
 ** Warning: No sp2 improper torsion term for  n-cx-cx-h1
        atoms are: N1 C10 C6 H2
 ** Warning: No sp2 improper torsion term for  cx-cx-cx-h1
        atoms are: C9 C10 C6 H2
 ** Warning: No sp2 improper torsion term for  cx-cx-cx-hc
        atoms are: C6 C9 C10 H5
 ** Warning: No sp2 improper torsion term for  cx-cx-cx-hc
        atoms are: C6 C9 C10 H6
 ** Warning: No sp2 improper torsion term for  cx-hc-cx-hc
        atoms are: C6 H5 C10 H6
 ** Warning: No sp2 improper torsion term for  cx-hc-cx-hc
        atoms are: C9 H5 C10 H6
 ** Warning: No sp2 improper torsion term for  cx-cx-cx-hc
        atoms are: C6 C10 C9 H3
 ** Warning: No sp2 improper torsion term for  cx-cx-cx-hc
        atoms are: C6 C10 C9 H4
 ** Warning: No sp2 improper torsion term for  cx-hc-cx-hc
        atoms are: C6 H3 C9 H4
 ** Warning: No sp2 improper torsion term for  cx-hc-cx-hc
        atoms are: C10 H3 C9 H4
 ** Warning: No sp2 improper torsion term for  n-cx-cx-cx
        atoms are: N1 C9 C6 C10
 ** Warning: No sp2 improper torsion term for  n-cx-cx-h1
        atoms are: N1 C9 C6 H2
 ** Warning: No sp2 improper torsion term for  n-cx-cx-h1
        atoms are: N1 C10 C6 H2
 ** Warning: No sp2 improper torsion term for  cx-cx-cx-h1
        atoms are: C9 C10 C6 H2
 ** Warning: No sp2 improper torsion term for  cx-cx-cx-hc
        atoms are: C6 C9 C10 H5
 ** Warning: No sp2 improper torsion term for  cx-cx-cx-hc
        atoms are: C6 C9 C10 H6
 ** Warning: No sp2 improper torsion term for  cx-hc-cx-hc
        atoms are: C6 H5 C10 H6
 ** Warning: No sp2 improper torsion term for  cx-hc-cx-hc
        atoms are: C9 H5 C10 H6
 ** Warning: No sp2 improper torsion term for  cx-cx-cx-hc
        atoms are: C6 C10 C9 H3
 ** Warning: No sp2 improper torsion term for  cx-cx-cx-hc
        atoms are: C6 C10 C9 H4
 ** Warning: No sp2 improper torsion term for  cx-hc-cx-hc
        atoms are: C6 H3 C9 H4
 ** Warning: No sp2 improper torsion term for  cx-hc-cx-hc
        atoms are: C10 H3 C9 H4
 ** Warning: No sp2 improper torsion term for  n-cx-cx-cx
        atoms are: N1 C9 C6 C10
 ** Warning: No sp2 improper torsion term for  n-cx-cx-h1
        atoms are: N1 C9 C6 H2
 ** Warning: No sp2 improper torsion term for  n-cx-cx-h1
        atoms are: N1 C10 C6 H2
 ** Warning: No sp2 improper torsion term for  cx-cx-cx-h1
        atoms are: C9 C10 C6 H2
 ** Warning: No sp2 improper torsion term for  cx-cx-cx-hc
        atoms are: C6 C9 C10 H5
 ** Warning: No sp2 improper torsion term for  cx-cx-cx-hc
        atoms are: C6 C9 C10 H6
 ** Warning: No sp2 improper torsion term for  cx-hc-cx-hc
        atoms are: C6 H5 C10 H6
 ** Warning: No sp2 improper torsion term for  cx-hc-cx-hc
        atoms are: C9 H5 C10 H6
 ** Warning: No sp2 improper torsion term for  cx-cx-cx-hc
        atoms are: C6 C10 C9 H3
 ** Warning: No sp2 improper torsion term for  cx-cx-cx-hc
        atoms are: C6 C10 C9 H4
 ** Warning: No sp2 improper torsion term for  cx-hc-cx-hc
        atoms are: C6 H3 C9 H4
 ** Warning: No sp2 improper torsion term for  cx-hc-cx-hc
        atoms are: C10 H3 C9 H4
 ** Warning: No sp2 improper torsion term for  n-cx-cx-cx
        atoms are: N1 C9 C6 C10
 ** Warning: No sp2 improper torsion term for  n-cx-cx-h1
        atoms are: N1 C9 C6 H2
 ** Warning: No sp2 improper torsion term for  n-cx-cx-h1
        atoms are: N1 C10 C6 H2
 ** Warning: No sp2 improper torsion term for  cx-cx-cx-h1
        atoms are: C9 C10 C6 H2
 ** Warning: No sp2 improper torsion term for  cx-cx-cx-hc
        atoms are: C6 C9 C10 H5
 ** Warning: No sp2 improper torsion term for  cx-cx-cx-hc
        atoms are: C6 C9 C10 H6
 ** Warning: No sp2 improper torsion term for  cx-hc-cx-hc
        atoms are: C6 H5 C10 H6
 ** Warning: No sp2 improper torsion term for  cx-hc-cx-hc
        atoms are: C9 H5 C10 H6
 ** Warning: No sp2 improper torsion term for  cx-cx-cx-hc
        atoms are: C6 C10 C9 H3
 ** Warning: No sp2 improper torsion term for  cx-cx-cx-hc
        atoms are: C6 C10 C9 H4
 ** Warning: No sp2 improper torsion term for  cx-hc-cx-hc
        atoms are: C6 H3 C9 H4
 ** Warning: No sp2 improper torsion term for  cx-hc-cx-hc
        atoms are: C10 H3 C9 H4
 ** Warning: No sp2 improper torsion term for  n-cx-cx-cx
        atoms are: N1 C9 C6 C10
 ** Warning: No sp2 improper torsion term for  n-cx-cx-h1
        atoms are: N1 C9 C6 H2
 ** Warning: No sp2 improper torsion term for  n-cx-cx-h1
        atoms are: N1 C10 C6 H2
 ** Warning: No sp2 improper torsion term for  cx-cx-cx-h1
        atoms are: C9 C10 C6 H2
 ** Warning: No sp2 improper torsion term for  cx-cx-cx-hc
        atoms are: C6 C9 C10 H5
 ** Warning: No sp2 improper torsion term for  cx-cx-cx-hc
        atoms are: C6 C9 C10 H6
 ** Warning: No sp2 improper torsion term for  cx-hc-cx-hc
        atoms are: C6 H5 C10 H6
 ** Warning: No sp2 improper torsion term for  cx-hc-cx-hc
        atoms are: C9 H5 C10 H6
 ** Warning: No sp2 improper torsion term for  cx-cx-cx-hc
        atoms are: C6 C10 C9 H3
 ** Warning: No sp2 improper torsion term for  cx-cx-cx-hc
        atoms are: C6 C10 C9 H4
 ** Warning: No sp2 improper torsion term for  cx-hc-cx-hc
        atoms are: C6 H3 C9 H4
 ** Warning: No sp2 improper torsion term for  cx-hc-cx-hc
        atoms are: C10 H3 C9 H4
 ** Warning: No sp2 improper torsion term for  n-cx-cx-cx
        atoms are: N1 C9 C6 C10
 ** Warning: No sp2 improper torsion term for  n-cx-cx-h1
        atoms are: N1 C9 C6 H2
 ** Warning: No sp2 improper torsion term for  n-cx-cx-h1
        atoms are: N1 C10 C6 H2
 ** Warning: No sp2 improper torsion term for  cx-cx-cx-h1
        atoms are: C9 C10 C6 H2
 ** Warning: No sp2 improper torsion term for  cx-cx-cx-hc
        atoms are: C6 C9 C10 H5
 ** Warning: No sp2 improper torsion term for  cx-cx-cx-hc
        atoms are: C6 C9 C10 H6
 ** Warning: No sp2 improper torsion term for  cx-hc-cx-hc
        atoms are: C6 H5 C10 H6
 ** Warning: No sp2 improper torsion term for  cx-hc-cx-hc
        atoms are: C9 H5 C10 H6
 ** Warning: No sp2 improper torsion term for  cx-cx-cx-hc
        atoms are: C6 C10 C9 H3
 ** Warning: No sp2 improper torsion term for  cx-cx-cx-hc
        atoms are: C6 C10 C9 H4
 ** Warning: No sp2 improper torsion term for  cx-hc-cx-hc
        atoms are: C6 H3 C9 H4
 ** Warning: No sp2 improper torsion term for  cx-hc-cx-hc
        atoms are: C10 H3 C9 H4
 ** Warning: No sp2 improper torsion term for  n-cx-cx-cx
        atoms are: N1 C9 C6 C10
 ** Warning: No sp2 improper torsion term for  n-cx-cx-h1
        atoms are: N1 C9 C6 H2
 ** Warning: No sp2 improper torsion term for  n-cx-cx-h1
        atoms are: N1 C10 C6 H2
 ** Warning: No sp2 improper torsion term for  cx-cx-cx-h1
        atoms are: C9 C10 C6 H2
 ** Warning: No sp2 improper torsion term for  cx-cx-cx-hc
        atoms are: C6 C9 C10 H5
 ** Warning: No sp2 improper torsion term for  cx-cx-cx-hc
        atoms are: C6 C9 C10 H6
 ** Warning: No sp2 improper torsion term for  cx-hc-cx-hc
        atoms are: C6 H5 C10 H6
 ** Warning: No sp2 improper torsion term for  cx-hc-cx-hc
        atoms are: C9 H5 C10 H6
 ** Warning: No sp2 improper torsion term for  cx-cx-cx-hc
        atoms are: C6 C10 C9 H3
 ** Warning: No sp2 improper torsion term for  cx-cx-cx-hc
        atoms are: C6 C10 C9 H4
 ** Warning: No sp2 improper torsion term for  cx-hc-cx-hc
        atoms are: C6 H3 C9 H4
 ** Warning: No sp2 improper torsion term for  cx-hc-cx-hc
        atoms are: C10 H3 C9 H4
 ** Warning: No sp2 improper torsion term for  n-cx-cx-cx
        atoms are: N1 C9 C6 C10
 ** Warning: No sp2 improper torsion term for  n-cx-cx-h1
        atoms are: N1 C9 C6 H2
 ** Warning: No sp2 improper torsion term for  n-cx-cx-h1
        atoms are: N1 C10 C6 H2
 ** Warning: No sp2 improper torsion term for  cx-cx-cx-h1
        atoms are: C9 C10 C6 H2
 ** Warning: No sp2 improper torsion term for  cx-cx-cx-hc
        atoms are: C6 C9 C10 H5
 ** Warning: No sp2 improper torsion term for  cx-cx-cx-hc
        atoms are: C6 C9 C10 H6
 ** Warning: No sp2 improper torsion term for  cx-hc-cx-hc
        atoms are: C6 H5 C10 H6
 ** Warning: No sp2 improper torsion term for  cx-hc-cx-hc
        atoms are: C9 H5 C10 H6
 ** Warning: No sp2 improper torsion term for  cx-cx-cx-hc
        atoms are: C6 C10 C9 H3
 ** Warning: No sp2 improper torsion term for  cx-cx-cx-hc
        atoms are: C6 C10 C9 H4
 ** Warning: No sp2 improper torsion term for  cx-hc-cx-hc
        atoms are: C6 H3 C9 H4
 ** Warning: No sp2 improper torsion term for  cx-hc-cx-hc
        atoms are: C10 H3 C9 H4
 ** Warning: No sp2 improper torsion term for  n-cx-cx-cx
        atoms are: N1 C9 C6 C10
 ** Warning: No sp2 improper torsion term for  n-cx-cx-h1
        atoms are: N1 C9 C6 H2
 ** Warning: No sp2 improper torsion term for  n-cx-cx-h1
        atoms are: N1 C10 C6 H2
 ** Warning: No sp2 improper torsion term for  cx-cx-cx-h1
        atoms are: C9 C10 C6 H2
 ** Warning: No sp2 improper torsion term for  cx-cx-cx-hc
        atoms are: C6 C9 C10 H5
 ** Warning: No sp2 improper torsion term for  cx-cx-cx-hc
        atoms are: C6 C9 C10 H6
 ** Warning: No sp2 improper torsion term for  cx-hc-cx-hc
        atoms are: C6 H5 C10 H6
 ** Warning: No sp2 improper torsion term for  cx-hc-cx-hc
        atoms are: C9 H5 C10 H6
 ** Warning: No sp2 improper torsion term for  cx-cx-cx-hc
        atoms are: C6 C10 C9 H3
 ** Warning: No sp2 improper torsion term for  cx-cx-cx-hc
        atoms are: C6 C10 C9 H4
 ** Warning: No sp2 improper torsion term for  cx-hc-cx-hc
        atoms are: C6 H3 C9 H4
 ** Warning: No sp2 improper torsion term for  cx-hc-cx-hc
        atoms are: C10 H3 C9 H4
 ** Warning: No sp2 improper torsion term for  n-cx-cx-cx
        atoms are: N1 C9 C6 C10
 ** Warning: No sp2 improper torsion term for  n-cx-cx-h1
        atoms are: N1 C9 C6 H2
 ** Warning: No sp2 improper torsion term for  n-cx-cx-h1
        atoms are: N1 C10 C6 H2
 ** Warning: No sp2 improper torsion term for  cx-cx-cx-h1
        atoms are: C9 C10 C6 H2
 ** Warning: No sp2 improper torsion term for  cx-cx-cx-hc
        atoms are: C6 C9 C10 H5
 ** Warning: No sp2 improper torsion term for  cx-cx-cx-hc
        atoms are: C6 C9 C10 H6
 ** Warning: No sp2 improper torsion term for  cx-hc-cx-hc
        atoms are: C6 H5 C10 H6
 ** Warning: No sp2 improper torsion term for  cx-hc-cx-hc
        atoms are: C9 H5 C10 H6
 ** Warning: No sp2 improper torsion term for  cx-cx-cx-hc
        atoms are: C6 C10 C9 H3
 ** Warning: No sp2 improper torsion term for  cx-cx-cx-hc
        atoms are: C6 C10 C9 H4
 ** Warning: No sp2 improper torsion term for  cx-hc-cx-hc
        atoms are: C6 H3 C9 H4
 ** Warning: No sp2 improper torsion term for  cx-hc-cx-hc
        atoms are: C10 H3 C9 H4
 ** Warning: No sp2 improper torsion term for  n-cx-cx-cx
        atoms are: N1 C9 C6 C10
 ** Warning: No sp2 improper torsion term for  n-cx-cx-h1
        atoms are: N1 C9 C6 H2
 ** Warning: No sp2 improper torsion term for  n-cx-cx-h1
        atoms are: N1 C10 C6 H2
 ** Warning: No sp2 improper torsion term for  cx-cx-cx-h1
        atoms are: C9 C10 C6 H2
 ** Warning: No sp2 improper torsion term for  cx-cx-cx-hc
        atoms are: C6 C9 C10 H5
 ** Warning: No sp2 improper torsion term for  cx-cx-cx-hc
        atoms are: C6 C9 C10 H6
 ** Warning: No sp2 improper torsion term for  cx-hc-cx-hc
        atoms are: C6 H5 C10 H6
 ** Warning: No sp2 improper torsion term for  cx-hc-cx-hc
        atoms are: C9 H5 C10 H6
 ** Warning: No sp2 improper torsion term for  cx-cx-cx-hc
        atoms are: C6 C10 C9 H3
 ** Warning: No sp2 improper torsion term for  cx-cx-cx-hc
        atoms are: C6 C10 C9 H4
 ** Warning: No sp2 improper torsion term for  cx-hc-cx-hc
        atoms are: C6 H3 C9 H4
 ** Warning: No sp2 improper torsion term for  cx-hc-cx-hc
        atoms are: C10 H3 C9 H4
 ** Warning: No sp2 improper torsion term for  n-cx-cx-cx
        atoms are: N1 C9 C6 C10
 ** Warning: No sp2 improper torsion term for  n-cx-cx-h1
        atoms are: N1 C9 C6 H2
 ** Warning: No sp2 improper torsion term for  n-cx-cx-h1
        atoms are: N1 C10 C6 H2
 ** Warning: No sp2 improper torsion term for  cx-cx-cx-h1
        atoms are: C9 C10 C6 H2
 ** Warning: No sp2 improper torsion term for  cx-cx-cx-hc
        atoms are: C6 C9 C10 H5
 ** Warning: No sp2 improper torsion term for  cx-cx-cx-hc
        atoms are: C6 C9 C10 H6
 ** Warning: No sp2 improper torsion term for  cx-hc-cx-hc
        atoms are: C6 H5 C10 H6
 ** Warning: No sp2 improper torsion term for  cx-hc-cx-hc
        atoms are: C9 H5 C10 H6
 ** Warning: No sp2 improper torsion term for  cx-cx-cx-hc
        atoms are: C6 C10 C9 H3
 ** Warning: No sp2 improper torsion term for  cx-cx-cx-hc
        atoms are: C6 C10 C9 H4
 ** Warning: No sp2 improper torsion term for  cx-hc-cx-hc
        atoms are: C6 H3 C9 H4
 ** Warning: No sp2 improper torsion term for  cx-hc-cx-hc
        atoms are: C10 H3 C9 H4
 ** Warning: No sp2 improper torsion term for  n-cx-cx-cx
        atoms are: N1 C9 C6 C10
 ** Warning: No sp2 improper torsion term for  n-cx-cx-h1
        atoms are: N1 C9 C6 H2
 ** Warning: No sp2 improper torsion term for  n-cx-cx-h1
        atoms are: N1 C10 C6 H2
 ** Warning: No sp2 improper torsion term for  cx-cx-cx-h1
        atoms are: C9 C10 C6 H2
 ** Warning: No sp2 improper torsion term for  cx-cx-cx-hc
        atoms are: C6 C9 C10 H5
 ** Warning: No sp2 improper torsion term for  cx-cx-cx-hc
        atoms are: C6 C9 C10 H6
 ** Warning: No sp2 improper torsion term for  cx-hc-cx-hc
        atoms are: C6 H5 C10 H6
 ** Warning: No sp2 improper torsion term for  cx-hc-cx-hc
        atoms are: C9 H5 C10 H6
 ** Warning: No sp2 improper torsion term for  cx-cx-cx-hc
        atoms are: C6 C10 C9 H3
 ** Warning: No sp2 improper torsion term for  cx-cx-cx-hc
        atoms are: C6 C10 C9 H4
 ** Warning: No sp2 improper torsion term for  cx-hc-cx-hc
        atoms are: C6 H3 C9 H4
 ** Warning: No sp2 improper torsion term for  cx-hc-cx-hc
        atoms are: C10 H3 C9 H4
 ** Warning: No sp2 improper torsion term for  n-cx-cx-cx
        atoms are: N1 C9 C6 C10
 ** Warning: No sp2 improper torsion term for  n-cx-cx-h1
        atoms are: N1 C9 C6 H2
 ** Warning: No sp2 improper torsion term for  n-cx-cx-h1
        atoms are: N1 C10 C6 H2
 ** Warning: No sp2 improper torsion term for  cx-cx-cx-h1
        atoms are: C9 C10 C6 H2
 ** Warning: No sp2 improper torsion term for  cx-cx-cx-hc
        atoms are: C6 C9 C10 H5
 ** Warning: No sp2 improper torsion term for  cx-cx-cx-hc
        atoms are: C6 C9 C10 H6
 ** Warning: No sp2 improper torsion term for  cx-hc-cx-hc
        atoms are: C6 H5 C10 H6
 ** Warning: No sp2 improper torsion term for  cx-hc-cx-hc
        atoms are: C9 H5 C10 H6
 ** Warning: No sp2 improper torsion term for  cx-cx-cx-hc
        atoms are: C6 C10 C9 H3
 ** Warning: No sp2 improper torsion term for  cx-cx-cx-hc
        atoms are: C6 C10 C9 H4
 ** Warning: No sp2 improper torsion term for  cx-hc-cx-hc
        atoms are: C6 H3 C9 H4
 ** Warning: No sp2 improper torsion term for  cx-hc-cx-hc
        atoms are: C10 H3 C9 H4
 ** Warning: No sp2 improper torsion term for  n-cx-cx-cx
        atoms are: N1 C9 C6 C10
 ** Warning: No sp2 improper torsion term for  n-cx-cx-h1
        atoms are: N1 C9 C6 H2
 ** Warning: No sp2 improper torsion term for  n-cx-cx-h1
        atoms are: N1 C10 C6 H2
 ** Warning: No sp2 improper torsion term for  cx-cx-cx-h1
        atoms are: C9 C10 C6 H2
 ** Warning: No sp2 improper torsion term for  cx-cx-cx-hc
        atoms are: C6 C9 C10 H5
 ** Warning: No sp2 improper torsion term for  cx-cx-cx-hc
        atoms are: C6 C9 C10 H6
 ** Warning: No sp2 improper torsion term for  cx-hc-cx-hc
        atoms are: C6 H5 C10 H6
 ** Warning: No sp2 improper torsion term for  cx-hc-cx-hc
        atoms are: C9 H5 C10 H6
 ** Warning: No sp2 improper torsion term for  cx-cx-cx-hc
        atoms are: C6 C10 C9 H3
 ** Warning: No sp2 improper torsion term for  cx-cx-cx-hc
        atoms are: C6 C10 C9 H4
 ** Warning: No sp2 improper torsion term for  cx-hc-cx-hc
        atoms are: C6 H3 C9 H4
 ** Warning: No sp2 improper torsion term for  cx-hc-cx-hc
        atoms are: C10 H3 C9 H4
 ** Warning: No sp2 improper torsion term for  n-cx-cx-cx
        atoms are: N1 C9 C6 C10
 ** Warning: No sp2 improper torsion term for  n-cx-cx-h1
        atoms are: N1 C9 C6 H2
 ** Warning: No sp2 improper torsion term for  n-cx-cx-h1
        atoms are: N1 C10 C6 H2
 ** Warning: No sp2 improper torsion term for  cx-cx-cx-h1
        atoms are: C9 C10 C6 H2
 ** Warning: No sp2 improper torsion term for  cx-cx-cx-hc
        atoms are: C6 C9 C10 H5
 ** Warning: No sp2 improper torsion term for  cx-cx-cx-hc
        atoms are: C6 C9 C10 H6
 ** Warning: No sp2 improper torsion term for  cx-hc-cx-hc
        atoms are: C6 H5 C10 H6
 ** Warning: No sp2 improper torsion term for  cx-hc-cx-hc
        atoms are: C9 H5 C10 H6
 ** Warning: No sp2 improper torsion term for  cx-cx-cx-hc
        atoms are: C6 C10 C9 H3
 ** Warning: No sp2 improper torsion term for  cx-cx-cx-hc
        atoms are: C6 C10 C9 H4
 ** Warning: No sp2 improper torsion term for  cx-hc-cx-hc
        atoms are: C6 H3 C9 H4
 ** Warning: No sp2 improper torsion term for  cx-hc-cx-hc
        atoms are: C10 H3 C9 H4
 ** Warning: No sp2 improper torsion term for  n-cx-cx-cx
        atoms are: N1 C9 C6 C10
 ** Warning: No sp2 improper torsion term for  n-cx-cx-h1
        atoms are: N1 C9 C6 H2
 ** Warning: No sp2 improper torsion term for  n-cx-cx-h1
        atoms are: N1 C10 C6 H2
 ** Warning: No sp2 improper torsion term for  cx-cx-cx-h1
        atoms are: C9 C10 C6 H2
 ** Warning: No sp2 improper torsion term for  cx-cx-cx-hc
        atoms are: C6 C9 C10 H5
 ** Warning: No sp2 improper torsion term for  cx-cx-cx-hc
        atoms are: C6 C9 C10 H6
 ** Warning: No sp2 improper torsion term for  cx-hc-cx-hc
        atoms are: C6 H5 C10 H6
 ** Warning: No sp2 improper torsion term for  cx-hc-cx-hc
        atoms are: C9 H5 C10 H6
 ** Warning: No sp2 improper torsion term for  cx-cx-cx-hc
        atoms are: C6 C10 C9 H3
 ** Warning: No sp2 improper torsion term for  cx-cx-cx-hc
        atoms are: C6 C10 C9 H4
 ** Warning: No sp2 improper torsion term for  cx-hc-cx-hc
        atoms are: C6 H3 C9 H4
 ** Warning: No sp2 improper torsion term for  cx-hc-cx-hc
        atoms are: C10 H3 C9 H4
 ** Warning: No sp2 improper torsion term for  n-cx-cx-cx
        atoms are: N1 C9 C6 C10
 ** Warning: No sp2 improper torsion term for  n-cx-cx-h1
        atoms are: N1 C9 C6 H2
 ** Warning: No sp2 improper torsion term for  n-cx-cx-h1
        atoms are: N1 C10 C6 H2
 ** Warning: No sp2 improper torsion term for  cx-cx-cx-h1
        atoms are: C9 C10 C6 H2
 ** Warning: No sp2 improper torsion term for  cx-cx-cx-hc
        atoms are: C6 C9 C10 H5
 ** Warning: No sp2 improper torsion term for  cx-cx-cx-hc
        atoms are: C6 C9 C10 H6
 ** Warning: No sp2 improper torsion term for  cx-hc-cx-hc
        atoms are: C6 H5 C10 H6
 ** Warning: No sp2 improper torsion term for  cx-hc-cx-hc
        atoms are: C9 H5 C10 H6
 ** Warning: No sp2 improper torsion term for  cx-cx-cx-hc
        atoms are: C6 C10 C9 H3
 ** Warning: No sp2 improper torsion term for  cx-cx-cx-hc
        atoms are: C6 C10 C9 H4
 ** Warning: No sp2 improper torsion term for  cx-hc-cx-hc
        atoms are: C6 H3 C9 H4
 ** Warning: No sp2 improper torsion term for  cx-hc-cx-hc
        atoms are: C10 H3 C9 H4
 ** Warning: No sp2 improper torsion term for  n-cx-cx-cx
        atoms are: N1 C9 C6 C10
 ** Warning: No sp2 improper torsion term for  n-cx-cx-h1
        atoms are: N1 C9 C6 H2
 ** Warning: No sp2 improper torsion term for  n-cx-cx-h1
        atoms are: N1 C10 C6 H2
 ** Warning: No sp2 improper torsion term for  cx-cx-cx-h1
        atoms are: C9 C10 C6 H2
 ** Warning: No sp2 improper torsion term for  cx-cx-cx-hc
        atoms are: C6 C9 C10 H5
 ** Warning: No sp2 improper torsion term for  cx-cx-cx-hc
        atoms are: C6 C9 C10 H6
 ** Warning: No sp2 improper torsion term for  cx-hc-cx-hc
        atoms are: C6 H5 C10 H6
 ** Warning: No sp2 improper torsion term for  cx-hc-cx-hc
        atoms are: C9 H5 C10 H6
 ** Warning: No sp2 improper torsion term for  cx-cx-cx-hc
        atoms are: C6 C10 C9 H3
 ** Warning: No sp2 improper torsion term for  cx-cx-cx-hc
        atoms are: C6 C10 C9 H4
 ** Warning: No sp2 improper torsion term for  cx-hc-cx-hc
        atoms are: C6 H3 C9 H4
 ** Warning: No sp2 improper torsion term for  cx-hc-cx-hc
        atoms are: C10 H3 C9 H4
 ** Warning: No sp2 improper torsion term for  n-cx-cx-cx
        atoms are: N1 C9 C6 C10
 ** Warning: No sp2 improper torsion term for  n-cx-cx-h1
        atoms are: N1 C9 C6 H2
 ** Warning: No sp2 improper torsion term for  n-cx-cx-h1
        atoms are: N1 C10 C6 H2
 ** Warning: No sp2 improper torsion term for  cx-cx-cx-h1
        atoms are: C9 C10 C6 H2
 ** Warning: No sp2 improper torsion term for  cx-cx-cx-hc
        atoms are: C6 C9 C10 H5
 ** Warning: No sp2 improper torsion term for  cx-cx-cx-hc
        atoms are: C6 C9 C10 H6
 ** Warning: No sp2 improper torsion term for  cx-hc-cx-hc
        atoms are: C6 H5 C10 H6
 ** Warning: No sp2 improper torsion term for  cx-hc-cx-hc
        atoms are: C9 H5 C10 H6
 ** Warning: No sp2 improper torsion term for  cx-cx-cx-hc
        atoms are: C6 C10 C9 H3
 ** Warning: No sp2 improper torsion term for  cx-cx-cx-hc
        atoms are: C6 C10 C9 H4
 ** Warning: No sp2 improper torsion term for  cx-hc-cx-hc
        atoms are: C6 H3 C9 H4
 ** Warning: No sp2 improper torsion term for  cx-hc-cx-hc
        atoms are: C10 H3 C9 H4
 ** Warning: No sp2 improper torsion term for  n-cx-cx-cx
        atoms are: N1 C9 C6 C10
 ** Warning: No sp2 improper torsion term for  n-cx-cx-h1
        atoms are: N1 C9 C6 H2
 ** Warning: No sp2 improper torsion term for  n-cx-cx-h1
        atoms are: N1 C10 C6 H2
 ** Warning: No sp2 improper torsion term for  cx-cx-cx-h1
        atoms are: C9 C10 C6 H2
 ** Warning: No sp2 improper torsion term for  cx-cx-cx-hc
        atoms are: C6 C9 C10 H5
 ** Warning: No sp2 improper torsion term for  cx-cx-cx-hc
        atoms are: C6 C9 C10 H6
 ** Warning: No sp2 improper torsion term for  cx-hc-cx-hc
        atoms are: C6 H5 C10 H6
 ** Warning: No sp2 improper torsion term for  cx-hc-cx-hc
        atoms are: C9 H5 C10 H6
 ** Warning: No sp2 improper torsion term for  cx-cx-cx-hc
        atoms are: C6 C10 C9 H3
 ** Warning: No sp2 improper torsion term for  cx-cx-cx-hc
        atoms are: C6 C10 C9 H4
 ** Warning: No sp2 improper torsion term for  cx-hc-cx-hc
        atoms are: C6 H3 C9 H4
 ** Warning: No sp2 improper torsion term for  cx-hc-cx-hc
        atoms are: C10 H3 C9 H4
 ** Warning: No sp2 improper torsion term for  n-cx-cx-cx
        atoms are: N1 C9 C6 C10
 ** Warning: No sp2 improper torsion term for  n-cx-cx-h1
        atoms are: N1 C9 C6 H2
 ** Warning: No sp2 improper torsion term for  n-cx-cx-h1
        atoms are: N1 C10 C6 H2
 ** Warning: No sp2 improper torsion term for  cx-cx-cx-h1
        atoms are: C9 C10 C6 H2
 ** Warning: No sp2 improper torsion term for  cx-cx-cx-hc
        atoms are: C6 C9 C10 H5
 ** Warning: No sp2 improper torsion term for  cx-cx-cx-hc
        atoms are: C6 C9 C10 H6
 ** Warning: No sp2 improper torsion term for  cx-hc-cx-hc
        atoms are: C6 H5 C10 H6
 ** Warning: No sp2 improper torsion term for  cx-hc-cx-hc
        atoms are: C9 H5 C10 H6
 ** Warning: No sp2 improper torsion term for  cx-cx-cx-hc
        atoms are: C6 C10 C9 H3
 ** Warning: No sp2 improper torsion term for  cx-cx-cx-hc
        atoms are: C6 C10 C9 H4
 ** Warning: No sp2 improper torsion term for  cx-hc-cx-hc
        atoms are: C6 H3 C9 H4
 ** Warning: No sp2 improper torsion term for  cx-hc-cx-hc
        atoms are: C10 H3 C9 H4
 ** Warning: No sp2 improper torsion term for  n-cx-cx-cx
        atoms are: N1 C9 C6 C10
 ** Warning: No sp2 improper torsion term for  n-cx-cx-h1
        atoms are: N1 C9 C6 H2
 ** Warning: No sp2 improper torsion term for  n-cx-cx-h1
        atoms are: N1 C10 C6 H2
 ** Warning: No sp2 improper torsion term for  cx-cx-cx-h1
        atoms are: C9 C10 C6 H2
 ** Warning: No sp2 improper torsion term for  cx-cx-cx-hc
        atoms are: C6 C9 C10 H5
 ** Warning: No sp2 improper torsion term for  cx-cx-cx-hc
        atoms are: C6 C9 C10 H6
 ** Warning: No sp2 improper torsion term for  cx-hc-cx-hc
        atoms are: C6 H5 C10 H6
 ** Warning: No sp2 improper torsion term for  cx-hc-cx-hc
        atoms are: C9 H5 C10 H6
 ** Warning: No sp2 improper torsion term for  cx-cx-cx-hc
        atoms are: C6 C10 C9 H3
 ** Warning: No sp2 improper torsion term for  cx-cx-cx-hc
        atoms are: C6 C10 C9 H4
 ** Warning: No sp2 improper torsion term for  cx-hc-cx-hc
        atoms are: C6 H3 C9 H4
 ** Warning: No sp2 improper torsion term for  cx-hc-cx-hc
        atoms are: C10 H3 C9 H4
 ** Warning: No sp2 improper torsion term for  n-cx-cx-cx
        atoms are: N1 C9 C6 C10
 ** Warning: No sp2 improper torsion term for  n-cx-cx-h1
        atoms are: N1 C9 C6 H2
 ** Warning: No sp2 improper torsion term for  n-cx-cx-h1
        atoms are: N1 C10 C6 H2
 ** Warning: No sp2 improper torsion term for  cx-cx-cx-h1
        atoms are: C9 C10 C6 H2
 ** Warning: No sp2 improper torsion term for  cx-cx-cx-hc
        atoms are: C6 C9 C10 H5
 ** Warning: No sp2 improper torsion term for  cx-cx-cx-hc
        atoms are: C6 C9 C10 H6
 ** Warning: No sp2 improper torsion term for  cx-hc-cx-hc
        atoms are: C6 H5 C10 H6
 ** Warning: No sp2 improper torsion term for  cx-hc-cx-hc
        atoms are: C9 H5 C10 H6
 ** Warning: No sp2 improper torsion term for  cx-cx-cx-hc
        atoms are: C6 C10 C9 H3
 ** Warning: No sp2 improper torsion term for  cx-cx-cx-hc
        atoms are: C6 C10 C9 H4
 ** Warning: No sp2 improper torsion term for  cx-hc-cx-hc
        atoms are: C6 H3 C9 H4
 ** Warning: No sp2 improper torsion term for  cx-hc-cx-hc
        atoms are: C10 H3 C9 H4
 ** Warning: No sp2 improper torsion term for  n-cx-cx-cx
        atoms are: N1 C9 C6 C10
 ** Warning: No sp2 improper torsion term for  n-cx-cx-h1
        atoms are: N1 C9 C6 H2
 ** Warning: No sp2 improper torsion term for  n-cx-cx-h1
        atoms are: N1 C10 C6 H2
 ** Warning: No sp2 improper torsion term for  cx-cx-cx-h1
        atoms are: C9 C10 C6 H2
 ** Warning: No sp2 improper torsion term for  cx-cx-cx-hc
        atoms are: C6 C9 C10 H5
 ** Warning: No sp2 improper torsion term for  cx-cx-cx-hc
        atoms are: C6 C9 C10 H6
 ** Warning: No sp2 improper torsion term for  cx-hc-cx-hc
        atoms are: C6 H5 C10 H6
 ** Warning: No sp2 improper torsion term for  cx-hc-cx-hc
        atoms are: C9 H5 C10 H6
 ** Warning: No sp2 improper torsion term for  cx-cx-cx-hc
        atoms are: C6 C10 C9 H3
 ** Warning: No sp2 improper torsion term for  cx-cx-cx-hc
        atoms are: C6 C10 C9 H4
 ** Warning: No sp2 improper torsion term for  cx-hc-cx-hc
        atoms are: C6 H3 C9 H4
 ** Warning: No sp2 improper torsion term for  cx-hc-cx-hc
        atoms are: C10 H3 C9 H4
 ** Warning: No sp2 improper torsion term for  n-cx-cx-cx
        atoms are: N1 C9 C6 C10
 ** Warning: No sp2 improper torsion term for  n-cx-cx-h1
        atoms are: N1 C9 C6 H2
 ** Warning: No sp2 improper torsion term for  n-cx-cx-h1
        atoms are: N1 C10 C6 H2
 ** Warning: No sp2 improper torsion term for  cx-cx-cx-h1
        atoms are: C9 C10 C6 H2
 ** Warning: No sp2 improper torsion term for  cx-cx-cx-hc
        atoms are: C6 C9 C10 H5
 ** Warning: No sp2 improper torsion term for  cx-cx-cx-hc
        atoms are: C6 C9 C10 H6
 ** Warning: No sp2 improper torsion term for  cx-hc-cx-hc
        atoms are: C6 H5 C10 H6
 ** Warning: No sp2 improper torsion term for  cx-hc-cx-hc
        atoms are: C9 H5 C10 H6
 ** Warning: No sp2 improper torsion term for  cx-cx-cx-hc
        atoms are: C6 C10 C9 H3
 ** Warning: No sp2 improper torsion term for  cx-cx-cx-hc
        atoms are: C6 C10 C9 H4
 ** Warning: No sp2 improper torsion term for  cx-hc-cx-hc
        atoms are: C6 H3 C9 H4
 ** Warning: No sp2 improper torsion term for  cx-hc-cx-hc
        atoms are: C10 H3 C9 H4
 ** Warning: No sp2 improper torsion term for  n-cx-cx-cx
        atoms are: N1 C9 C6 C10
 ** Warning: No sp2 improper torsion term for  n-cx-cx-h1
        atoms are: N1 C9 C6 H2
 ** Warning: No sp2 improper torsion term for  n-cx-cx-h1
        atoms are: N1 C10 C6 H2
 ** Warning: No sp2 improper torsion term for  cx-cx-cx-h1
        atoms are: C9 C10 C6 H2
 ** Warning: No sp2 improper torsion term for  cx-cx-cx-hc
        atoms are: C6 C9 C10 H5
 ** Warning: No sp2 improper torsion term for  cx-cx-cx-hc
        atoms are: C6 C9 C10 H6
 ** Warning: No sp2 improper torsion term for  cx-hc-cx-hc
        atoms are: C6 H5 C10 H6
 ** Warning: No sp2 improper torsion term for  cx-hc-cx-hc
        atoms are: C9 H5 C10 H6
 ** Warning: No sp2 improper torsion term for  cx-cx-cx-hc
        atoms are: C6 C10 C9 H3
 ** Warning: No sp2 improper torsion term for  cx-cx-cx-hc
        atoms are: C6 C10 C9 H4
 ** Warning: No sp2 improper torsion term for  cx-hc-cx-hc
        atoms are: C6 H3 C9 H4
 ** Warning: No sp2 improper torsion term for  cx-hc-cx-hc
        atoms are: C10 H3 C9 H4
 ** Warning: No sp2 improper torsion term for  n-cx-cx-cx
        atoms are: N1 C9 C6 C10
 ** Warning: No sp2 improper torsion term for  n-cx-cx-h1
        atoms are: N1 C9 C6 H2
 ** Warning: No sp2 improper torsion term for  n-cx-cx-h1
        atoms are: N1 C10 C6 H2
 ** Warning: No sp2 improper torsion term for  cx-cx-cx-h1
        atoms are: C9 C10 C6 H2
 ** Warning: No sp2 improper torsion term for  cx-cx-cx-hc
        atoms are: C6 C9 C10 H5
 ** Warning: No sp2 improper torsion term for  cx-cx-cx-hc
        atoms are: C6 C9 C10 H6
 ** Warning: No sp2 improper torsion term for  cx-hc-cx-hc
        atoms are: C6 H5 C10 H6
 ** Warning: No sp2 improper torsion term for  cx-hc-cx-hc
        atoms are: C9 H5 C10 H6
 ** Warning: No sp2 improper torsion term for  cx-cx-cx-hc
        atoms are: C6 C10 C9 H3
 ** Warning: No sp2 improper torsion term for  cx-cx-cx-hc
        atoms are: C6 C10 C9 H4
 ** Warning: No sp2 improper torsion term for  cx-hc-cx-hc
        atoms are: C6 H3 C9 H4
 ** Warning: No sp2 improper torsion term for  cx-hc-cx-hc
        atoms are: C10 H3 C9 H4
 ** Warning: No sp2 improper torsion term for  n-cx-cx-cx
        atoms are: N1 C9 C6 C10
 ** Warning: No sp2 improper torsion term for  n-cx-cx-h1
        atoms are: N1 C9 C6 H2
 ** Warning: No sp2 improper torsion term for  n-cx-cx-h1
        atoms are: N1 C10 C6 H2
 ** Warning: No sp2 improper torsion term for  cx-cx-cx-h1
        atoms are: C9 C10 C6 H2
 ** Warning: No sp2 improper torsion term for  cx-cx-cx-hc
        atoms are: C6 C9 C10 H5
 ** Warning: No sp2 improper torsion term for  cx-cx-cx-hc
        atoms are: C6 C9 C10 H6
 ** Warning: No sp2 improper torsion term for  cx-hc-cx-hc
        atoms are: C6 H5 C10 H6
 ** Warning: No sp2 improper torsion term for  cx-hc-cx-hc
        atoms are: C9 H5 C10 H6
 ** Warning: No sp2 improper torsion term for  cx-cx-cx-hc
        atoms are: C6 C10 C9 H3
 ** Warning: No sp2 improper torsion term for  cx-cx-cx-hc
        atoms are: C6 C10 C9 H4
 ** Warning: No sp2 improper torsion term for  cx-hc-cx-hc
        atoms are: C6 H3 C9 H4
 ** Warning: No sp2 improper torsion term for  cx-hc-cx-hc
        atoms are: C10 H3 C9 H4
 ** Warning: No sp2 improper torsion term for  n-cx-cx-cx
        atoms are: N1 C9 C6 C10
 ** Warning: No sp2 improper torsion term for  n-cx-cx-h1
        atoms are: N1 C9 C6 H2
 ** Warning: No sp2 improper torsion term for  n-cx-cx-h1
        atoms are: N1 C10 C6 H2
 ** Warning: No sp2 improper torsion term for  cx-cx-cx-h1
        atoms are: C9 C10 C6 H2
 ** Warning: No sp2 improper torsion term for  cx-cx-cx-hc
        atoms are: C6 C9 C10 H5
 ** Warning: No sp2 improper torsion term for  cx-cx-cx-hc
        atoms are: C6 C9 C10 H6
 ** Warning: No sp2 improper torsion term for  cx-hc-cx-hc
        atoms are: C6 H5 C10 H6
 ** Warning: No sp2 improper torsion term for  cx-hc-cx-hc
        atoms are: C9 H5 C10 H6
 ** Warning: No sp2 improper torsion term for  cx-cx-cx-hc
        atoms are: C6 C10 C9 H3
 ** Warning: No sp2 improper torsion term for  cx-cx-cx-hc
        atoms are: C6 C10 C9 H4
 ** Warning: No sp2 improper torsion term for  cx-hc-cx-hc
        atoms are: C6 H3 C9 H4
 ** Warning: No sp2 improper torsion term for  cx-hc-cx-hc
        atoms are: C10 H3 C9 H4
 ** Warning: No sp2 improper torsion term for  n-cx-cx-cx
        atoms are: N1 C9 C6 C10
 ** Warning: No sp2 improper torsion term for  n-cx-cx-h1
        atoms are: N1 C9 C6 H2
 ** Warning: No sp2 improper torsion term for  n-cx-cx-h1
        atoms are: N1 C10 C6 H2
 ** Warning: No sp2 improper torsion term for  cx-cx-cx-h1
        atoms are: C9 C10 C6 H2
 ** Warning: No sp2 improper torsion term for  cx-cx-cx-hc
        atoms are: C6 C9 C10 H5
 ** Warning: No sp2 improper torsion term for  cx-cx-cx-hc
        atoms are: C6 C9 C10 H6
 ** Warning: No sp2 improper torsion term for  cx-hc-cx-hc
        atoms are: C6 H5 C10 H6
 ** Warning: No sp2 improper torsion term for  cx-hc-cx-hc
        atoms are: C9 H5 C10 H6
 ** Warning: No sp2 improper torsion term for  cx-cx-cx-hc
        atoms are: C6 C10 C9 H3
 ** Warning: No sp2 improper torsion term for  cx-cx-cx-hc
        atoms are: C6 C10 C9 H4
 ** Warning: No sp2 improper torsion term for  cx-hc-cx-hc
        atoms are: C6 H3 C9 H4
 ** Warning: No sp2 improper torsion term for  cx-hc-cx-hc
        atoms are: C10 H3 C9 H4
 ** Warning: No sp2 improper torsion term for  n-cx-cx-cx
        atoms are: N1 C9 C6 C10
 ** Warning: No sp2 improper torsion term for  n-cx-cx-h1
        atoms are: N1 C9 C6 H2
 ** Warning: No sp2 improper torsion term for  n-cx-cx-h1
        atoms are: N1 C10 C6 H2
 ** Warning: No sp2 improper torsion term for  cx-cx-cx-h1
        atoms are: C9 C10 C6 H2
 ** Warning: No sp2 improper torsion term for  cx-cx-cx-hc
        atoms are: C6 C9 C10 H5
 ** Warning: No sp2 improper torsion term for  cx-cx-cx-hc
        atoms are: C6 C9 C10 H6
 ** Warning: No sp2 improper torsion term for  cx-hc-cx-hc
        atoms are: C6 H5 C10 H6
 ** Warning: No sp2 improper torsion term for  cx-hc-cx-hc
        atoms are: C9 H5 C10 H6
 ** Warning: No sp2 improper torsion term for  cx-cx-cx-hc
        atoms are: C6 C10 C9 H3
 ** Warning: No sp2 improper torsion term for  cx-cx-cx-hc
        atoms are: C6 C10 C9 H4
 ** Warning: No sp2 improper torsion term for  cx-hc-cx-hc
        atoms are: C6 H3 C9 H4
 ** Warning: No sp2 improper torsion term for  cx-hc-cx-hc
        atoms are: C10 H3 C9 H4
 ** Warning: No sp2 improper torsion term for  n-cx-cx-cx
        atoms are: N1 C9 C6 C10
 ** Warning: No sp2 improper torsion term for  n-cx-cx-h1
        atoms are: N1 C9 C6 H2
 ** Warning: No sp2 improper torsion term for  n-cx-cx-h1
        atoms are: N1 C10 C6 H2
 ** Warning: No sp2 improper torsion term for  cx-cx-cx-h1
        atoms are: C9 C10 C6 H2
 ** Warning: No sp2 improper torsion term for  cx-cx-cx-hc
        atoms are: C6 C9 C10 H5
 ** Warning: No sp2 improper torsion term for  cx-cx-cx-hc
        atoms are: C6 C9 C10 H6
 ** Warning: No sp2 improper torsion term for  cx-hc-cx-hc
        atoms are: C6 H5 C10 H6
 ** Warning: No sp2 improper torsion term for  cx-hc-cx-hc
        atoms are: C9 H5 C10 H6
 ** Warning: No sp2 improper torsion term for  cx-cx-cx-hc
        atoms are: C6 C10 C9 H3
 ** Warning: No sp2 improper torsion term for  cx-cx-cx-hc
        atoms are: C6 C10 C9 H4
 ** Warning: No sp2 improper torsion term for  cx-hc-cx-hc
        atoms are: C6 H3 C9 H4
 ** Warning: No sp2 improper torsion term for  cx-hc-cx-hc
        atoms are: C10 H3 C9 H4
 ** Warning: No sp2 improper torsion term for  n-cx-cx-cx
        atoms are: N1 C9 C6 C10
 ** Warning: No sp2 improper torsion term for  n-cx-cx-h1
        atoms are: N1 C9 C6 H2
 ** Warning: No sp2 improper torsion term for  n-cx-cx-h1
        atoms are: N1 C10 C6 H2
 ** Warning: No sp2 improper torsion term for  cx-cx-cx-h1
        atoms are: C9 C10 C6 H2
 ** Warning: No sp2 improper torsion term for  cx-cx-cx-hc
        atoms are: C6 C9 C10 H5
 ** Warning: No sp2 improper torsion term for  cx-cx-cx-hc
        atoms are: C6 C9 C10 H6
 ** Warning: No sp2 improper torsion term for  cx-hc-cx-hc
        atoms are: C6 H5 C10 H6
 ** Warning: No sp2 improper torsion term for  cx-hc-cx-hc
        atoms are: C9 H5 C10 H6
 ** Warning: No sp2 improper torsion term for  cx-cx-cx-hc
        atoms are: C6 C10 C9 H3
 ** Warning: No sp2 improper torsion term for  cx-cx-cx-hc
        atoms are: C6 C10 C9 H4
 ** Warning: No sp2 improper torsion term for  cx-hc-cx-hc
        atoms are: C6 H3 C9 H4
 ** Warning: No sp2 improper torsion term for  cx-hc-cx-hc
        atoms are: C10 H3 C9 H4
 ** Warning: No sp2 improper torsion term for  n-cx-cx-cx
        atoms are: N1 C9 C6 C10
 ** Warning: No sp2 improper torsion term for  n-cx-cx-h1
        atoms are: N1 C9 C6 H2
 ** Warning: No sp2 improper torsion term for  n-cx-cx-h1
        atoms are: N1 C10 C6 H2
 ** Warning: No sp2 improper torsion term for  cx-cx-cx-h1
        atoms are: C9 C10 C6 H2
 ** Warning: No sp2 improper torsion term for  cx-cx-cx-hc
        atoms are: C6 C9 C10 H5
 ** Warning: No sp2 improper torsion term for  cx-cx-cx-hc
        atoms are: C6 C9 C10 H6
 ** Warning: No sp2 improper torsion term for  cx-hc-cx-hc
        atoms are: C6 H5 C10 H6
 ** Warning: No sp2 improper torsion term for  cx-hc-cx-hc
        atoms are: C9 H5 C10 H6
 ** Warning: No sp2 improper torsion term for  cx-cx-cx-hc
        atoms are: C6 C10 C9 H3
 ** Warning: No sp2 improper torsion term for  cx-cx-cx-hc
        atoms are: C6 C10 C9 H4
 ** Warning: No sp2 improper torsion term for  cx-hc-cx-hc
        atoms are: C6 H3 C9 H4
 ** Warning: No sp2 improper torsion term for  cx-hc-cx-hc
        atoms are: C10 H3 C9 H4
 ** Warning: No sp2 improper torsion term for  n-cx-cx-cx
        atoms are: N1 C9 C6 C10
 ** Warning: No sp2 improper torsion term for  n-cx-cx-h1
        atoms are: N1 C9 C6 H2
 ** Warning: No sp2 improper torsion term for  n-cx-cx-h1
        atoms are: N1 C10 C6 H2
 ** Warning: No sp2 improper torsion term for  cx-cx-cx-h1
        atoms are: C9 C10 C6 H2
 ** Warning: No sp2 improper torsion term for  cx-cx-cx-hc
        atoms are: C6 C9 C10 H5
 ** Warning: No sp2 improper torsion term for  cx-cx-cx-hc
        atoms are: C6 C9 C10 H6
 ** Warning: No sp2 improper torsion term for  cx-hc-cx-hc
        atoms are: C6 H5 C10 H6
 ** Warning: No sp2 improper torsion term for  cx-hc-cx-hc
        atoms are: C9 H5 C10 H6
 ** Warning: No sp2 improper torsion term for  cx-cx-cx-hc
        atoms are: C6 C10 C9 H3
 ** Warning: No sp2 improper torsion term for  cx-cx-cx-hc
        atoms are: C6 C10 C9 H4
 ** Warning: No sp2 improper torsion term for  cx-hc-cx-hc
        atoms are: C6 H3 C9 H4
 ** Warning: No sp2 improper torsion term for  cx-hc-cx-hc
        atoms are: C10 H3 C9 H4
 ** Warning: No sp2 improper torsion term for  n-cx-cx-cx
        atoms are: N1 C9 C6 C10
 ** Warning: No sp2 improper torsion term for  n-cx-cx-h1
        atoms are: N1 C9 C6 H2
 ** Warning: No sp2 improper torsion term for  n-cx-cx-h1
        atoms are: N1 C10 C6 H2
 ** Warning: No sp2 improper torsion term for  cx-cx-cx-h1
        atoms are: C9 C10 C6 H2
 ** Warning: No sp2 improper torsion term for  cx-cx-cx-hc
        atoms are: C6 C9 C10 H5
 ** Warning: No sp2 improper torsion term for  cx-cx-cx-hc
        atoms are: C6 C9 C10 H6
 ** Warning: No sp2 improper torsion term for  cx-hc-cx-hc
        atoms are: C6 H5 C10 H6
 ** Warning: No sp2 improper torsion term for  cx-hc-cx-hc
        atoms are: C9 H5 C10 H6
 ** Warning: No sp2 improper torsion term for  cx-cx-cx-hc
        atoms are: C6 C10 C9 H3
 ** Warning: No sp2 improper torsion term for  cx-cx-cx-hc
        atoms are: C6 C10 C9 H4
 ** Warning: No sp2 improper torsion term for  cx-hc-cx-hc
        atoms are: C6 H3 C9 H4
 ** Warning: No sp2 improper torsion term for  cx-hc-cx-hc
        atoms are: C10 H3 C9 H4
 ** Warning: No sp2 improper torsion term for  n-cx-cx-cx
        atoms are: N1 C9 C6 C10
 ** Warning: No sp2 improper torsion term for  n-cx-cx-h1
        atoms are: N1 C9 C6 H2
 ** Warning: No sp2 improper torsion term for  n-cx-cx-h1
        atoms are: N1 C10 C6 H2
 ** Warning: No sp2 improper torsion term for  cx-cx-cx-h1
        atoms are: C9 C10 C6 H2
 ** Warning: No sp2 improper torsion term for  cx-cx-cx-hc
        atoms are: C6 C9 C10 H5
 ** Warning: No sp2 improper torsion term for  cx-cx-cx-hc
        atoms are: C6 C9 C10 H6
 ** Warning: No sp2 improper torsion term for  cx-hc-cx-hc
        atoms are: C6 H5 C10 H6
 ** Warning: No sp2 improper torsion term for  cx-hc-cx-hc
        atoms are: C9 H5 C10 H6
 ** Warning: No sp2 improper torsion term for  cx-cx-cx-hc
        atoms are: C6 C10 C9 H3
 ** Warning: No sp2 improper torsion term for  cx-cx-cx-hc
        atoms are: C6 C10 C9 H4
 ** Warning: No sp2 improper torsion term for  cx-hc-cx-hc
        atoms are: C6 H3 C9 H4
 ** Warning: No sp2 improper torsion term for  cx-hc-cx-hc
        atoms are: C10 H3 C9 H4
 ** Warning: No sp2 improper torsion term for  n-cx-cx-cx
        atoms are: N1 C9 C6 C10
 ** Warning: No sp2 improper torsion term for  n-cx-cx-h1
        atoms are: N1 C9 C6 H2
 ** Warning: No sp2 improper torsion term for  n-cx-cx-h1
        atoms are: N1 C10 C6 H2
 ** Warning: No sp2 improper torsion term for  cx-cx-cx-h1
        atoms are: C9 C10 C6 H2
 ** Warning: No sp2 improper torsion term for  cx-cx-cx-hc
        atoms are: C6 C9 C10 H5
 ** Warning: No sp2 improper torsion term for  cx-cx-cx-hc
        atoms are: C6 C9 C10 H6
 ** Warning: No sp2 improper torsion term for  cx-hc-cx-hc
        atoms are: C6 H5 C10 H6
 ** Warning: No sp2 improper torsion term for  cx-hc-cx-hc
        atoms are: C9 H5 C10 H6
 ** Warning: No sp2 improper torsion term for  cx-cx-cx-hc
        atoms are: C6 C10 C9 H3
 ** Warning: No sp2 improper torsion term for  cx-cx-cx-hc
        atoms are: C6 C10 C9 H4
 ** Warning: No sp2 improper torsion term for  cx-hc-cx-hc
        atoms are: C6 H3 C9 H4
 ** Warning: No sp2 improper torsion term for  cx-hc-cx-hc
        atoms are: C10 H3 C9 H4
 ** Warning: No sp2 improper torsion term for  n-cx-cx-cx
        atoms are: N1 C9 C6 C10
 ** Warning: No sp2 improper torsion term for  n-cx-cx-h1
        atoms are: N1 C9 C6 H2
 ** Warning: No sp2 improper torsion term for  n-cx-cx-h1
        atoms are: N1 C10 C6 H2
 ** Warning: No sp2 improper torsion term for  cx-cx-cx-h1
        atoms are: C9 C10 C6 H2
 ** Warning: No sp2 improper torsion term for  cx-cx-cx-hc
        atoms are: C6 C9 C10 H5
 ** Warning: No sp2 improper torsion term for  cx-cx-cx-hc
        atoms are: C6 C9 C10 H6
 ** Warning: No sp2 improper torsion term for  cx-hc-cx-hc
        atoms are: C6 H5 C10 H6
 ** Warning: No sp2 improper torsion term for  cx-hc-cx-hc
        atoms are: C9 H5 C10 H6
 ** Warning: No sp2 improper torsion term for  cx-cx-cx-hc
        atoms are: C6 C10 C9 H3
 ** Warning: No sp2 improper torsion term for  cx-cx-cx-hc
        atoms are: C6 C10 C9 H4
 ** Warning: No sp2 improper torsion term for  cx-hc-cx-hc
        atoms are: C6 H3 C9 H4
 ** Warning: No sp2 improper torsion term for  cx-hc-cx-hc
        atoms are: C10 H3 C9 H4
 ** Warning: No sp2 improper torsion term for  n-cx-cx-cx
        atoms are: N1 C9 C6 C10
 ** Warning: No sp2 improper torsion term for  n-cx-cx-h1
        atoms are: N1 C9 C6 H2
 ** Warning: No sp2 improper torsion term for  n-cx-cx-h1
        atoms are: N1 C10 C6 H2
 ** Warning: No sp2 improper torsion term for  cx-cx-cx-h1
        atoms are: C9 C10 C6 H2
 ** Warning: No sp2 improper torsion term for  cx-cx-cx-hc
        atoms are: C6 C9 C10 H5
 ** Warning: No sp2 improper torsion term for  cx-cx-cx-hc
        atoms are: C6 C9 C10 H6
 ** Warning: No sp2 improper torsion term for  cx-hc-cx-hc
        atoms are: C6 H5 C10 H6
 ** Warning: No sp2 improper torsion term for  cx-hc-cx-hc
        atoms are: C9 H5 C10 H6
 ** Warning: No sp2 improper torsion term for  cx-cx-cx-hc
        atoms are: C6 C10 C9 H3
 ** Warning: No sp2 improper torsion term for  cx-cx-cx-hc
        atoms are: C6 C10 C9 H4
 ** Warning: No sp2 improper torsion term for  cx-hc-cx-hc
        atoms are: C6 H3 C9 H4
 ** Warning: No sp2 improper torsion term for  cx-hc-cx-hc
        atoms are: C10 H3 C9 H4
 ** Warning: No sp2 improper torsion term for  n-cx-cx-cx
        atoms are: N1 C9 C6 C10
 ** Warning: No sp2 improper torsion term for  n-cx-cx-h1
        atoms are: N1 C9 C6 H2
 ** Warning: No sp2 improper torsion term for  n-cx-cx-h1
        atoms are: N1 C10 C6 H2
 ** Warning: No sp2 improper torsion term for  cx-cx-cx-h1
        atoms are: C9 C10 C6 H2
 ** Warning: No sp2 improper torsion term for  cx-cx-cx-hc
        atoms are: C6 C9 C10 H5
 ** Warning: No sp2 improper torsion term for  cx-cx-cx-hc
        atoms are: C6 C9 C10 H6
 ** Warning: No sp2 improper torsion term for  cx-hc-cx-hc
        atoms are: C6 H5 C10 H6
 ** Warning: No sp2 improper torsion term for  cx-hc-cx-hc
        atoms are: C9 H5 C10 H6
 ** Warning: No sp2 improper torsion term for  cx-cx-cx-hc
        atoms are: C6 C10 C9 H3
 ** Warning: No sp2 improper torsion term for  cx-cx-cx-hc
        atoms are: C6 C10 C9 H4
 ** Warning: No sp2 improper torsion term for  cx-hc-cx-hc
        atoms are: C6 H3 C9 H4
 ** Warning: No sp2 improper torsion term for  cx-hc-cx-hc
        atoms are: C10 H3 C9 H4
 ** Warning: No sp2 improper torsion term for  n-cx-cx-cx
        atoms are: N1 C9 C6 C10
 ** Warning: No sp2 improper torsion term for  n-cx-cx-h1
        atoms are: N1 C9 C6 H2
 ** Warning: No sp2 improper torsion term for  n-cx-cx-h1
        atoms are: N1 C10 C6 H2
 ** Warning: No sp2 improper torsion term for  cx-cx-cx-h1
        atoms are: C9 C10 C6 H2
 ** Warning: No sp2 improper torsion term for  cx-cx-cx-hc
        atoms are: C6 C9 C10 H5
 ** Warning: No sp2 improper torsion term for  cx-cx-cx-hc
        atoms are: C6 C9 C10 H6
 ** Warning: No sp2 improper torsion term for  cx-hc-cx-hc
        atoms are: C6 H5 C10 H6
 ** Warning: No sp2 improper torsion term for  cx-hc-cx-hc
        atoms are: C9 H5 C10 H6
 ** Warning: No sp2 improper torsion term for  cx-cx-cx-hc
        atoms are: C6 C10 C9 H3
 ** Warning: No sp2 improper torsion term for  cx-cx-cx-hc
        atoms are: C6 C10 C9 H4
 ** Warning: No sp2 improper torsion term for  cx-hc-cx-hc
        atoms are: C6 H3 C9 H4
 ** Warning: No sp2 improper torsion term for  cx-hc-cx-hc
        atoms are: C10 H3 C9 H4
 ** Warning: No sp2 improper torsion term for  n-cx-cx-cx
        atoms are: N1 C9 C6 C10
 ** Warning: No sp2 improper torsion term for  n-cx-cx-h1
        atoms are: N1 C9 C6 H2
 ** Warning: No sp2 improper torsion term for  n-cx-cx-h1
        atoms are: N1 C10 C6 H2
 ** Warning: No sp2 improper torsion term for  cx-cx-cx-h1
        atoms are: C9 C10 C6 H2
 ** Warning: No sp2 improper torsion term for  cx-cx-cx-hc
        atoms are: C6 C9 C10 H5
 ** Warning: No sp2 improper torsion term for  cx-cx-cx-hc
        atoms are: C6 C9 C10 H6
 ** Warning: No sp2 improper torsion term for  cx-hc-cx-hc
        atoms are: C6 H5 C10 H6
 ** Warning: No sp2 improper torsion term for  cx-hc-cx-hc
        atoms are: C9 H5 C10 H6
 ** Warning: No sp2 improper torsion term for  cx-cx-cx-hc
        atoms are: C6 C10 C9 H3
 ** Warning: No sp2 improper torsion term for  cx-cx-cx-hc
        atoms are: C6 C10 C9 H4
 ** Warning: No sp2 improper torsion term for  cx-hc-cx-hc
        atoms are: C6 H3 C9 H4
 ** Warning: No sp2 improper torsion term for  cx-hc-cx-hc
        atoms are: C10 H3 C9 H4
 ** Warning: No sp2 improper torsion term for  n-cx-cx-cx
        atoms are: N1 C9 C6 C10
 ** Warning: No sp2 improper torsion term for  n-cx-cx-h1
        atoms are: N1 C9 C6 H2
 ** Warning: No sp2 improper torsion term for  n-cx-cx-h1
        atoms are: N1 C10 C6 H2
 ** Warning: No sp2 improper torsion term for  cx-cx-cx-h1
        atoms are: C9 C10 C6 H2
 ** Warning: No sp2 improper torsion term for  cx-cx-cx-hc
        atoms are: C6 C9 C10 H5
 ** Warning: No sp2 improper torsion term for  cx-cx-cx-hc
        atoms are: C6 C9 C10 H6
 ** Warning: No sp2 improper torsion term for  cx-hc-cx-hc
        atoms are: C6 H5 C10 H6
 ** Warning: No sp2 improper torsion term for  cx-hc-cx-hc
        atoms are: C9 H5 C10 H6
 ** Warning: No sp2 improper torsion term for  cx-cx-cx-hc
        atoms are: C6 C10 C9 H3
 ** Warning: No sp2 improper torsion term for  cx-cx-cx-hc
        atoms are: C6 C10 C9 H4
 ** Warning: No sp2 improper torsion term for  cx-hc-cx-hc
        atoms are: C6 H3 C9 H4
 ** Warning: No sp2 improper torsion term for  cx-hc-cx-hc
        atoms are: C10 H3 C9 H4
 ** Warning: No sp2 improper torsion term for  n-cx-cx-cx
        atoms are: N1 C9 C6 C10
 ** Warning: No sp2 improper torsion term for  n-cx-cx-h1
        atoms are: N1 C9 C6 H2
 ** Warning: No sp2 improper torsion term for  n-cx-cx-h1
        atoms are: N1 C10 C6 H2
 ** Warning: No sp2 improper torsion term for  cx-cx-cx-h1
        atoms are: C9 C10 C6 H2
 ** Warning: No sp2 improper torsion term for  cx-cx-cx-hc
        atoms are: C6 C9 C10 H5
 ** Warning: No sp2 improper torsion term for  cx-cx-cx-hc
        atoms are: C6 C9 C10 H6
 ** Warning: No sp2 improper torsion term for  cx-hc-cx-hc
        atoms are: C6 H5 C10 H6
 ** Warning: No sp2 improper torsion term for  cx-hc-cx-hc
        atoms are: C9 H5 C10 H6
 ** Warning: No sp2 improper torsion term for  cx-cx-cx-hc
        atoms are: C6 C10 C9 H3
 ** Warning: No sp2 improper torsion term for  cx-cx-cx-hc
        atoms are: C6 C10 C9 H4
 ** Warning: No sp2 improper torsion term for  cx-hc-cx-hc
        atoms are: C6 H3 C9 H4
 ** Warning: No sp2 improper torsion term for  cx-hc-cx-hc
        atoms are: C10 H3 C9 H4
 ** Warning: No sp2 improper torsion term for  n-cx-cx-cx
        atoms are: N1 C9 C6 C10
 ** Warning: No sp2 improper torsion term for  n-cx-cx-h1
        atoms are: N1 C9 C6 H2
 ** Warning: No sp2 improper torsion term for  n-cx-cx-h1
        atoms are: N1 C10 C6 H2
 ** Warning: No sp2 improper torsion term for  cx-cx-cx-h1
        atoms are: C9 C10 C6 H2
 ** Warning: No sp2 improper torsion term for  cx-cx-cx-hc
        atoms are: C6 C9 C10 H5
 ** Warning: No sp2 improper torsion term for  cx-cx-cx-hc
        atoms are: C6 C9 C10 H6
 ** Warning: No sp2 improper torsion term for  cx-hc-cx-hc
        atoms are: C6 H5 C10 H6
 ** Warning: No sp2 improper torsion term for  cx-hc-cx-hc
        atoms are: C9 H5 C10 H6
 ** Warning: No sp2 improper torsion term for  cx-cx-cx-hc
        atoms are: C6 C10 C9 H3
 ** Warning: No sp2 improper torsion term for  cx-cx-cx-hc
        atoms are: C6 C10 C9 H4
 ** Warning: No sp2 improper torsion term for  cx-hc-cx-hc
        atoms are: C6 H3 C9 H4
 ** Warning: No sp2 improper torsion term for  cx-hc-cx-hc
        atoms are: C10 H3 C9 H4
 ** Warning: No sp2 improper torsion term for  n-cx-cx-cx
        atoms are: N1 C9 C6 C10
 ** Warning: No sp2 improper torsion term for  n-cx-cx-h1
        atoms are: N1 C9 C6 H2
 ** Warning: No sp2 improper torsion term for  n-cx-cx-h1
        atoms are: N1 C10 C6 H2
 ** Warning: No sp2 improper torsion term for  cx-cx-cx-h1
        atoms are: C9 C10 C6 H2
 ** Warning: No sp2 improper torsion term for  cx-cx-cx-hc
        atoms are: C6 C9 C10 H5
 ** Warning: No sp2 improper torsion term for  cx-cx-cx-hc
        atoms are: C6 C9 C10 H6
 ** Warning: No sp2 improper torsion term for  cx-hc-cx-hc
        atoms are: C6 H5 C10 H6
 ** Warning: No sp2 improper torsion term for  cx-hc-cx-hc
        atoms are: C9 H5 C10 H6
 ** Warning: No sp2 improper torsion term for  cx-cx-cx-hc
        atoms are: C6 C10 C9 H3
 ** Warning: No sp2 improper torsion term for  cx-cx-cx-hc
        atoms are: C6 C10 C9 H4
 ** Warning: No sp2 improper torsion term for  cx-hc-cx-hc
        atoms are: C6 H3 C9 H4
 ** Warning: No sp2 improper torsion term for  cx-hc-cx-hc
        atoms are: C10 H3 C9 H4
 ** Warning: No sp2 improper torsion term for  n-cx-cx-cx
        atoms are: N1 C9 C6 C10
 ** Warning: No sp2 improper torsion term for  n-cx-cx-h1
        atoms are: N1 C9 C6 H2
 ** Warning: No sp2 improper torsion term for  n-cx-cx-h1
        atoms are: N1 C10 C6 H2
 ** Warning: No sp2 improper torsion term for  cx-cx-cx-h1
        atoms are: C9 C10 C6 H2
 total 1480 improper torsions applied
Building H-Bond parameters.
Incorporating Non-Bonded adjustments.
Not Marking per-residue atom chain types.
Marking per-residue atom chain types.
  (Residues lacking connect0/connect1 - 
   these don't have chain types marked:

	res	total affected

	9TD	50
	DYE	10
  )
 (no restraints)
> quit
	Quit
