            --------------------------------------------------------
                             AMBER SQM VERSION 14
 
                                     By
              Ross C. Walker, Michael F. Crowley, Scott Brozell,
                         Tim Giese, Andreas W. Goetz,
                        Tai-Sung Lee and David A. Case
 
            --------------------------------------------------------
 

--------------------------------------------------------------------------------
  QM CALCULATION INFO
--------------------------------------------------------------------------------

| QMMM: Citation for AMBER QMMM Run:
| QMMM: R.C. Walker, M.F. Crowley and D.A. Case, J. COMP. CHEM. 29:1019, 2008

QMMM: SINGLET STATE CALCULATION
QMMM: RHF CALCULATION, NO. OF DOUBLY OCCUPIED LEVELS = 99

| QMMM: *** Selected Hamiltonian *** 
| QMMM: AM1         

| QMMM: *** Parameter sets in use ***
| QMMM: C : M.J.S.DEWAR et al. JACS, 107, 3902, (1985)
| QMMM: N : M.J.S.DEWAR et al. JACS, 107, 3902, (1985)
| QMMM: S : M.J.S.DEWAR et al. INORG. CHEM., 29, 3881, (1990)
| QMMM: O : M.J.S.DEWAR et al. JACS, 107, 3902, (1985)
| QMMM: F : M.J.S.DEWAR et al. THEOCHEM, 180, 1, (1988)
| QMMM: H : M.J.S.DEWAR et al. JACS, 107, 3902, (1985)

| QMMM: *** SCF convergence criteria ***
| QMMM: Energy change                :  0.1D-09 kcal/mol
| QMMM: Error matrix |FP-PF|         :  0.1D+00 au
| QMMM: Density matrix change        :  0.5D-06
| QMMM: Maximum number of SCF cycles :     1000

| QMMM: *** Diagonalization Routine Information ***
| QMMM: Pseudo diagonalizations are allowed.
| QMMM: Auto diagonalization routine selection is in use.
| QMMM:
| QMMM: Timing diagonalization routines:
| QMMM:                              norbs =      174
| QMMM:    diag iterations used for timing =        5
| QMMM:
| QMMM:              Internal diag routine = 0.044902 seconds
| QMMM:                 Dspev diag routine = 0.054034 seconds
| QMMM:                Dspevd diag routine = 0.038136 seconds
| QMMM:                Dspevx diag routine = 0.144344 seconds
| QMMM:                 Dsyev diag routine = 0.066092 seconds
| QMMM:                Dsyevd diag routine = 0.042485 seconds
| QMMM:                Dsyevr diag routine = 0.043209 seconds
| QMMM:
| QMMM:                Pseudo diag routine = 0.020829 seconds
| QMMM:
| QMMM: Using dspevd routine (diag_routine=3).

  QMMM: QM Region Cartesian Coordinates (*=link atom) 
  QMMM: QM_NO.   MM_NO.  ATOM         X         Y         Z
  QMMM:     1        1      C        2.7450   -2.7360   -1.7380
  QMMM:     2        2      C        2.5350   -1.6670   -2.5180
  QMMM:     3        3      C        1.3100   -1.3650   -2.9800
  QMMM:     4        4      C        0.2640   -2.1540   -2.6450
  QMMM:     5        5      C        0.5040   -3.2290   -1.8630
  QMMM:     6        6      C        1.7270   -3.5340   -1.4000
  QMMM:     7        7      N        3.9580   -2.8470   -1.4110
  QMMM:     8        8      C        4.6000   -1.8910   -1.9360
  QMMM:     9        9      S        3.8020   -0.9640   -2.7400
  QMMM:    10       10      N        5.9220   -1.6670   -1.8080
  QMMM:    11       11      C        6.8870   -2.3270   -1.1110
  QMMM:    12       12      C        6.5490   -3.4650   -0.2510
  QMMM:    13       13      O        8.0270   -1.9460   -1.2280
  QMMM:    14       14      C        7.2840   -3.4330    1.0700
  QMMM:    15       15      C        5.8400   -3.0060    1.0010
  QMMM:    16       16      C        1.1010   -0.3080   -3.7430
  QMMM:    17       17      N        0.8800    0.6250   -4.3940
  QMMM:    18       18      O       -1.0120   -1.9030   -3.0860
  QMMM:    19       19      C       -1.6370   -0.8200   -2.5220
  QMMM:    20       20      C       -1.6270   -0.5840   -1.1950
  QMMM:    21       21      C       -2.2360    0.4770   -0.6370
  QMMM:    22       22      C       -2.9000    1.3310   -1.4420
  QMMM:    23       23      C       -2.9340    1.1170   -2.7640
  QMMM:    24       24      C       -2.3090    0.0550   -3.2910
  QMMM:    25       25      F       -3.5220    2.3840   -0.9290
  QMMM:    26       26      N       -2.2610    0.7870    0.6760
  QMMM:    27       27      C       -1.7060    0.2180    1.7850
  QMMM:    28       28      C       -2.0640    0.9330    3.0800
  QMMM:    29       29      O       -0.9950   -0.7540    1.7710
  QMMM:    30       30      C       -3.4510    1.5320    2.9910
  QMMM:    31       31      C       -3.6200    2.8380    2.7220
  QMMM:    32       32      C       -4.8530    3.3480    2.5920
  QMMM:    33       33      C       -5.9260    2.5570    2.7380
  QMMM:    34       34      C       -5.7880    1.2520    3.0360
  QMMM:    35       35      C       -4.5410    0.7570    3.1280
  QMMM:    36       36      C       -6.9930    0.3440    3.1300
  QMMM:    37       37      F       -8.0270    0.7880    2.4330
  QMMM:    38       38      F       -6.7310   -0.8860    2.7160
  QMMM:    39       39      F       -7.3800    0.2570    4.3940
  QMMM:    40       40      H       -0.3380   -3.8860   -1.5870
  QMMM:    41       41      H        1.8890   -4.4170   -0.7610
  QMMM:    42       42      H        6.2300   -0.8640   -2.3350
  QMMM:    43       43      H        6.3140   -4.4170   -0.7330
  QMMM:    44       44      H        7.5030   -4.3940    1.5320
  QMMM:    45       45      H        8.0190   -2.6560    1.2730
  QMMM:    46       46      H        5.6220   -1.9470    1.1310
  QMMM:    47       47      H        5.0940   -3.6800    1.4200
  QMMM:    48       48      H       -1.0930   -1.3110   -0.5710
  QMMM:    49       49      H       -3.4780    1.8170   -3.4200
  QMMM:    50       50      H       -2.3490   -0.1050   -4.3820
  QMMM:    51       51      H       -2.8160    1.6220    0.8170
  QMMM:    52       52      H       -2.0120    0.2220    3.9370
  QMMM:    53       53      H       -1.2950    1.7180    3.2640
  QMMM:    54       54      H       -2.7460    3.4950    2.5820
  QMMM:    55       55      H       -4.9840    4.4170    2.3520
  QMMM:    56       56      H       -6.9290    2.9970    2.6110
  QMMM:    57       57      H       -4.3970   -0.3190    3.3190

--------------------------------------------------------------------------------
  RESULTS
--------------------------------------------------------------------------------

      iter         sqm energy              rms gradient
      ----    -------------------    -----------------------
xmin    10     -123.6032 kcal/mol        1.7085 kcal/(mol*A)
xmin    20     -124.8054 kcal/mol        0.9599 kcal/(mol*A)
xmin    30     -125.0304 kcal/mol        0.1139 kcal/(mol*A)
xmin    40     -125.0817 kcal/mol        0.1664 kcal/(mol*A)
xmin    50     -125.1968 kcal/mol        0.6329 kcal/(mol*A)
xmin    60     -125.2420 kcal/mol        0.1769 kcal/(mol*A)
xmin    70     -125.3646 kcal/mol        0.2483 kcal/(mol*A)
xmin    80     -125.4387 kcal/mol        0.0783 kcal/(mol*A)
xmin    90     -125.4670 kcal/mol        0.0997 kcal/(mol*A)
xmin   100     -125.4844 kcal/mol        0.0583 kcal/(mol*A)

QMMM: ERROR!
QMMM: Unable to achieve self consistency to the tolerances specified
QMMM: No convergence in SCF after   1000 steps.
QMMM: E =  -0.1350E+07 DeltaE =   0.6934E-01 DeltaP =   0.3223E-01
QMMM: Smallest DeltaE =  -0.4031E-03 DeltaP =   0.4025E-01 Step =    114

