            --------------------------------------------------------
                             AMBER SQM VERSION 14
 
                                     By
              Ross C. Walker, Michael F. Crowley, Scott Brozell,
                         Tim Giese, Andreas W. Goetz,
                        Tai-Sung Lee and David A. Case
 
            --------------------------------------------------------
 

--------------------------------------------------------------------------------
  QM CALCULATION INFO
--------------------------------------------------------------------------------

| QMMM: Citation for AMBER QMMM Run:
| QMMM: R.C. Walker, M.F. Crowley and D.A. Case, J. COMP. CHEM. 29:1019, 2008

QMMM: SINGLET STATE CALCULATION
QMMM: RHF CALCULATION, NO. OF DOUBLY OCCUPIED LEVELS = 83

| QMMM: *** Selected Hamiltonian *** 
| QMMM: AM1         

| QMMM: *** Parameter sets in use ***
| QMMM: C : M.J.S.DEWAR et al. JACS, 107, 3902, (1985)
| QMMM: N : M.J.S.DEWAR et al. JACS, 107, 3902, (1985)
| QMMM: O : M.J.S.DEWAR et al. JACS, 107, 3902, (1985)
| QMMM: Cl: M.J.S.DEWAR et al. THEOCHEM, 180, 1, (1988)
| QMMM: F : M.J.S.DEWAR et al. THEOCHEM, 180, 1, (1988)
| QMMM: H : M.J.S.DEWAR et al. JACS, 107, 3902, (1985)

| QMMM: *** SCF convergence criteria ***
| QMMM: Energy change                :  0.1D-09 kcal/mol
| QMMM: Error matrix |FP-PF|         :  0.1D+00 au
| QMMM: Density matrix change        :  0.5D-06
| QMMM: Maximum number of SCF cycles :     1000

| QMMM: *** Diagonalization Routine Information ***
| QMMM: Pseudo diagonalizations are allowed.
| QMMM: Auto diagonalization routine selection is in use.
| QMMM:
| QMMM: Timing diagonalization routines:
| QMMM:                              norbs =      144
| QMMM:    diag iterations used for timing =       10
| QMMM:
| QMMM:              Internal diag routine = 0.050567 seconds
| QMMM:                 Dspev diag routine = 0.065439 seconds
| QMMM:                Dspevd diag routine = 0.045778 seconds
| QMMM:                Dspevx diag routine = 0.180468 seconds
| QMMM:                 Dsyev diag routine = 0.070085 seconds
| QMMM:                Dsyevd diag routine = 0.053470 seconds
| QMMM:                Dsyevr diag routine = 0.054615 seconds
| QMMM:
| QMMM:                Pseudo diag routine = 0.023542 seconds
| QMMM:
| QMMM: Using dspevd routine (diag_routine=3).

  QMMM: QM Region Cartesian Coordinates (*=link atom) 
  QMMM: QM_NO.   MM_NO.  ATOM         X         Y         Z
  QMMM:     1        1      C        5.4520    0.8420    0.2980
  QMMM:     2        2      C        5.5350    0.2490    1.5020
  QMMM:     3        3      C        5.8190    0.0800   -0.7500
  QMMM:     4        4      C        5.9560   -1.0210    1.5720
  QMMM:     5        5      C        6.2330   -1.1940   -0.5950
  QMMM:     6        6      N        6.2880   -1.7070    0.5650
  QMMM:     7        7      O        5.0320    2.1360    0.1490
  QMMM:     8        8      C        1.5090    2.0980   -0.6450
  QMMM:     9        9      C        0.9510    2.6030    0.4680
  QMMM:    10       10      C        2.8400    1.9490   -0.7450
  QMMM:    11       11      C        1.7800    2.9520    1.4690
  QMMM:    12       12      C        3.6750    2.2890    0.2540
  QMMM:    13       13      C        3.1080    2.7990    1.3630
  QMMM:    14       14      C        6.5960   -1.9350   -1.6830
  QMMM:    15       15      N        6.9920   -3.2050   -1.3700
  QMMM:    16       16      C        7.4210   -4.1680   -2.3840
  QMMM:    17       17      O        6.5830   -1.5490   -2.8290
  QMMM:    18       18      N       -0.3620    2.8080    0.7030
  QMMM:    19       19      C       -1.4930    2.5770   -0.0300
  QMMM:    20       20      N       -2.6420    2.9800    0.5940
  QMMM:    21       21      O       -1.4800    2.0690   -1.1170
  QMMM:    22       22      C       -3.9470    2.9430    0.2480
  QMMM:    23       23      C       -4.4650    2.4510   -0.8890
  QMMM:    24       24      C       -4.8030    3.4560    1.1530
  QMMM:    25       25      C       -5.7900    2.4790   -1.1000
  QMMM:    26       26      C       -6.1380    3.5000    0.9730
  QMMM:    27       27      C       -6.6200    2.9970   -0.1820
  QMMM:    28       28      Cl      -8.3140    2.9940   -0.5350
  QMMM:    29       29      C       -7.0350    4.0990    2.0470
  QMMM:    30       30      F       -7.7210    5.1240    1.5650
  QMMM:    31       31      F       -6.3700    4.5390    3.1040
  QMMM:    32       32      F       -7.9060    3.2010    2.4820
  QMMM:    33       33      H        5.2600    0.7970    2.4180
  QMMM:    34       34      H        5.7650    0.5480   -1.7470
  QMMM:    35       35      H        6.0280   -1.5240    2.5510
  QMMM:    36       36      H        0.9100    1.7920   -1.5140
  QMMM:    37       37      H        3.2630    1.5340   -1.6760
  QMMM:    38       38      H        1.3740    3.3750    2.4040
  QMMM:    39       39      H        3.7530    3.0980    2.2070
  QMMM:    40       40      H        6.9860   -3.4870   -0.3900
  QMMM:    41       41      H        6.5970   -4.3730   -3.1040
  QMMM:    42       42      H        8.3140   -3.7900   -2.9310
  QMMM:    43       43      H        7.6960   -5.1240   -1.8840
  QMMM:    44       44      H       -0.4870    3.2120    1.6200
  QMMM:    45       45      H       -2.5400    3.4020    1.5060
  QMMM:    46       46      H       -3.8440    2.0130   -1.6820
  QMMM:    47       47      H       -4.3800    3.8600    2.0880
  QMMM:    48       48      H       -6.1850    2.0680   -2.0450

--------------------------------------------------------------------------------
  RESULTS
--------------------------------------------------------------------------------

      iter         sqm energy              rms gradient
      ----    -------------------    -----------------------
xmin    10     -149.4722 kcal/mol        0.5956 kcal/(mol*A)
xmin    20     -150.3830 kcal/mol        0.3335 kcal/(mol*A)
xmin    30     -151.0499 kcal/mol        0.7027 kcal/(mol*A)
xmin    40     -151.6387 kcal/mol        0.7990 kcal/(mol*A)
xmin    50     -152.5197 kcal/mol        0.2841 kcal/(mol*A)
xmin    60     -152.7107 kcal/mol        0.1848 kcal/(mol*A)
xmin    70     -152.8362 kcal/mol        0.2279 kcal/(mol*A)
xmin    80     -152.9120 kcal/mol        0.1822 kcal/(mol*A)
xmin    90     -152.9369 kcal/mol        0.1732 kcal/(mol*A)
xmin   100     -152.9687 kcal/mol        0.0925 kcal/(mol*A)
xmin   110     -152.9784 kcal/mol        0.0550 kcal/(mol*A)
xmin   120     -152.9861 kcal/mol        0.0208 kcal/(mol*A)
xmin   130     -152.9975 kcal/mol        0.1048 kcal/(mol*A)
xmin   140     -153.0039 kcal/mol        0.0567 kcal/(mol*A)
xmin   150     -153.0055 kcal/mol        0.0449 kcal/(mol*A)
xmin   160     -153.0061 kcal/mol        0.0195 kcal/(mol*A)
xmin   170     -153.0066 kcal/mol        0.0213 kcal/(mol*A)
xmin   180     -153.0073 kcal/mol        0.0047 kcal/(mol*A)
xmin   190     -153.0075 kcal/mol        0.0054 kcal/(mol*A)
xmin   200     -153.0076 kcal/mol        0.0031 kcal/(mol*A)
xmin   210     -153.0077 kcal/mol        0.0035 kcal/(mol*A)
xmin   220     -153.0077 kcal/mol        0.0024 kcal/(mol*A)
xmin   230     -153.0077 kcal/mol        0.0044 kcal/(mol*A)
xmin   240     -153.0077 kcal/mol        0.0023 kcal/(mol*A)
xmin   250     -153.0077 kcal/mol        0.0010 kcal/(mol*A)
  ... geometry converged !
 
 Final MO eigenvalues (eV):
 -52.0477  -48.6458  -48.6415  -41.6036  -41.2338  -40.4655  -39.8826  -39.0356
 -38.3683  -37.9513  -35.9887  -35.6443  -35.4325  -33.1370  -32.6512  -32.2688
 -32.0906  -31.0191  -29.4694  -27.8479  -27.1955  -25.4671  -24.7226  -24.4448
 -24.1020  -23.9856  -23.1825  -22.1103  -21.5512  -20.1163  -19.9059  -19.8724
 -19.4995  -19.2912  -18.9865  -18.6514  -18.1108  -17.4336  -17.3653  -17.2121
 -17.0924  -16.8335  -16.6487  -16.3817  -16.2487  -16.0441  -15.7587  -15.5996
 -15.5227  -15.5014  -15.2169  -15.1452  -15.0100  -14.9564  -14.7788  -14.7616
 -14.7420  -14.4795  -14.4533  -14.3765  -14.2822  -14.0652  -13.9013  -13.6570
 -13.4445  -13.3516  -13.0670  -12.9829  -12.8925  -12.6021  -12.2046  -12.0010
 -11.8127  -11.7001  -11.3604  -10.8887  -10.7294  -10.4241  -10.3013  -10.2156
  -9.9296   -9.5502   -9.2946   -0.7168   -0.5634   -0.5243   -0.4196   -0.1127
   0.0007    0.4132    0.8353    0.8652    1.4352    1.5278    1.6398    1.8538
   2.0491    2.1255    2.2778    2.5389    2.7536    3.0103    3.0849    3.1992
   3.2634    3.2809    3.3103    3.4305    3.4612    3.4959    3.5065    3.6235
   3.6407    3.6755    3.7430    3.8345    3.9115    3.9378    4.1069    4.1452
   4.2039    4.2534    4.2909    4.4138    4.4452    4.4845    4.5348    4.5976
   4.6304    4.6520    4.6799    4.8234    4.9552    4.9993    5.1011    5.1204
   5.3516    5.3905    5.6270    6.0066    6.2294    6.3954    6.4455    7.0901


 Heat of formation   =       -153.00774559 kcal/mol  (       -6.63491373 eV)

 Total SCF energy    =    -150494.65868688 kcal/mol  (    -6525.93810706 eV)
 Electronic energy   =    -989973.23446639 kcal/mol  (   -42928.46079816 eV)
 Core-core repulsion =     839478.57577951 kcal/mol  (    36402.52269110 eV)
 
    Atomic Charges for Step       1 :
  Atom    Element       Mulliken Charge
     1      C                  0.100
     2      C                 -0.229
     3      C                 -0.145
     4      C                 -0.044
     5      C                 -0.039
     6      N                 -0.155
     7      O                 -0.147
     8      C                 -0.124
     9      C                  0.067
    10      C                 -0.125
    11      C                 -0.167
    12      C                  0.016
    13      C                 -0.101
    14      C                  0.351
    15      N                 -0.360
    16      C                 -0.080
    17      O                 -0.369
    18      N                 -0.314
    19      C                  0.401
    20      N                 -0.319
    21      O                 -0.365
    22      C                  0.072
    23      C                 -0.102
    24      C                 -0.136
    25      C                 -0.111
    26      C                 -0.130
    27      C                 -0.041
    28      Cl                 0.023
    29      C                  0.471
    30      F                 -0.156
    31      F                 -0.171
    32      F                 -0.155
    33      H                  0.160
    34      H                  0.187
    35      H                  0.165
    36      H                  0.176
    37      H                  0.154
    38      H                  0.137
    39      H                  0.156
    40      H                  0.242
    41      H                  0.074
    42      H                  0.115
    43      H                  0.065
    44      H                  0.226
    45      H                  0.228
    46      H                  0.182
    47      H                  0.155
    48      H                  0.161
 Total Mulliken Charge =       0.000
 
                  X        Y        Z     TOTAL  
  QM DIPOLE     0.252    0.161    2.295    2.314
 
 Final Structure

  QMMM: QM Region Cartesian Coordinates (*=link atom) 
  QMMM: QM_NO.   MM_NO.  ATOM         X         Y         Z
  QMMM:     1        1      C        4.8937    0.0345   -0.3980
  QMMM:     2        2      C        4.3349   -0.7677    0.6009
  QMMM:     3        3      C        6.0592   -0.3886   -1.0684
  QMMM:     4        4      C        4.9790   -1.9857    0.8919
  QMMM:     5        5      C        6.6135   -1.6251   -0.6957
  QMMM:     6        6      N        6.0857   -2.4206    0.2711
  QMMM:     7        7      O        4.4091    1.2700   -0.7915
  QMMM:     8        8      C        0.7817    1.4779   -0.1025
  QMMM:     9        9      C        0.7335    2.6816    0.6334
  QMMM:    10       10      C        2.0003    0.9760   -0.5467
  QMMM:    11       11      C        1.9421    3.3647    0.9131
  QMMM:    12       12      C        3.1822    1.6626   -0.2528
  QMMM:    13       13      C        3.1598    2.8543    0.4817
  QMMM:    14       14      C        7.8741   -2.0434   -1.4185
  QMMM:    15       15      N        8.1763   -3.3830   -1.4855
  QMMM:    16       16      C        9.3816   -3.8599   -2.0882
  QMMM:    17       17      O        8.5824   -1.1773   -1.9724
  QMMM:    18       18      N       -0.4677    3.1976    1.1611
  QMMM:    19       19      C       -1.7159    3.0549    0.5173
  QMMM:    20       20      N       -2.7796    3.8390    1.0232
  QMMM:    21       21      O       -1.8802    2.2754   -0.4451
  QMMM:    22       22      C       -4.1203    3.6493    0.6402
  QMMM:    23       23      C       -4.4915    3.2348   -0.6578
  QMMM:    24       24      C       -5.1401    3.9493    1.5706
  QMMM:    25       25      C       -5.8332    3.1285   -0.9980
  QMMM:    26       26      C       -6.4853    3.8489    1.2154
  QMMM:    27       27      C       -6.8404    3.4343   -0.0738
  QMMM:    28       28      Cl      -8.4552    3.2860   -0.5661
  QMMM:    29       29      C       -7.5345    4.1985    2.2720
  QMMM:    30       30      F       -8.3642    5.2381    1.9328
  QMMM:    31       31      F       -7.0111    4.5882    3.4837
  QMMM:    32       32      F       -8.3788    3.1686    2.6041
  QMMM:    33       33      H        3.4298   -0.4654    1.1432
  QMMM:    34       34      H        6.5300    0.2318   -1.8457
  QMMM:    35       35      H        4.5782   -2.6533    1.6769
  QMMM:    36       36      H       -0.1454    0.9318   -0.3461
  QMMM:    37       37      H        2.0355    0.0427   -1.1290
  QMMM:    38       38      H        1.9355    4.3080    1.4812
  QMMM:    39       39      H        4.0994    3.3857    0.6952
  QMMM:    40       40      H        7.6473   -4.0320   -0.9520
  QMMM:    41       41      H        9.1470   -4.7534   -2.7271
  QMMM:    42       42      H        9.8404   -3.0592   -2.7280
  QMMM:    43       43      H       10.1259   -4.1649   -1.3029
  QMMM:    44       44      H       -0.3462    3.9769    1.7720
  QMMM:    45       45      H       -2.6604    4.2700    1.9147
  QMMM:    46       46      H       -3.7216    2.9824   -1.4080
  QMMM:    47       47      H       -4.8855    4.2737    2.5943
  QMMM:    48       48      H       -6.1070    2.7997   -2.0143

           --------- Calculation Completed ----------

